<?xml version="1.0" encoding="UTF-8"?>
<testsuites>
  <testsuite name="C:\xampp\htdocs\ypopsi\phpunit.xml" tests="99" assertions="377" errors="0" failures="0" skipped="0" time="0.026836">
    <testsuite name="Application Test Suite" tests="99" assertions="377" errors="0" failures="0" skipped="0" time="0.026836">
      <testsuite name="ActionModelTest" file="C:\xampp\htdocs\ypopsi\tests\unit\models\ActionModelTest.php" tests="10" assertions="43" errors="0" failures="0" skipped="0" time="0.011118">
        <testcase name="testConstructor" file="C:\xampp\htdocs\ypopsi\tests\unit\models\ActionModelTest.php" line="16" class="ActionModelTest" classname="ActionModelTest" assertions="6" time="0.007640"/>
        <testcase name="testConstructorWithInvalidUserKey" file="C:\xampp\htdocs\ypopsi\tests\unit\models\ActionModelTest.php" line="36" class="ActionModelTest" classname="ActionModelTest" assertions="2" time="0.000811"/>
        <testcase name="testConstructorWithInvalidTypeKey" file="C:\xampp\htdocs\ypopsi\tests\unit\models\ActionModelTest.php" line="52" class="ActionModelTest" classname="ActionModelTest" assertions="2" time="0.000356"/>
        <testcase name="testConstructorWithoutId" file="C:\xampp\htdocs\ypopsi\tests\unit\models\ActionModelTest.php" line="68" class="ActionModelTest" classname="ActionModelTest" assertions="6" time="0.000403"/>
        <testcase name="testConstructorWithoutDescription" file="C:\xampp\htdocs\ypopsi\tests\unit\models\ActionModelTest.php" line="88" class="ActionModelTest" classname="ActionModelTest" assertions="6" time="0.000241"/>
        <testcase name="testConstructorWithoutDate" file="C:\xampp\htdocs\ypopsi\tests\unit\models\ActionModelTest.php" line="108" class="ActionModelTest" classname="ActionModelTest" assertions="6" time="0.000216"/>
        <testcase name="testCreate" file="C:\xampp\htdocs\ypopsi\tests\unit\models\ActionModelTest.php" line="129" class="ActionModelTest" classname="ActionModelTest" assertions="6" time="0.000481"/>
        <testcase name="testFromArray" file="C:\xampp\htdocs\ypopsi\tests\unit\models\ActionModelTest.php" line="148" class="ActionModelTest" classname="ActionModelTest" assertions="6" time="0.000140"/>
        <testcase name="testFromArrayWithEmptyData" file="C:\xampp\htdocs\ypopsi\tests\unit\models\ActionModelTest.php" line="170" class="ActionModelTest" classname="ActionModelTest" assertions="2" time="0.000320"/>
        <testcase name="testToArray" file="C:\xampp\htdocs\ypopsi\tests\unit\models\ActionModelTest.php" line="180" class="ActionModelTest" classname="ActionModelTest" assertions="1" time="0.000509"/>
      </testsuite>
      <testsuite name="EstablishmentModelTest" file="C:\xampp\htdocs\ypopsi\tests\unit\models\EstablishmentModelTest.php" tests="9" assertions="47" errors="0" failures="0" skipped="0" time="0.002427">
        <testcase name="testConstructor" file="C:\xampp\htdocs\ypopsi\tests\unit\models\EstablishmentModelTest.php" line="16" class="EstablishmentModelTest" classname="EstablishmentModelTest" assertions="8" time="0.000355"/>
        <testcase name="testConstructorWithoutId" file="C:\xampp\htdocs\ypopsi\tests\unit\models\EstablishmentModelTest.php" line="40" class="EstablishmentModelTest" classname="EstablishmentModelTest" assertions="8" time="0.000341"/>
        <testcase name="testConstructorWithoutPole" file="C:\xampp\htdocs\ypopsi\tests\unit\models\EstablishmentModelTest.php" line="64" class="EstablishmentModelTest" classname="EstablishmentModelTest" assertions="8" time="0.000129"/>
        <testcase name="testConstructorWithoutDescription" file="C:\xampp\htdocs\ypopsi\tests\unit\models\EstablishmentModelTest.php" line="88" class="EstablishmentModelTest" classname="EstablishmentModelTest" assertions="8" time="0.000154"/>
        <testcase name="testConstructorWithInvalidId" file="C:\xampp\htdocs\ypopsi\tests\unit\models\EstablishmentModelTest.php" line="112" class="EstablishmentModelTest" classname="EstablishmentModelTest" assertions="2" time="0.000834"/>
        <testcase name="testConstructorWithInvalidPole" file="C:\xampp\htdocs\ypopsi\tests\unit\models\EstablishmentModelTest.php" line="130" class="EstablishmentModelTest" classname="EstablishmentModelTest" assertions="2" time="0.000153"/>
        <testcase name="testFromArray" file="C:\xampp\htdocs\ypopsi\tests\unit\models\EstablishmentModelTest.php" line="149" class="EstablishmentModelTest" classname="EstablishmentModelTest" assertions="8" time="0.000216"/>
        <testcase name="testFromArrayWithEmptyData" file="C:\xampp\htdocs\ypopsi\tests\unit\models\EstablishmentModelTest.php" line="175" class="EstablishmentModelTest" classname="EstablishmentModelTest" assertions="2" time="0.000087"/>
        <testcase name="testToArray" file="C:\xampp\htdocs\ypopsi\tests\unit\models\EstablishmentModelTest.php" line="185" class="EstablishmentModelTest" classname="EstablishmentModelTest" assertions="1" time="0.000157"/>
      </testsuite>
      <testsuite name="FeatureModelTest" file="C:\xampp\htdocs\ypopsi\tests\unit\models\FeatureModelTest.php" tests="6" assertions="20" errors="0" failures="0" skipped="0" time="0.000782">
        <testcase name="testConstructor" file="C:\xampp\htdocs\ypopsi\tests\unit\models\FeatureModelTest.php" line="16" class="FeatureModelTest" classname="FeatureModelTest" assertions="5" time="0.000297"/>
        <testcase name="testConstructorWithoutId" file="C:\xampp\htdocs\ypopsi\tests\unit\models\FeatureModelTest.php" line="34" class="FeatureModelTest" classname="FeatureModelTest" assertions="5" time="0.000072"/>
        <testcase name="testConstructorWithInvalidId" file="C:\xampp\htdocs\ypopsi\tests\unit\models\FeatureModelTest.php" line="52" class="FeatureModelTest" classname="FeatureModelTest" assertions="2" time="0.000200"/>
        <testcase name="testFromArray" file="C:\xampp\htdocs\ypopsi\tests\unit\models\FeatureModelTest.php" line="68" class="FeatureModelTest" classname="FeatureModelTest" assertions="5" time="0.000084"/>
        <testcase name="testFromArrayWithEmptyData" file="C:\xampp\htdocs\ypopsi\tests\unit\models\FeatureModelTest.php" line="88" class="FeatureModelTest" classname="FeatureModelTest" assertions="2" time="0.000050"/>
        <testcase name="testToArray" file="C:\xampp\htdocs\ypopsi\tests\unit\models\FeatureModelTest.php" line="98" class="FeatureModelTest" classname="FeatureModelTest" assertions="1" time="0.000080"/>
      </testsuite>
      <testsuite name="GetQualificationModelTest" file="C:\xampp\htdocs\ypopsi\tests\unit\models\GetQualificationModelTest.php" tests="5" assertions="15" errors="0" failures="0" skipped="0" time="0.000923">
        <testcase name="testConstructor" file="C:\xampp\htdocs\ypopsi\tests\unit\models\GetQualificationModelTest.php" line="17" class="GetQualificationModelTest" classname="GetQualificationModelTest" assertions="4" time="0.000445"/>
        <testcase name="testConstructorWithoutId" file="C:\xampp\htdocs\ypopsi\tests\unit\models\GetQualificationModelTest.php" line="33" class="GetQualificationModelTest" classname="GetQualificationModelTest" assertions="4" time="0.000074"/>
        <testcase name="testFromArray" file="C:\xampp\htdocs\ypopsi\tests\unit\models\GetQualificationModelTest.php" line="50" class="GetQualificationModelTest" classname="GetQualificationModelTest" assertions="4" time="0.000079"/>
        <testcase name="testFromArrayWithEmptyData" file="C:\xampp\htdocs\ypopsi\tests\unit\models\GetQualificationModelTest.php" line="68" class="GetQualificationModelTest" classname="GetQualificationModelTest" assertions="2" time="0.000218"/>
        <testcase name="testToArray" file="C:\xampp\htdocs\ypopsi\tests\unit\models\GetQualificationModelTest.php" line="78" class="GetQualificationModelTest" classname="GetQualificationModelTest" assertions="1" time="0.000107"/>
      </testsuite>
      <testsuite name="HaveTheRightToModelTest" file="C:\xampp\htdocs\ypopsi\tests\unit\models\HaveTheRightToModelTest.php" tests="6" assertions="19" errors="0" failures="0" skipped="0" time="0.002229">
        <testcase name="testConstructor" file="C:\xampp\htdocs\ypopsi\tests\unit\models\HaveTheRightToModelTest.php" line="17" class="HaveTheRightToModelTest" classname="HaveTheRightToModelTest" assertions="4" time="0.000574"/>
        <testcase name="testConstructorWithourCandidate" file="C:\xampp\htdocs\ypopsi\tests\unit\models\HaveTheRightToModelTest.php" line="33" class="HaveTheRightToModelTest" classname="HaveTheRightToModelTest" assertions="4" time="0.000107"/>
        <testcase name="testConstructorWithout" file="C:\xampp\htdocs\ypopsi\tests\unit\models\HaveTheRightToModelTest.php" line="49" class="HaveTheRightToModelTest" classname="HaveTheRightToModelTest" assertions="4" time="0.000408"/>
        <testcase name="testFromArray" file="C:\xampp\htdocs\ypopsi\tests\unit\models\HaveTheRightToModelTest.php" line="66" class="HaveTheRightToModelTest" classname="HaveTheRightToModelTest" assertions="4" time="0.000413"/>
        <testcase name="testFromArrayWithEmptyData" file="C:\xampp\htdocs\ypopsi\tests\unit\models\HaveTheRightToModelTest.php" line="84" class="HaveTheRightToModelTest" classname="HaveTheRightToModelTest" assertions="2" time="0.000599"/>
        <testcase name="testToArray" file="C:\xampp\htdocs\ypopsi\tests\unit\models\HaveTheRightToModelTest.php" line="94" class="HaveTheRightToModelTest" classname="HaveTheRightToModelTest" assertions="1" time="0.000129"/>
      </testsuite>
      <testsuite name="HelpModelTest" file="C:\xampp\htdocs\ypopsi\tests\unit\models\HelpModelTest.php" tests="6" assertions="19" errors="0" failures="0" skipped="0" time="0.000717">
        <testcase name="testConstructor" file="C:\xampp\htdocs\ypopsi\tests\unit\models\HelpModelTest.php" line="17" class="HelpModelTest" classname="HelpModelTest" assertions="4" time="0.000273"/>
        <testcase name="testConstructorWithoutId" file="C:\xampp\htdocs\ypopsi\tests\unit\models\HelpModelTest.php" line="33" class="HelpModelTest" classname="HelpModelTest" assertions="4" time="0.000057"/>
        <testcase name="testConstructorWithoutDescription" file="C:\xampp\htdocs\ypopsi\tests\unit\models\HelpModelTest.php" line="49" class="HelpModelTest" classname="HelpModelTest" assertions="4" time="0.000064"/>
        <testcase name="testFromArrayWithValidData" file="C:\xampp\htdocs\ypopsi\tests\unit\models\HelpModelTest.php" line="66" class="HelpModelTest" classname="HelpModelTest" assertions="4" time="0.000064"/>
        <testcase name="testFromArrayWithEmptyData" file="C:\xampp\htdocs\ypopsi\tests\unit\models\HelpModelTest.php" line="84" class="HelpModelTest" classname="HelpModelTest" assertions="2" time="0.000175"/>
        <testcase name="testToArray" file="C:\xampp\htdocs\ypopsi\tests\unit\models\HelpModelTest.php" line="94" class="HelpModelTest" classname="HelpModelTest" assertions="1" time="0.000084"/>
      </testsuite>
      <testsuite name="QualificationModelTest" file="C:\xampp\htdocs\ypopsi\tests\unit\models\QualificationModelTest.php" tests="6" assertions="23" errors="0" failures="0" skipped="0" time="0.000787">
        <testcase name="testConstructor" file="C:\xampp\htdocs\ypopsi\tests\unit\models\QualificationModelTest.php" line="17" class="QualificationModelTest" classname="QualificationModelTest" assertions="5" time="0.000269"/>
        <testcase name="testConstructorWithoutId" file="C:\xampp\htdocs\ypopsi\tests\unit\models\QualificationModelTest.php" line="35" class="QualificationModelTest" classname="QualificationModelTest" assertions="5" time="0.000082"/>
        <testcase name="testConstructorWithoutAbreviation" file="C:\xampp\htdocs\ypopsi\tests\unit\models\QualificationModelTest.php" line="53" class="QualificationModelTest" classname="QualificationModelTest" assertions="5" time="0.000081"/>
        <testcase name="testFromArray" file="C:\xampp\htdocs\ypopsi\tests\unit\models\QualificationModelTest.php" line="72" class="QualificationModelTest" classname="QualificationModelTest" assertions="5" time="0.000086"/>
        <testcase name="testFromArrayWithEmptyData" file="C:\xampp\htdocs\ypopsi\tests\unit\models\QualificationModelTest.php" line="92" class="QualificationModelTest" classname="QualificationModelTest" assertions="2" time="0.000173"/>
        <testcase name="testToArray" file="C:\xampp\htdocs\ypopsi\tests\unit\models\QualificationModelTest.php" line="102" class="QualificationModelTest" classname="QualificationModelTest" assertions="1" time="0.000095"/>
      </testsuite>
      <testsuite name="TypesOfActionsModelTest" file="C:\xampp\htdocs\ypopsi\tests\unit\models\TypesOfActionsModelTest.php" tests="6" assertions="14" errors="0" failures="0" skipped="0" time="0.000742">
        <testcase name="testConstructor" file="C:\xampp\htdocs\ypopsi\tests\unit\models\TypesOfActionsModelTest.php" line="17" class="TypesOfActionsModelTest" classname="TypesOfActionsModelTest" assertions="3" time="0.000224"/>
        <testcase name="testCOnstructorWithoutId" file="C:\xampp\htdocs\ypopsi\tests\unit\models\TypesOfActionsModelTest.php" line="31" class="TypesOfActionsModelTest" classname="TypesOfActionsModelTest" assertions="3" time="0.000060"/>
        <testcase name="testConstructorWithInvalidId" file="C:\xampp\htdocs\ypopsi\tests\unit\models\TypesOfActionsModelTest.php" line="45" class="TypesOfActionsModelTest" classname="TypesOfActionsModelTest" assertions="2" time="0.000186"/>
        <testcase name="testFromArray" file="C:\xampp\htdocs\ypopsi\tests\unit\models\TypesOfActionsModelTest.php" line="59" class="TypesOfActionsModelTest" classname="TypesOfActionsModelTest" assertions="3" time="0.000081"/>
        <testcase name="testFromArrayWithEmptyData" file="C:\xampp\htdocs\ypopsi\tests\unit\models\TypesOfActionsModelTest.php" line="75" class="TypesOfActionsModelTest" classname="TypesOfActionsModelTest" assertions="2" time="0.000079"/>
        <testcase name="testToArray" file="C:\xampp\htdocs\ypopsi\tests\unit\models\TypesOfActionsModelTest.php" line="85" class="TypesOfActionsModelTest" classname="TypesOfActionsModelTest" assertions="1" time="0.000111"/>
      </testsuite>
      <testsuite name="UserModelTest" file="C:\xampp\htdocs\ypopsi\tests\unit\models\UserModelTest.php" tests="34" assertions="97" errors="0" failures="0" skipped="0" time="0.005686">
        <testcase name="testConstructor" file="C:\xampp\htdocs\ypopsi\tests\unit\models\UserModelTest.php" line="17" class="UserModelTest" classname="UserModelTest" assertions="12" time="0.001049"/>
        <testcase name="testConstructorWitoutId" file="C:\xampp\htdocs\ypopsi\tests\unit\models\UserModelTest.php" line="50" class="UserModelTest" classname="UserModelTest" assertions="12" time="0.000131"/>
        <testcase name="testConstructorWithInvalidId" file="C:\xampp\htdocs\ypopsi\tests\unit\models\UserModelTest.php" line="83" class="UserModelTest" classname="UserModelTest" assertions="2" time="0.000223"/>
        <testcase name="testConstructorWithInvalidIdentifier2" file="C:\xampp\htdocs\ypopsi\tests\unit\models\UserModelTest.php" line="106" class="UserModelTest" classname="UserModelTest" assertions="2" time="0.000108"/>
        <testcase name="testConstructorWithInvalidIdentifier3" file="C:\xampp\htdocs\ypopsi\tests\unit\models\UserModelTest.php" line="129" class="UserModelTest" classname="UserModelTest" assertions="2" time="0.000108"/>
        <testcase name="testConstructorWithInvalidIdentifier4" file="C:\xampp\htdocs\ypopsi\tests\unit\models\UserModelTest.php" line="152" class="UserModelTest" classname="UserModelTest" assertions="2" time="0.000108"/>
        <testcase name="testConstructorWithInvalidName1" file="C:\xampp\htdocs\ypopsi\tests\unit\models\UserModelTest.php" line="176" class="UserModelTest" classname="UserModelTest" assertions="2" time="0.000107"/>
        <testcase name="testConstructorWithInvalidName2" file="C:\xampp\htdocs\ypopsi\tests\unit\models\UserModelTest.php" line="199" class="UserModelTest" classname="UserModelTest" assertions="2" time="0.000101"/>
        <testcase name="testConstructorWithInvalidName3" file="C:\xampp\htdocs\ypopsi\tests\unit\models\UserModelTest.php" line="222" class="UserModelTest" classname="UserModelTest" assertions="2" time="0.000121"/>
        <testcase name="testConstructorWithInvalidName4" file="C:\xampp\htdocs\ypopsi\tests\unit\models\UserModelTest.php" line="245" class="UserModelTest" classname="UserModelTest" assertions="2" time="0.000154"/>
        <testcase name="testConstructorWithInvalidName5" file="C:\xampp\htdocs\ypopsi\tests\unit\models\UserModelTest.php" line="268" class="UserModelTest" classname="UserModelTest" assertions="2" time="0.000103"/>
        <testcase name="testConstructorWithInvalidFirstname1" file="C:\xampp\htdocs\ypopsi\tests\unit\models\UserModelTest.php" line="292" class="UserModelTest" classname="UserModelTest" assertions="2" time="0.000255"/>
        <testcase name="testConstructorWithInvalidFirstname2" file="C:\xampp\htdocs\ypopsi\tests\unit\models\UserModelTest.php" line="315" class="UserModelTest" classname="UserModelTest" assertions="2" time="0.000201"/>
        <testcase name="testConstructorWithInvalidFirstname3" file="C:\xampp\htdocs\ypopsi\tests\unit\models\UserModelTest.php" line="338" class="UserModelTest" classname="UserModelTest" assertions="2" time="0.000091"/>
        <testcase name="testConstructorWithInvalidFirstname4" file="C:\xampp\htdocs\ypopsi\tests\unit\models\UserModelTest.php" line="361" class="UserModelTest" classname="UserModelTest" assertions="2" time="0.000111"/>
        <testcase name="testConstructorWithInvalidFirstname5" file="C:\xampp\htdocs\ypopsi\tests\unit\models\UserModelTest.php" line="384" class="UserModelTest" classname="UserModelTest" assertions="2" time="0.000111"/>
        <testcase name="testConstructorWithInvalidEmail1" file="C:\xampp\htdocs\ypopsi\tests\unit\models\UserModelTest.php" line="408" class="UserModelTest" classname="UserModelTest" assertions="2" time="0.000132"/>
        <testcase name="testConstructorWithInvalidEmail2" file="C:\xampp\htdocs\ypopsi\tests\unit\models\UserModelTest.php" line="431" class="UserModelTest" classname="UserModelTest" assertions="2" time="0.000189"/>
        <testcase name="testConstructorWithInvalidEmail3" file="C:\xampp\htdocs\ypopsi\tests\unit\models\UserModelTest.php" line="454" class="UserModelTest" classname="UserModelTest" assertions="2" time="0.000077"/>
        <testcase name="testConstructorWithInvalidEmail4" file="C:\xampp\htdocs\ypopsi\tests\unit\models\UserModelTest.php" line="477" class="UserModelTest" classname="UserModelTest" assertions="2" time="0.000069"/>
        <testcase name="testConstructorWithInvalidEmail5" file="C:\xampp\htdocs\ypopsi\tests\unit\models\UserModelTest.php" line="500" class="UserModelTest" classname="UserModelTest" assertions="2" time="0.000121"/>
        <testcase name="testConstructorWithInvalidEmail6" file="C:\xampp\htdocs\ypopsi\tests\unit\models\UserModelTest.php" line="523" class="UserModelTest" classname="UserModelTest" assertions="2" time="0.000079"/>
        <testcase name="testConstructorWithInvalidEmail7" file="C:\xampp\htdocs\ypopsi\tests\unit\models\UserModelTest.php" line="546" class="UserModelTest" classname="UserModelTest" assertions="2" time="0.000074"/>
        <testcase name="testConstructorWithInvalidEmail8" file="C:\xampp\htdocs\ypopsi\tests\unit\models\UserModelTest.php" line="569" class="UserModelTest" classname="UserModelTest" assertions="2" time="0.000072"/>
        <testcase name="testConstructorWithInvalidEmail9" file="C:\xampp\htdocs\ypopsi\tests\unit\models\UserModelTest.php" line="592" class="UserModelTest" classname="UserModelTest" assertions="2" time="0.000127"/>
        <testcase name="testConstructorWithInvalidEmail10" file="C:\xampp\htdocs\ypopsi\tests\unit\models\UserModelTest.php" line="615" class="UserModelTest" classname="UserModelTest" assertions="2" time="0.000307"/>
        <testcase name="testConstructorWithInvalidEmail11" file="C:\xampp\htdocs\ypopsi\tests\unit\models\UserModelTest.php" line="638" class="UserModelTest" classname="UserModelTest" assertions="2" time="0.000125"/>
        <testcase name="testConstructorWithInvalidRole1" file="C:\xampp\htdocs\ypopsi\tests\unit\models\UserModelTest.php" line="662" class="UserModelTest" classname="UserModelTest" assertions="2" time="0.000103"/>
        <testcase name="testConstructorWithInvalidRole2" file="C:\xampp\htdocs\ypopsi\tests\unit\models\UserModelTest.php" line="685" class="UserModelTest" classname="UserModelTest" assertions="2" time="0.000210"/>
        <testcase name="testConstructorWithInvalidEstablishment1" file="C:\xampp\htdocs\ypopsi\tests\unit\models\UserModelTest.php" line="709" class="UserModelTest" classname="UserModelTest" assertions="2" time="0.000414"/>
        <testcase name="testConstructorWithInvalidEstablishment2" file="C:\xampp\htdocs\ypopsi\tests\unit\models\UserModelTest.php" line="732" class="UserModelTest" classname="UserModelTest" assertions="2" time="0.000123"/>
        <testcase name="testFromArrayWithValidData" file="C:\xampp\htdocs\ypopsi\tests\unit\models\UserModelTest.php" line="756" class="UserModelTest" classname="UserModelTest" assertions="12" time="0.000136"/>
        <testcase name="testFromArrayWithEmptyData" file="C:\xampp\htdocs\ypopsi\tests\unit\models\UserModelTest.php" line="790" class="UserModelTest" classname="UserModelTest" assertions="2" time="0.000079"/>
        <testcase name="testToArray" file="C:\xampp\htdocs\ypopsi\tests\unit\models\UserModelTest.php" line="800" class="UserModelTest" classname="UserModelTest" assertions="1" time="0.000169"/>
      </testsuite>
      <testsuite name="DataFormatManipTest" file="C:\xampp\htdocs\ypopsi\tests\unit\tools\DataFormatManipTest.php" tests="9" assertions="59" errors="0" failures="0" skipped="0" time="0.000733">
        <testcase name="testIsValidKey" file="C:\xampp\htdocs\ypopsi\tests\unit\tools\DataFormatManipTest.php" line="16" class="DataFormatManipTest" classname="DataFormatManipTest" assertions="5" time="0.000092"/>
        <testcase name="testIsValidIdentifier" file="C:\xampp\htdocs\ypopsi\tests\unit\tools\DataFormatManipTest.php" line="30" class="DataFormatManipTest" classname="DataFormatManipTest" assertions="5" time="0.000074"/>
        <testcase name="testIsValidName" file="C:\xampp\htdocs\ypopsi\tests\unit\tools\DataFormatManipTest.php" line="49" class="DataFormatManipTest" classname="DataFormatManipTest" assertions="8" time="0.000055"/>
        <testcase name="testIsValidEmail" file="C:\xampp\htdocs\ypopsi\tests\unit\tools\DataFormatManipTest.php" line="74" class="DataFormatManipTest" classname="DataFormatManipTest" assertions="17" time="0.000119"/>
        <testcase name="testIsValidPhoneNumber" file="C:\xampp\htdocs\ypopsi\tests\unit\tools\DataFormatManipTest.php" line="117" class="DataFormatManipTest" classname="DataFormatManipTest" assertions="9" time="0.000108"/>
        <testcase name="testIsValidPostCode" file="C:\xampp\htdocs\ypopsi\tests\unit\tools\DataFormatManipTest.php" line="144" class="DataFormatManipTest" classname="DataFormatManipTest" assertions="9" time="0.000088"/>
        <testcase name="testNameFormat" file="C:\xampp\htdocs\ypopsi\tests\unit\tools\DataFormatManipTest.php" line="172" class="DataFormatManipTest" classname="DataFormatManipTest" assertions="2" time="0.000077"/>
        <testcase name="testMajusculeFormat" file="C:\xampp\htdocs\ypopsi\tests\unit\tools\DataFormatManipTest.php" line="183" class="DataFormatManipTest" classname="DataFormatManipTest" assertions="2" time="0.000044"/>
        <testcase name="testPhoneNumberFormat" file="C:\xampp\htdocs\ypopsi\tests\unit\tools\DataFormatManipTest.php" line="194" class="DataFormatManipTest" classname="DataFormatManipTest" assertions="2" time="0.000077"/>
      </testsuite>
      <testsuite name="PasswordsManipTest" file="C:\xampp\htdocs\ypopsi\tests\unit\tools\PasswordsManipTest.php" tests="2" assertions="21" errors="0" failures="0" skipped="0" time="0.000691">
        <testcase name="testIsValidPassword" file="C:\xampp\htdocs\ypopsi\tests\unit\tools\PasswordsManipTest.php" line="15" class="PasswordsManipTest" classname="PasswordsManipTest" assertions="15" time="0.000450"/>
        <testcase name="testRandomPassword" file="C:\xampp\htdocs\ypopsi\tests\unit\tools\PasswordsManipTest.php" line="39" class="PasswordsManipTest" classname="PasswordsManipTest" assertions="6" time="0.000241"/>
      </testsuite>
    </testsuite>
  </testsuite>
</testsuites>
