<?xml version="1.0" encoding="UTF-8"?>
<testsuites>
  <testsuite name="CandidateModelTest" file="C:\xampp\htdocs\ypopsi\tests\unit\models\CandidateModelTest.php" tests="32" assertions="336" errors="0" failures="0" skipped="0" time="0.009137">
    <testcase name="testConstructor" file="C:\xampp\htdocs\ypopsi\tests\unit\models\CandidateModelTest.php" line="20" class="CandidateModelTest" classname="CandidateModelTest" assertions="18" time="0.003714"/>
    <testcase name="testConstructorWithoutId" file="C:\xampp\htdocs\ypopsi\tests\unit\models\CandidateModelTest.php" line="67" class="CandidateModelTest" classname="CandidateModelTest" assertions="18" time="0.000257"/>
    <testcase name="testConstructorWithoutName" file="C:\xampp\htdocs\ypopsi\tests\unit\models\CandidateModelTest.php" line="113" class="CandidateModelTest" classname="CandidateModelTest" assertions="18" time="0.000134"/>
    <testcase name="testConstructorWithoutFirstname" file="C:\xampp\htdocs\ypopsi\tests\unit\models\CandidateModelTest.php" line="159" class="CandidateModelTest" classname="CandidateModelTest" assertions="18" time="0.000118"/>
    <testcase name="testConstructorWithoutNameAndFirstname" file="C:\xampp\htdocs\ypopsi\tests\unit\models\CandidateModelTest.php" line="205" class="CandidateModelTest" classname="CandidateModelTest" assertions="2" time="0.000562"/>
    <testcase name="testConstructorWithoutGender" file="C:\xampp\htdocs\ypopsi\tests\unit\models\CandidateModelTest.php" line="237" class="CandidateModelTest" classname="CandidateModelTest" assertions="18" time="0.000142"/>
    <testcase name="testConstructorWithoutEmail" file="C:\xampp\htdocs\ypopsi\tests\unit\models\CandidateModelTest.php" line="283" class="CandidateModelTest" classname="CandidateModelTest" assertions="18" time="0.000120"/>
    <testcase name="testConstructorWithoutPhone" file="C:\xampp\htdocs\ypopsi\tests\unit\models\CandidateModelTest.php" line="329" class="CandidateModelTest" classname="CandidateModelTest" assertions="18" time="0.000142"/>
    <testcase name="testConstructorWithoutAddress" file="C:\xampp\htdocs\ypopsi\tests\unit\models\CandidateModelTest.php" line="375" class="CandidateModelTest" classname="CandidateModelTest" assertions="18" time="0.000120"/>
    <testcase name="testConstructorWithoutCity" file="C:\xampp\htdocs\ypopsi\tests\unit\models\CandidateModelTest.php" line="421" class="CandidateModelTest" classname="CandidateModelTest" assertions="18" time="0.000115"/>
    <testcase name="testConstructorWithoutPostcode" file="C:\xampp\htdocs\ypopsi\tests\unit\models\CandidateModelTest.php" line="467" class="CandidateModelTest" classname="CandidateModelTest" assertions="18" time="0.000117"/>
    <testcase name="testConstructorWithoutAvailability" file="C:\xampp\htdocs\ypopsi\tests\unit\models\CandidateModelTest.php" line="513" class="CandidateModelTest" classname="CandidateModelTest" assertions="18" time="0.000116"/>
    <testcase name="testConstructorWithoutVisit" file="C:\xampp\htdocs\ypopsi\tests\unit\models\CandidateModelTest.php" line="559" class="CandidateModelTest" classname="CandidateModelTest" assertions="18" time="0.000121"/>
    <testcase name="testConstructorWithoutRating" file="C:\xampp\htdocs\ypopsi\tests\unit\models\CandidateModelTest.php" line="605" class="CandidateModelTest" classname="CandidateModelTest" assertions="18" time="0.000109"/>
    <testcase name="testConstructorWithoutDescription" file="C:\xampp\htdocs\ypopsi\tests\unit\models\CandidateModelTest.php" line="651" class="CandidateModelTest" classname="CandidateModelTest" assertions="18" time="0.000181"/>
    <testcase name="testConstructorWithCorrigedPhone1" file="C:\xampp\htdocs\ypopsi\tests\unit\models\CandidateModelTest.php" line="698" class="CandidateModelTest" classname="CandidateModelTest" assertions="18" time="0.000210"/>
    <testcase name="testConstructorWithCorrigedPhone2" file="C:\xampp\htdocs\ypopsi\tests\unit\models\CandidateModelTest.php" line="745" class="CandidateModelTest" classname="CandidateModelTest" assertions="18" time="0.000131"/>
    <testcase name="testConstructorWithCorrigedPhone3" file="C:\xampp\htdocs\ypopsi\tests\unit\models\CandidateModelTest.php" line="792" class="CandidateModelTest" classname="CandidateModelTest" assertions="18" time="0.000121"/>
    <testcase name="testConstructorWithInvalidId" file="C:\xampp\htdocs\ypopsi\tests\unit\models\CandidateModelTest.php" line="841" class="CandidateModelTest" classname="CandidateModelTest" assertions="2" time="0.000073"/>
    <testcase name="testConstructorWithInvalidName" file="C:\xampp\htdocs\ypopsi\tests\unit\models\CandidateModelTest.php" line="872" class="CandidateModelTest" classname="CandidateModelTest" assertions="2" time="0.000069"/>
    <testcase name="testConstructorWithInvalidFirstname" file="C:\xampp\htdocs\ypopsi\tests\unit\models\CandidateModelTest.php" line="903" class="CandidateModelTest" classname="CandidateModelTest" assertions="2" time="0.000067"/>
    <testcase name="testConstructorWithInvalidEmail" file="C:\xampp\htdocs\ypopsi\tests\unit\models\CandidateModelTest.php" line="934" class="CandidateModelTest" classname="CandidateModelTest" assertions="2" time="0.000069"/>
    <testcase name="testConstructorWithInvalidPhone" file="C:\xampp\htdocs\ypopsi\tests\unit\models\CandidateModelTest.php" line="965" class="CandidateModelTest" classname="CandidateModelTest" assertions="2" time="0.000072"/>
    <testcase name="testConstructorWithInvalidCity" file="C:\xampp\htdocs\ypopsi\tests\unit\models\CandidateModelTest.php" line="996" class="CandidateModelTest" classname="CandidateModelTest" assertions="2" time="0.000071"/>
    <testcase name="testConstructorWithInvalidPostcode" file="C:\xampp\htdocs\ypopsi\tests\unit\models\CandidateModelTest.php" line="1027" class="CandidateModelTest" classname="CandidateModelTest" assertions="2" time="0.000382"/>
    <testcase name="testConstructorWithInvalidAvailability" file="C:\xampp\htdocs\ypopsi\tests\unit\models\CandidateModelTest.php" line="1058" class="CandidateModelTest" classname="CandidateModelTest" assertions="2" time="0.000398"/>
    <testcase name="testConstructorWithInvalidVisit" file="C:\xampp\htdocs\ypopsi\tests\unit\models\CandidateModelTest.php" line="1089" class="CandidateModelTest" classname="CandidateModelTest" assertions="2" time="0.000463"/>
    <testcase name="testConstructorWithInvalidRating" file="C:\xampp\htdocs\ypopsi\tests\unit\models\CandidateModelTest.php" line="1120" class="CandidateModelTest" classname="CandidateModelTest" assertions="2" time="0.000129"/>
    <testcase name="testGetId" file="C:\xampp\htdocs\ypopsi\tests\unit\models\CandidateModelTest.php" line="1152" class="CandidateModelTest" classname="CandidateModelTest" assertions="1" time="0.000104"/>
    <testcase name="testCreate" file="C:\xampp\htdocs\ypopsi\tests\unit\models\CandidateModelTest.php" line="1184" class="CandidateModelTest" classname="CandidateModelTest" assertions="3" time="0.000080"/>
    <testcase name="testToArray" file="C:\xampp\htdocs\ypopsi\tests\unit\models\CandidateModelTest.php" line="1211" class="CandidateModelTest" classname="CandidateModelTest" assertions="1" time="0.000512"/>
    <testcase name="testFromArray" file="C:\xampp\htdocs\ypopsi\tests\unit\models\CandidateModelTest.php" line="1260" class="CandidateModelTest" classname="CandidateModelTest" assertions="3" time="0.000120"/>
  </testsuite>
</testsuites>
