<?xml version="1.0" encoding="UTF-8"?>
<testsuites>
  <testsuite name="ActionModelTest" file="C:\xampp\htdocs\ypopsi\tests\unit\models\ActionModelTest.php" tests="5" assertions="21" errors="0" failures="0" skipped="0" time="0.019281">
    <testcase name="testConstructor" file="C:\xampp\htdocs\ypopsi\tests\unit\models\ActionModelTest.php" line="16" class="ActionModelTest" classname="ActionModelTest" assertions="6" time="0.003012"/>
    <testcase name="testCreate" file="C:\xampp\htdocs\ypopsi\tests\unit\models\ActionModelTest.php" line="37" class="ActionModelTest" classname="ActionModelTest" assertions="6" time="0.005627"/>
    <testcase name="testFromArray" file="C:\xampp\htdocs\ypopsi\tests\unit\models\ActionModelTest.php" line="56" class="ActionModelTest" classname="ActionModelTest" assertions="6" time="0.000559"/>
    <testcase name="testFromArrayWithEmptyData" file="C:\xampp\htdocs\ypopsi\tests\unit\models\ActionModelTest.php" line="78" class="ActionModelTest" classname="ActionModelTest" assertions="2" time="0.009545"/>
    <testcase name="testToArray" file="C:\xampp\htdocs\ypopsi\tests\unit\models\ActionModelTest.php" line="88" class="ActionModelTest" classname="ActionModelTest" assertions="1" time="0.000538"/>
  </testsuite>
</testsuites>
