<?xml version="1.0" encoding="UTF-8"?>
<testsuites>
  <testsuite name="ApplicationModelTest" file="C:\xampp\htdocs\ypopsi\tests\unit\models\ApplicationModelTest.php" tests="30" assertions="122" errors="0" failures="0" skipped="0" time="0.009857">
    <testcase name="testConstructor" file="C:\xampp\htdocs\ypopsi\tests\unit\models\ApplicationModelTest.php" line="20" class="ApplicationModelTest" classname="ApplicationModelTest" assertions="11" time="0.002997"/>
    <testcase name="testConstructorWithoutId" file="C:\xampp\htdocs\ypopsi\tests\unit\models\ApplicationModelTest.php" line="54" class="ApplicationModelTest" classname="ApplicationModelTest" assertions="11" time="0.000282"/>
    <testcase name="testConstructorWithoutDate" file="C:\xampp\htdocs\ypopsi\tests\unit\models\ApplicationModelTest.php" line="87" class="ApplicationModelTest" classname="ApplicationModelTest" assertions="11" time="0.000143"/>
    <testcase name="testConstructorWithoutType" file="C:\xampp\htdocs\ypopsi\tests\unit\models\ApplicationModelTest.php" line="120" class="ApplicationModelTest" classname="ApplicationModelTest" assertions="11" time="0.000144"/>
    <testcase name="testConstructorWithoutNeed" file="C:\xampp\htdocs\ypopsi\tests\unit\models\ApplicationModelTest.php" line="153" class="ApplicationModelTest" classname="ApplicationModelTest" assertions="11" time="0.000144"/>
    <testcase name="testConstructorWithouService" file="C:\xampp\htdocs\ypopsi\tests\unit\models\ApplicationModelTest.php" line="186" class="ApplicationModelTest" classname="ApplicationModelTest" assertions="2" time="0.000106"/>
    <testcase name="testConstructorWithoutEstablishment" file="C:\xampp\htdocs\ypopsi\tests\unit\models\ApplicationModelTest.php" line="210" class="ApplicationModelTest" classname="ApplicationModelTest" assertions="11" time="0.000142"/>
    <testcase name="testConstructorWithInvalidId" file="C:\xampp\htdocs\ypopsi\tests\unit\models\ApplicationModelTest.php" line="244" class="ApplicationModelTest" classname="ApplicationModelTest" assertions="2" time="0.000639"/>
    <testcase name="testConstructorWithInvalidDate" file="C:\xampp\htdocs\ypopsi\tests\unit\models\ApplicationModelTest.php" line="269" class="ApplicationModelTest" classname="ApplicationModelTest" assertions="2" time="0.000111"/>
    <testcase name="testConstructorWithInvalidCandidate" file="C:\xampp\htdocs\ypopsi\tests\unit\models\ApplicationModelTest.php" line="294" class="ApplicationModelTest" classname="ApplicationModelTest" assertions="2" time="0.000113"/>
    <testcase name="testConstructorWithInvalidJob" file="C:\xampp\htdocs\ypopsi\tests\unit\models\ApplicationModelTest.php" line="319" class="ApplicationModelTest" classname="ApplicationModelTest" assertions="2" time="0.000112"/>
    <testcase name="testConstructorWithInvalidType" file="C:\xampp\htdocs\ypopsi\tests\unit\models\ApplicationModelTest.php" line="344" class="ApplicationModelTest" classname="ApplicationModelTest" assertions="2" time="0.000111"/>
    <testcase name="testConstructorWithInvalidSource" file="C:\xampp\htdocs\ypopsi\tests\unit\models\ApplicationModelTest.php" line="369" class="ApplicationModelTest" classname="ApplicationModelTest" assertions="2" time="0.000078"/>
    <testcase name="testConstructorWithInvalidNeed" file="C:\xampp\htdocs\ypopsi\tests\unit\models\ApplicationModelTest.php" line="394" class="ApplicationModelTest" classname="ApplicationModelTest" assertions="2" time="0.000070"/>
    <testcase name="testConstructorWithInvalidService" file="C:\xampp\htdocs\ypopsi\tests\unit\models\ApplicationModelTest.php" line="419" class="ApplicationModelTest" classname="ApplicationModelTest" assertions="2" time="0.000072"/>
    <testcase name="testConstructorWithInvalidEstablishment" file="C:\xampp\htdocs\ypopsi\tests\unit\models\ApplicationModelTest.php" line="444" class="ApplicationModelTest" classname="ApplicationModelTest" assertions="2" time="0.000076"/>
    <testcase name="testGetId" file="C:\xampp\htdocs\ypopsi\tests\unit\models\ApplicationModelTest.php" line="470" class="ApplicationModelTest" classname="ApplicationModelTest" assertions="1" time="0.000069"/>
    <testcase name="testGetAccepted" file="C:\xampp\htdocs\ypopsi\tests\unit\models\ApplicationModelTest.php" line="493" class="ApplicationModelTest" classname="ApplicationModelTest" assertions="1" time="0.000286"/>
    <testcase name="testGetRefused" file="C:\xampp\htdocs\ypopsi\tests\unit\models\ApplicationModelTest.php" line="516" class="ApplicationModelTest" classname="ApplicationModelTest" assertions="1" time="0.000351"/>
    <testcase name="testGetDate" file="C:\xampp\htdocs\ypopsi\tests\unit\models\ApplicationModelTest.php" line="539" class="ApplicationModelTest" classname="ApplicationModelTest" assertions="1" time="0.000288"/>
    <testcase name="testGetCandidate" file="C:\xampp\htdocs\ypopsi\tests\unit\models\ApplicationModelTest.php" line="562" class="ApplicationModelTest" classname="ApplicationModelTest" assertions="1" time="0.000293"/>
    <testcase name="testGetJob" file="C:\xampp\htdocs\ypopsi\tests\unit\models\ApplicationModelTest.php" line="585" class="ApplicationModelTest" classname="ApplicationModelTest" assertions="1" time="0.000242"/>
    <testcase name="testGetType" file="C:\xampp\htdocs\ypopsi\tests\unit\models\ApplicationModelTest.php" line="608" class="ApplicationModelTest" classname="ApplicationModelTest" assertions="1" time="0.000236"/>
    <testcase name="testGetSource" file="C:\xampp\htdocs\ypopsi\tests\unit\models\ApplicationModelTest.php" line="631" class="ApplicationModelTest" classname="ApplicationModelTest" assertions="1" time="0.000219"/>
    <testcase name="testGetNeed" file="C:\xampp\htdocs\ypopsi\tests\unit\models\ApplicationModelTest.php" line="654" class="ApplicationModelTest" classname="ApplicationModelTest" assertions="1" time="0.000191"/>
    <testcase name="testGetEstablishment" file="C:\xampp\htdocs\ypopsi\tests\unit\models\ApplicationModelTest.php" line="677" class="ApplicationModelTest" classname="ApplicationModelTest" assertions="1" time="0.000197"/>
    <testcase name="testGetService" file="C:\xampp\htdocs\ypopsi\tests\unit\models\ApplicationModelTest.php" line="700" class="ApplicationModelTest" classname="ApplicationModelTest" assertions="1" time="0.000177"/>
    <testcase name="testCreate" file="C:\xampp\htdocs\ypopsi\tests\unit\models\ApplicationModelTest.php" line="724" class="ApplicationModelTest" classname="ApplicationModelTest" assertions="12" time="0.000241"/>
    <testcase name="testToArray" file="C:\xampp\htdocs\ypopsi\tests\unit\models\ApplicationModelTest.php" line="755" class="ApplicationModelTest" classname="ApplicationModelTest" assertions="1" time="0.001516"/>
    <testcase name="testFromArray" file="C:\xampp\htdocs\ypopsi\tests\unit\models\ApplicationModelTest.php" line="792" class="ApplicationModelTest" classname="ApplicationModelTest" assertions="12" time="0.000211"/>
  </testsuite>
</testsuites>
