<?xml version="1.0" encoding="UTF-8"?>
<testsuites>
  <testsuite name="UserModelTest" file="C:\xampp\htdocs\ypopsi\tests\unit\UserModelTest.php" tests="34" assertions="97" errors="0" failures="0" skipped="0" time="0.006890">
    <testcase name="testConstructor" file="C:\xampp\htdocs\ypopsi\tests\unit\UserModelTest.php" line="17" class="UserModelTest" classname="UserModelTest" assertions="12" time="0.003457"/>
    <testcase name="testConstructorWitoutId" file="C:\xampp\htdocs\ypopsi\tests\unit\UserModelTest.php" line="50" class="UserModelTest" classname="UserModelTest" assertions="12" time="0.000152"/>
    <testcase name="testConstructorWithInvalidId" file="C:\xampp\htdocs\ypopsi\tests\unit\UserModelTest.php" line="83" class="UserModelTest" classname="UserModelTest" assertions="2" time="0.000591"/>
    <testcase name="testConstructorWithInvalidIdentifier2" file="C:\xampp\htdocs\ypopsi\tests\unit\UserModelTest.php" line="106" class="UserModelTest" classname="UserModelTest" assertions="2" time="0.000102"/>
    <testcase name="testConstructorWithInvalidIdentifier3" file="C:\xampp\htdocs\ypopsi\tests\unit\UserModelTest.php" line="129" class="UserModelTest" classname="UserModelTest" assertions="2" time="0.000086"/>
    <testcase name="testConstructorWithInvalidIdentifier4" file="C:\xampp\htdocs\ypopsi\tests\unit\UserModelTest.php" line="152" class="UserModelTest" classname="UserModelTest" assertions="2" time="0.000083"/>
    <testcase name="testConstructorWithInvalidName1" file="C:\xampp\htdocs\ypopsi\tests\unit\UserModelTest.php" line="176" class="UserModelTest" classname="UserModelTest" assertions="2" time="0.000076"/>
    <testcase name="testConstructorWithInvalidName2" file="C:\xampp\htdocs\ypopsi\tests\unit\UserModelTest.php" line="199" class="UserModelTest" classname="UserModelTest" assertions="2" time="0.000070"/>
    <testcase name="testConstructorWithInvalidName3" file="C:\xampp\htdocs\ypopsi\tests\unit\UserModelTest.php" line="222" class="UserModelTest" classname="UserModelTest" assertions="2" time="0.000061"/>
    <testcase name="testConstructorWithInvalidName4" file="C:\xampp\htdocs\ypopsi\tests\unit\UserModelTest.php" line="245" class="UserModelTest" classname="UserModelTest" assertions="2" time="0.000062"/>
    <testcase name="testConstructorWithInvalidName5" file="C:\xampp\htdocs\ypopsi\tests\unit\UserModelTest.php" line="268" class="UserModelTest" classname="UserModelTest" assertions="2" time="0.000059"/>
    <testcase name="testConstructorWithInvalidFirstname1" file="C:\xampp\htdocs\ypopsi\tests\unit\UserModelTest.php" line="292" class="UserModelTest" classname="UserModelTest" assertions="2" time="0.000060"/>
    <testcase name="testConstructorWithInvalidFirstname2" file="C:\xampp\htdocs\ypopsi\tests\unit\UserModelTest.php" line="315" class="UserModelTest" classname="UserModelTest" assertions="2" time="0.000060"/>
    <testcase name="testConstructorWithInvalidFirstname3" file="C:\xampp\htdocs\ypopsi\tests\unit\UserModelTest.php" line="338" class="UserModelTest" classname="UserModelTest" assertions="2" time="0.000059"/>
    <testcase name="testConstructorWithInvalidFirstname4" file="C:\xampp\htdocs\ypopsi\tests\unit\UserModelTest.php" line="361" class="UserModelTest" classname="UserModelTest" assertions="2" time="0.000061"/>
    <testcase name="testConstructorWithInvalidFirstname5" file="C:\xampp\htdocs\ypopsi\tests\unit\UserModelTest.php" line="384" class="UserModelTest" classname="UserModelTest" assertions="2" time="0.000059"/>
    <testcase name="testConstructorWithInvalidEmail1" file="C:\xampp\htdocs\ypopsi\tests\unit\UserModelTest.php" line="408" class="UserModelTest" classname="UserModelTest" assertions="2" time="0.000063"/>
    <testcase name="testConstructorWithInvalidEmail2" file="C:\xampp\htdocs\ypopsi\tests\unit\UserModelTest.php" line="431" class="UserModelTest" classname="UserModelTest" assertions="2" time="0.000064"/>
    <testcase name="testConstructorWithInvalidEmail3" file="C:\xampp\htdocs\ypopsi\tests\unit\UserModelTest.php" line="454" class="UserModelTest" classname="UserModelTest" assertions="2" time="0.000063"/>
    <testcase name="testConstructorWithInvalidEmail4" file="C:\xampp\htdocs\ypopsi\tests\unit\UserModelTest.php" line="477" class="UserModelTest" classname="UserModelTest" assertions="2" time="0.000063"/>
    <testcase name="testConstructorWithInvalidEmail5" file="C:\xampp\htdocs\ypopsi\tests\unit\UserModelTest.php" line="500" class="UserModelTest" classname="UserModelTest" assertions="2" time="0.000062"/>
    <testcase name="testConstructorWithInvalidEmail6" file="C:\xampp\htdocs\ypopsi\tests\unit\UserModelTest.php" line="523" class="UserModelTest" classname="UserModelTest" assertions="2" time="0.000064"/>
    <testcase name="testConstructorWithInvalidEmail7" file="C:\xampp\htdocs\ypopsi\tests\unit\UserModelTest.php" line="546" class="UserModelTest" classname="UserModelTest" assertions="2" time="0.000064"/>
    <testcase name="testConstructorWithInvalidEmail8" file="C:\xampp\htdocs\ypopsi\tests\unit\UserModelTest.php" line="569" class="UserModelTest" classname="UserModelTest" assertions="2" time="0.000062"/>
    <testcase name="testConstructorWithInvalidEmail9" file="C:\xampp\htdocs\ypopsi\tests\unit\UserModelTest.php" line="592" class="UserModelTest" classname="UserModelTest" assertions="2" time="0.000062"/>
    <testcase name="testConstructorWithInvalidEmail10" file="C:\xampp\htdocs\ypopsi\tests\unit\UserModelTest.php" line="615" class="UserModelTest" classname="UserModelTest" assertions="2" time="0.000066"/>
    <testcase name="testConstructorWithInvalidEmail11" file="C:\xampp\htdocs\ypopsi\tests\unit\UserModelTest.php" line="638" class="UserModelTest" classname="UserModelTest" assertions="2" time="0.000065"/>
    <testcase name="testConstructorWithInvalidRole1" file="C:\xampp\htdocs\ypopsi\tests\unit\UserModelTest.php" line="662" class="UserModelTest" classname="UserModelTest" assertions="2" time="0.000060"/>
    <testcase name="testConstructorWithInvalidRole2" file="C:\xampp\htdocs\ypopsi\tests\unit\UserModelTest.php" line="685" class="UserModelTest" classname="UserModelTest" assertions="2" time="0.000059"/>
    <testcase name="testConstructorWithInvalidEstablishment1" file="C:\xampp\htdocs\ypopsi\tests\unit\UserModelTest.php" line="709" class="UserModelTest" classname="UserModelTest" assertions="2" time="0.000061"/>
    <testcase name="testConstructorWithInvalidEstablishment2" file="C:\xampp\htdocs\ypopsi\tests\unit\UserModelTest.php" line="732" class="UserModelTest" classname="UserModelTest" assertions="2" time="0.000062"/>
    <testcase name="testFromArrayWithValidData" file="C:\xampp\htdocs\ypopsi\tests\unit\UserModelTest.php" line="756" class="UserModelTest" classname="UserModelTest" assertions="12" time="0.000082"/>
    <testcase name="testFromArrayWithEmptyData" file="C:\xampp\htdocs\ypopsi\tests\unit\UserModelTest.php" line="790" class="UserModelTest" classname="UserModelTest" assertions="2" time="0.000047"/>
    <testcase name="testToArray" file="C:\xampp\htdocs\ypopsi\tests\unit\UserModelTest.php" line="800" class="UserModelTest" classname="UserModelTest" assertions="1" time="0.000725"/>
  </testsuite>
</testsuites>
