<?xml version="1.0" encoding="UTF-8"?>
<testsuites>
  <testsuite name="C:\xampp\htdocs\ypopsi\phpunit.xml" tests="13" assertions="94" errors="0" failures="0" skipped="0" time="0.005495">
    <testsuite name="Application Test Suite" tests="13" assertions="94" errors="0" failures="0" skipped="0" time="0.005495">
      <testsuite name="DataFormatManipTest" file="C:\xampp\htdocs\ypopsi\tests\unit\DataFormatManipTest.php" tests="9" assertions="59" errors="0" failures="0" skipped="0" time="0.003846">
        <testcase name="testIsValidKey" file="C:\xampp\htdocs\ypopsi\tests\unit\DataFormatManipTest.php" line="16" class="DataFormatManipTest" classname="DataFormatManipTest" assertions="5" time="0.002269"/>
        <testcase name="testIsValidIdentifier" file="C:\xampp\htdocs\ypopsi\tests\unit\DataFormatManipTest.php" line="30" class="DataFormatManipTest" classname="DataFormatManipTest" assertions="5" time="0.000158"/>
        <testcase name="testIsValidName" file="C:\xampp\htdocs\ypopsi\tests\unit\DataFormatManipTest.php" line="49" class="DataFormatManipTest" classname="DataFormatManipTest" assertions="8" time="0.000113"/>
        <testcase name="testIsValidEmail" file="C:\xampp\htdocs\ypopsi\tests\unit\DataFormatManipTest.php" line="74" class="DataFormatManipTest" classname="DataFormatManipTest" assertions="17" time="0.000421"/>
        <testcase name="testIsValidPhoneNumber" file="C:\xampp\htdocs\ypopsi\tests\unit\DataFormatManipTest.php" line="117" class="DataFormatManipTest" classname="DataFormatManipTest" assertions="9" time="0.000076"/>
        <testcase name="testIsValidPostCode" file="C:\xampp\htdocs\ypopsi\tests\unit\DataFormatManipTest.php" line="144" class="DataFormatManipTest" classname="DataFormatManipTest" assertions="9" time="0.000083"/>
        <testcase name="testNameFormat" file="C:\xampp\htdocs\ypopsi\tests\unit\DataFormatManipTest.php" line="172" class="DataFormatManipTest" classname="DataFormatManipTest" assertions="2" time="0.000258"/>
        <testcase name="testMajusculeFormat" file="C:\xampp\htdocs\ypopsi\tests\unit\DataFormatManipTest.php" line="183" class="DataFormatManipTest" classname="DataFormatManipTest" assertions="2" time="0.000048"/>
        <testcase name="testPhoneNumberFormat" file="C:\xampp\htdocs\ypopsi\tests\unit\DataFormatManipTest.php" line="194" class="DataFormatManipTest" classname="DataFormatManipTest" assertions="2" time="0.000418"/>
      </testsuite>
      <testsuite name="PasswordsManipTest" file="C:\xampp\htdocs\ypopsi\tests\unit\PasswordsManipTest.php" tests="2" assertions="21" errors="0" failures="0" skipped="0" time="0.000660">
        <testcase name="testIsValidPassword" file="C:\xampp\htdocs\ypopsi\tests\unit\PasswordsManipTest.php" line="15" class="PasswordsManipTest" classname="PasswordsManipTest" assertions="15" time="0.000315"/>
        <testcase name="testRandomPassword" file="C:\xampp\htdocs\ypopsi\tests\unit\PasswordsManipTest.php" line="39" class="PasswordsManipTest" classname="PasswordsManipTest" assertions="6" time="0.000345"/>
      </testsuite>
      <testsuite name="UserModelTest" file="C:\xampp\htdocs\ypopsi\tests\unit\UserModelTest.php" tests="2" assertions="14" errors="0" failures="0" skipped="0" time="0.000989">
        <testcase name="testConstructorWithValidData" file="C:\xampp\htdocs\ypopsi\tests\unit\UserModelTest.php" line="17" class="UserModelTest" classname="UserModelTest" assertions="12" time="0.000633"/>
        <testcase name="testConstructorWithInvalidId" file="C:\xampp\htdocs\ypopsi\tests\unit\UserModelTest.php" line="49" class="UserModelTest" classname="UserModelTest" assertions="2" time="0.000356"/>
      </testsuite>
    </testsuite>
  </testsuite>
</testsuites>
