<?xml version="1.0" encoding="UTF-8"?>
<testsuites>
  <testsuite name="C:\xampp\htdocs\ypopsi\phpunit.xml" tests="306" assertions="1088" errors="0" failures="0" skipped="0" time="0.035359">
    <testsuite name="Application Test Suite" tests="306" assertions="1088" errors="0" failures="0" skipped="0" time="0.035359">
      <testsuite name="ActionModelTest" file="C:\xampp\htdocs\ypopsi\tests\unit\models\ActionModelTest.php" tests="18" assertions="58" errors="0" failures="0" skipped="0" time="0.005459">
        <testcase name="testConstructor" file="C:\xampp\htdocs\ypopsi\tests\unit\models\ActionModelTest.php" line="20" class="ActionModelTest" classname="ActionModelTest" assertions="6" time="0.003289"/>
        <testcase name="testConstructorWithoutId" file="C:\xampp\htdocs\ypopsi\tests\unit\models\ActionModelTest.php" line="43" class="ActionModelTest" classname="ActionModelTest" assertions="6" time="0.000229"/>
        <testcase name="testConstructorWithoutDescription" file="C:\xampp\htdocs\ypopsi\tests\unit\models\ActionModelTest.php" line="65" class="ActionModelTest" classname="ActionModelTest" assertions="6" time="0.000095"/>
        <testcase name="testConstructorWithoutDate" file="C:\xampp\htdocs\ypopsi\tests\unit\models\ActionModelTest.php" line="87" class="ActionModelTest" classname="ActionModelTest" assertions="6" time="0.000084"/>
        <testcase name="testConstructorWithInvalidId" file="C:\xampp\htdocs\ypopsi\tests\unit\models\ActionModelTest.php" line="111" class="ActionModelTest" classname="ActionModelTest" assertions="2" time="0.000621"/>
        <testcase name="testConstructorWithInvalidDate" file="C:\xampp\htdocs\ypopsi\tests\unit\models\ActionModelTest.php" line="130" class="ActionModelTest" classname="ActionModelTest" assertions="2" time="0.000084"/>
        <testcase name="testConstructorWithInvalidUser" file="C:\xampp\htdocs\ypopsi\tests\unit\models\ActionModelTest.php" line="149" class="ActionModelTest" classname="ActionModelTest" assertions="2" time="0.000066"/>
        <testcase name="testConstructorWithInvalidType" file="C:\xampp\htdocs\ypopsi\tests\unit\models\ActionModelTest.php" line="168" class="ActionModelTest" classname="ActionModelTest" assertions="2" time="0.000064"/>
        <testcase name="testGetId" file="C:\xampp\htdocs\ypopsi\tests\unit\models\ActionModelTest.php" line="186" class="ActionModelTest" classname="ActionModelTest" assertions="1" time="0.000059"/>
        <testcase name="testGetDescription" file="C:\xampp\htdocs\ypopsi\tests\unit\models\ActionModelTest.php" line="201" class="ActionModelTest" classname="ActionModelTest" assertions="1" time="0.000059"/>
        <testcase name="testGetDate" file="C:\xampp\htdocs\ypopsi\tests\unit\models\ActionModelTest.php" line="216" class="ActionModelTest" classname="ActionModelTest" assertions="1" time="0.000053"/>
        <testcase name="testGetUser" file="C:\xampp\htdocs\ypopsi\tests\unit\models\ActionModelTest.php" line="231" class="ActionModelTest" classname="ActionModelTest" assertions="1" time="0.000056"/>
        <testcase name="testGetType" file="C:\xampp\htdocs\ypopsi\tests\unit\models\ActionModelTest.php" line="246" class="ActionModelTest" classname="ActionModelTest" assertions="1" time="0.000057"/>
        <testcase name="testCreate" file="C:\xampp\htdocs\ypopsi\tests\unit\models\ActionModelTest.php" line="264" class="ActionModelTest" classname="ActionModelTest" assertions="6" time="0.000075"/>
        <testcase name="testCreateWithoutDescritpion" file="C:\xampp\htdocs\ypopsi\tests\unit\models\ActionModelTest.php" line="284" class="ActionModelTest" classname="ActionModelTest" assertions="6" time="0.000063"/>
        <testcase name="testFromArray" file="C:\xampp\htdocs\ypopsi\tests\unit\models\ActionModelTest.php" line="305" class="ActionModelTest" classname="ActionModelTest" assertions="6" time="0.000079"/>
        <testcase name="testFromArrayWithEmptyData" file="C:\xampp\htdocs\ypopsi\tests\unit\models\ActionModelTest.php" line="329" class="ActionModelTest" classname="ActionModelTest" assertions="2" time="0.000048"/>
        <testcase name="testToArray" file="C:\xampp\htdocs\ypopsi\tests\unit\models\ActionModelTest.php" line="341" class="ActionModelTest" classname="ActionModelTest" assertions="1" time="0.000379"/>
      </testsuite>
      <testsuite name="ApplicationModelTest" file="C:\xampp\htdocs\ypopsi\tests\unit\models\ApplicationModelTest.php" tests="30" assertions="122" errors="0" failures="0" skipped="0" time="0.002873">
        <testcase name="testConstructor" file="C:\xampp\htdocs\ypopsi\tests\unit\models\ApplicationModelTest.php" line="20" class="ApplicationModelTest" classname="ApplicationModelTest" assertions="11" time="0.000372"/>
        <testcase name="testConstructorWithoutId" file="C:\xampp\htdocs\ypopsi\tests\unit\models\ApplicationModelTest.php" line="54" class="ApplicationModelTest" classname="ApplicationModelTest" assertions="11" time="0.000107"/>
        <testcase name="testConstructorWithoutDate" file="C:\xampp\htdocs\ypopsi\tests\unit\models\ApplicationModelTest.php" line="87" class="ApplicationModelTest" classname="ApplicationModelTest" assertions="11" time="0.000105"/>
        <testcase name="testConstructorWithoutType" file="C:\xampp\htdocs\ypopsi\tests\unit\models\ApplicationModelTest.php" line="120" class="ApplicationModelTest" classname="ApplicationModelTest" assertions="11" time="0.000101"/>
        <testcase name="testConstructorWithoutNeed" file="C:\xampp\htdocs\ypopsi\tests\unit\models\ApplicationModelTest.php" line="153" class="ApplicationModelTest" classname="ApplicationModelTest" assertions="11" time="0.000098"/>
        <testcase name="testConstructorWithouService" file="C:\xampp\htdocs\ypopsi\tests\unit\models\ApplicationModelTest.php" line="186" class="ApplicationModelTest" classname="ApplicationModelTest" assertions="2" time="0.000062"/>
        <testcase name="testConstructorWithoutEstablishment" file="C:\xampp\htdocs\ypopsi\tests\unit\models\ApplicationModelTest.php" line="210" class="ApplicationModelTest" classname="ApplicationModelTest" assertions="11" time="0.000101"/>
        <testcase name="testConstructorWithInvalidId" file="C:\xampp\htdocs\ypopsi\tests\unit\models\ApplicationModelTest.php" line="244" class="ApplicationModelTest" classname="ApplicationModelTest" assertions="2" time="0.000196"/>
        <testcase name="testConstructorWithInvalidDate" file="C:\xampp\htdocs\ypopsi\tests\unit\models\ApplicationModelTest.php" line="269" class="ApplicationModelTest" classname="ApplicationModelTest" assertions="2" time="0.000079"/>
        <testcase name="testConstructorWithInvalidCandidate" file="C:\xampp\htdocs\ypopsi\tests\unit\models\ApplicationModelTest.php" line="294" class="ApplicationModelTest" classname="ApplicationModelTest" assertions="2" time="0.000071"/>
        <testcase name="testConstructorWithInvalidJob" file="C:\xampp\htdocs\ypopsi\tests\unit\models\ApplicationModelTest.php" line="319" class="ApplicationModelTest" classname="ApplicationModelTest" assertions="2" time="0.000068"/>
        <testcase name="testConstructorWithInvalidType" file="C:\xampp\htdocs\ypopsi\tests\unit\models\ApplicationModelTest.php" line="344" class="ApplicationModelTest" classname="ApplicationModelTest" assertions="2" time="0.000072"/>
        <testcase name="testConstructorWithInvalidSource" file="C:\xampp\htdocs\ypopsi\tests\unit\models\ApplicationModelTest.php" line="369" class="ApplicationModelTest" classname="ApplicationModelTest" assertions="2" time="0.000069"/>
        <testcase name="testConstructorWithInvalidNeed" file="C:\xampp\htdocs\ypopsi\tests\unit\models\ApplicationModelTest.php" line="394" class="ApplicationModelTest" classname="ApplicationModelTest" assertions="2" time="0.000070"/>
        <testcase name="testConstructorWithInvalidService" file="C:\xampp\htdocs\ypopsi\tests\unit\models\ApplicationModelTest.php" line="419" class="ApplicationModelTest" classname="ApplicationModelTest" assertions="2" time="0.000069"/>
        <testcase name="testConstructorWithInvalidEstablishment" file="C:\xampp\htdocs\ypopsi\tests\unit\models\ApplicationModelTest.php" line="444" class="ApplicationModelTest" classname="ApplicationModelTest" assertions="2" time="0.000070"/>
        <testcase name="testGetId" file="C:\xampp\htdocs\ypopsi\tests\unit\models\ApplicationModelTest.php" line="470" class="ApplicationModelTest" classname="ApplicationModelTest" assertions="1" time="0.000070"/>
        <testcase name="testGetAccepted" file="C:\xampp\htdocs\ypopsi\tests\unit\models\ApplicationModelTest.php" line="493" class="ApplicationModelTest" classname="ApplicationModelTest" assertions="1" time="0.000191"/>
        <testcase name="testGetRefused" file="C:\xampp\htdocs\ypopsi\tests\unit\models\ApplicationModelTest.php" line="516" class="ApplicationModelTest" classname="ApplicationModelTest" assertions="1" time="0.000069"/>
        <testcase name="testGetDate" file="C:\xampp\htdocs\ypopsi\tests\unit\models\ApplicationModelTest.php" line="539" class="ApplicationModelTest" classname="ApplicationModelTest" assertions="1" time="0.000065"/>
        <testcase name="testGetCandidate" file="C:\xampp\htdocs\ypopsi\tests\unit\models\ApplicationModelTest.php" line="562" class="ApplicationModelTest" classname="ApplicationModelTest" assertions="1" time="0.000067"/>
        <testcase name="testGetJob" file="C:\xampp\htdocs\ypopsi\tests\unit\models\ApplicationModelTest.php" line="585" class="ApplicationModelTest" classname="ApplicationModelTest" assertions="1" time="0.000063"/>
        <testcase name="testGetType" file="C:\xampp\htdocs\ypopsi\tests\unit\models\ApplicationModelTest.php" line="608" class="ApplicationModelTest" classname="ApplicationModelTest" assertions="1" time="0.000064"/>
        <testcase name="testGetSource" file="C:\xampp\htdocs\ypopsi\tests\unit\models\ApplicationModelTest.php" line="631" class="ApplicationModelTest" classname="ApplicationModelTest" assertions="1" time="0.000063"/>
        <testcase name="testGetNeed" file="C:\xampp\htdocs\ypopsi\tests\unit\models\ApplicationModelTest.php" line="654" class="ApplicationModelTest" classname="ApplicationModelTest" assertions="1" time="0.000063"/>
        <testcase name="testGetEstablishment" file="C:\xampp\htdocs\ypopsi\tests\unit\models\ApplicationModelTest.php" line="677" class="ApplicationModelTest" classname="ApplicationModelTest" assertions="1" time="0.000066"/>
        <testcase name="testGetService" file="C:\xampp\htdocs\ypopsi\tests\unit\models\ApplicationModelTest.php" line="700" class="ApplicationModelTest" classname="ApplicationModelTest" assertions="1" time="0.000064"/>
        <testcase name="testCreate" file="C:\xampp\htdocs\ypopsi\tests\unit\models\ApplicationModelTest.php" line="724" class="ApplicationModelTest" classname="ApplicationModelTest" assertions="12" time="0.000095"/>
        <testcase name="testToArray" file="C:\xampp\htdocs\ypopsi\tests\unit\models\ApplicationModelTest.php" line="755" class="ApplicationModelTest" classname="ApplicationModelTest" assertions="1" time="0.000117"/>
        <testcase name="testFromArray" file="C:\xampp\htdocs\ypopsi\tests\unit\models\ApplicationModelTest.php" line="792" class="ApplicationModelTest" classname="ApplicationModelTest" assertions="12" time="0.000107"/>
      </testsuite>
      <testsuite name="CandidateModelTest" file="C:\xampp\htdocs\ypopsi\tests\unit\models\CandidateModelTest.php" tests="29" assertions="282" errors="0" failures="0" skipped="0" time="0.004215">
        <testcase name="testConstructor" file="C:\xampp\htdocs\ypopsi\tests\unit\models\CandidateModelTest.php" line="20" class="CandidateModelTest" classname="CandidateModelTest" assertions="18" time="0.000978"/>
        <testcase name="testConstructorWithoutId" file="C:\xampp\htdocs\ypopsi\tests\unit\models\CandidateModelTest.php" line="67" class="CandidateModelTest" classname="CandidateModelTest" assertions="18" time="0.000167"/>
        <testcase name="testConstructorWithoutName" file="C:\xampp\htdocs\ypopsi\tests\unit\models\CandidateModelTest.php" line="113" class="CandidateModelTest" classname="CandidateModelTest" assertions="18" time="0.000154"/>
        <testcase name="testConstructorWithoutFirstname" file="C:\xampp\htdocs\ypopsi\tests\unit\models\CandidateModelTest.php" line="159" class="CandidateModelTest" classname="CandidateModelTest" assertions="18" time="0.000243"/>
        <testcase name="testConstructorWithoutNameAndFirstname" file="C:\xampp\htdocs\ypopsi\tests\unit\models\CandidateModelTest.php" line="205" class="CandidateModelTest" classname="CandidateModelTest" assertions="2" time="0.000284"/>
        <testcase name="testConstructorWithoutGender" file="C:\xampp\htdocs\ypopsi\tests\unit\models\CandidateModelTest.php" line="237" class="CandidateModelTest" classname="CandidateModelTest" assertions="18" time="0.000135"/>
        <testcase name="testConstructorWithoutEmail" file="C:\xampp\htdocs\ypopsi\tests\unit\models\CandidateModelTest.php" line="283" class="CandidateModelTest" classname="CandidateModelTest" assertions="18" time="0.000114"/>
        <testcase name="testConstructorWithoutPhone" file="C:\xampp\htdocs\ypopsi\tests\unit\models\CandidateModelTest.php" line="329" class="CandidateModelTest" classname="CandidateModelTest" assertions="18" time="0.000106"/>
        <testcase name="testConstructorWithoutAddress" file="C:\xampp\htdocs\ypopsi\tests\unit\models\CandidateModelTest.php" line="375" class="CandidateModelTest" classname="CandidateModelTest" assertions="18" time="0.000111"/>
        <testcase name="testConstructorWithoutCity" file="C:\xampp\htdocs\ypopsi\tests\unit\models\CandidateModelTest.php" line="421" class="CandidateModelTest" classname="CandidateModelTest" assertions="18" time="0.000110"/>
        <testcase name="testConstructorWithoutPostcode" file="C:\xampp\htdocs\ypopsi\tests\unit\models\CandidateModelTest.php" line="467" class="CandidateModelTest" classname="CandidateModelTest" assertions="18" time="0.000172"/>
        <testcase name="testConstructorWithoutAvailability" file="C:\xampp\htdocs\ypopsi\tests\unit\models\CandidateModelTest.php" line="513" class="CandidateModelTest" classname="CandidateModelTest" assertions="18" time="0.000111"/>
        <testcase name="testConstructorWithoutVisit" file="C:\xampp\htdocs\ypopsi\tests\unit\models\CandidateModelTest.php" line="559" class="CandidateModelTest" classname="CandidateModelTest" assertions="18" time="0.000111"/>
        <testcase name="testConstructorWithoutRating" file="C:\xampp\htdocs\ypopsi\tests\unit\models\CandidateModelTest.php" line="605" class="CandidateModelTest" classname="CandidateModelTest" assertions="18" time="0.000160"/>
        <testcase name="testConstructorWithoutDescription" file="C:\xampp\htdocs\ypopsi\tests\unit\models\CandidateModelTest.php" line="651" class="CandidateModelTest" classname="CandidateModelTest" assertions="18" time="0.000123"/>
        <testcase name="testConstructorWithInvalidId" file="C:\xampp\htdocs\ypopsi\tests\unit\models\CandidateModelTest.php" line="698" class="CandidateModelTest" classname="CandidateModelTest" assertions="2" time="0.000133"/>
        <testcase name="testConstructorWithInvalidName" file="C:\xampp\htdocs\ypopsi\tests\unit\models\CandidateModelTest.php" line="729" class="CandidateModelTest" classname="CandidateModelTest" assertions="2" time="0.000091"/>
        <testcase name="testConstructorWithInvalidFirstname" file="C:\xampp\htdocs\ypopsi\tests\unit\models\CandidateModelTest.php" line="760" class="CandidateModelTest" classname="CandidateModelTest" assertions="2" time="0.000069"/>
        <testcase name="testConstructorWithInvalidEmail" file="C:\xampp\htdocs\ypopsi\tests\unit\models\CandidateModelTest.php" line="791" class="CandidateModelTest" classname="CandidateModelTest" assertions="2" time="0.000068"/>
        <testcase name="testConstructorWithInvalidPhone" file="C:\xampp\htdocs\ypopsi\tests\unit\models\CandidateModelTest.php" line="822" class="CandidateModelTest" classname="CandidateModelTest" assertions="2" time="0.000067"/>
        <testcase name="testConstructorWithInvalidCity" file="C:\xampp\htdocs\ypopsi\tests\unit\models\CandidateModelTest.php" line="853" class="CandidateModelTest" classname="CandidateModelTest" assertions="2" time="0.000071"/>
        <testcase name="testConstructorWithInvalidPostcode" file="C:\xampp\htdocs\ypopsi\tests\unit\models\CandidateModelTest.php" line="884" class="CandidateModelTest" classname="CandidateModelTest" assertions="2" time="0.000069"/>
        <testcase name="testConstructorWithInvalidAvailability" file="C:\xampp\htdocs\ypopsi\tests\unit\models\CandidateModelTest.php" line="915" class="CandidateModelTest" classname="CandidateModelTest" assertions="2" time="0.000075"/>
        <testcase name="testConstructorWithInvalidVisit" file="C:\xampp\htdocs\ypopsi\tests\unit\models\CandidateModelTest.php" line="946" class="CandidateModelTest" classname="CandidateModelTest" assertions="2" time="0.000070"/>
        <testcase name="testConstructorWithInvalidRating" file="C:\xampp\htdocs\ypopsi\tests\unit\models\CandidateModelTest.php" line="977" class="CandidateModelTest" classname="CandidateModelTest" assertions="2" time="0.000069"/>
        <testcase name="testGetId" file="C:\xampp\htdocs\ypopsi\tests\unit\models\CandidateModelTest.php" line="1009" class="CandidateModelTest" classname="CandidateModelTest" assertions="1" time="0.000068"/>
        <testcase name="testCreate" file="C:\xampp\htdocs\ypopsi\tests\unit\models\CandidateModelTest.php" line="1041" class="CandidateModelTest" classname="CandidateModelTest" assertions="3" time="0.000065"/>
        <testcase name="testToArray" file="C:\xampp\htdocs\ypopsi\tests\unit\models\CandidateModelTest.php" line="1068" class="CandidateModelTest" classname="CandidateModelTest" assertions="1" time="0.000141"/>
        <testcase name="testFromArray" file="C:\xampp\htdocs\ypopsi\tests\unit\models\CandidateModelTest.php" line="1117" class="CandidateModelTest" classname="CandidateModelTest" assertions="3" time="0.000076"/>
      </testsuite>
      <testsuite name="ContractModelTest" file="C:\xampp\htdocs\ypopsi\tests\unit\models\ContractModelTest.php" tests="40" assertions="95" errors="0" failures="0" skipped="0" time="0.003873">
        <testcase name="testConstructor" file="C:\xampp\htdocs\ypopsi\tests\unit\models\ContractModelTest.php" line="20" class="ContractModelTest" classname="ContractModelTest" assertions="17" time="0.000652"/>
        <testcase name="testConstructorWithoutId" file="C:\xampp\htdocs\ypopsi\tests\unit\models\ContractModelTest.php" line="65" class="ContractModelTest" classname="ContractModelTest" assertions="17" time="0.000176"/>
        <testcase name="testConstructorWithoutEndDate" file="C:\xampp\htdocs\ypopsi\tests\unit\models\ContractModelTest.php" line="109" class="ContractModelTest" classname="ContractModelTest" assertions="2" time="0.000100"/>
        <testcase name="testConstructorWithoutPropositionDate" file="C:\xampp\htdocs\ypopsi\tests\unit\models\ContractModelTest.php" line="138" class="ContractModelTest" classname="ContractModelTest" assertions="2" time="0.000077"/>
        <testcase name="testConstructorWithoutSignatureDate" file="C:\xampp\htdocs\ypopsi\tests\unit\models\ContractModelTest.php" line="167" class="ContractModelTest" classname="ContractModelTest" assertions="2" time="0.000073"/>
        <testcase name="testConstructorWithoutResignationDate" file="C:\xampp\htdocs\ypopsi\tests\unit\models\ContractModelTest.php" line="196" class="ContractModelTest" classname="ContractModelTest" assertions="2" time="0.000071"/>
        <testcase name="testConstructorWithoutSalary" file="C:\xampp\htdocs\ypopsi\tests\unit\models\ContractModelTest.php" line="225" class="ContractModelTest" classname="ContractModelTest" assertions="2" time="0.000070"/>
        <testcase name="testConstructorWithoutHourlyRate" file="C:\xampp\htdocs\ypopsi\tests\unit\models\ContractModelTest.php" line="254" class="ContractModelTest" classname="ContractModelTest" assertions="2" time="0.000069"/>
        <testcase name="testConstructorWithInvalidId" file="C:\xampp\htdocs\ypopsi\tests\unit\models\ContractModelTest.php" line="284" class="ContractModelTest" classname="ContractModelTest" assertions="2" time="0.000241"/>
        <testcase name="testConstructorWithInvalidStartDate" file="C:\xampp\htdocs\ypopsi\tests\unit\models\ContractModelTest.php" line="314" class="ContractModelTest" classname="ContractModelTest" assertions="2" time="0.000083"/>
        <testcase name="testConstructorWithInvalidEndDate" file="C:\xampp\htdocs\ypopsi\tests\unit\models\ContractModelTest.php" line="344" class="ContractModelTest" classname="ContractModelTest" assertions="2" time="0.000076"/>
        <testcase name="testConstructorWithInvalidPropositionDate" file="C:\xampp\htdocs\ypopsi\tests\unit\models\ContractModelTest.php" line="374" class="ContractModelTest" classname="ContractModelTest" assertions="2" time="0.000077"/>
        <testcase name="testConstructorWithInvalidSignatureDate" file="C:\xampp\htdocs\ypopsi\tests\unit\models\ContractModelTest.php" line="404" class="ContractModelTest" classname="ContractModelTest" assertions="2" time="0.000077"/>
        <testcase name="testConstructorWithInvalidResignationDate" file="C:\xampp\htdocs\ypopsi\tests\unit\models\ContractModelTest.php" line="434" class="ContractModelTest" classname="ContractModelTest" assertions="2" time="0.000077"/>
        <testcase name="testConstructorWithInvalidSalary" file="C:\xampp\htdocs\ypopsi\tests\unit\models\ContractModelTest.php" line="464" class="ContractModelTest" classname="ContractModelTest" assertions="2" time="0.000078"/>
        <testcase name="testConstructorWithInvalidHourlyRate" file="C:\xampp\htdocs\ypopsi\tests\unit\models\ContractModelTest.php" line="494" class="ContractModelTest" classname="ContractModelTest" assertions="2" time="0.000078"/>
        <testcase name="testConstructorWithInvalidCandidate" file="C:\xampp\htdocs\ypopsi\tests\unit\models\ContractModelTest.php" line="524" class="ContractModelTest" classname="ContractModelTest" assertions="2" time="0.000076"/>
        <testcase name="testConstructorWithInvalidJob" file="C:\xampp\htdocs\ypopsi\tests\unit\models\ContractModelTest.php" line="554" class="ContractModelTest" classname="ContractModelTest" assertions="2" time="0.000075"/>
        <testcase name="testConstructorWithInvalidService" file="C:\xampp\htdocs\ypopsi\tests\unit\models\ContractModelTest.php" line="584" class="ContractModelTest" classname="ContractModelTest" assertions="2" time="0.000076"/>
        <testcase name="testConstructorWithInvalidEstablishment" file="C:\xampp\htdocs\ypopsi\tests\unit\models\ContractModelTest.php" line="614" class="ContractModelTest" classname="ContractModelTest" assertions="2" time="0.000079"/>
        <testcase name="testConstructorWithInvalidType" file="C:\xampp\htdocs\ypopsi\tests\unit\models\ContractModelTest.php" line="644" class="ContractModelTest" classname="ContractModelTest" assertions="2" time="0.000076"/>
        <testcase name="testGetId" file="C:\xampp\htdocs\ypopsi\tests\unit\models\ContractModelTest.php" line="675" class="ContractModelTest" classname="ContractModelTest" assertions="1" time="0.000080"/>
        <testcase name="testGetStartDate" file="C:\xampp\htdocs\ypopsi\tests\unit\models\ContractModelTest.php" line="703" class="ContractModelTest" classname="ContractModelTest" assertions="1" time="0.000068"/>
        <testcase name="testGetEndDate" file="C:\xampp\htdocs\ypopsi\tests\unit\models\ContractModelTest.php" line="731" class="ContractModelTest" classname="ContractModelTest" assertions="1" time="0.000067"/>
        <testcase name="testGetProposition" file="C:\xampp\htdocs\ypopsi\tests\unit\models\ContractModelTest.php" line="759" class="ContractModelTest" classname="ContractModelTest" assertions="1" time="0.000067"/>
        <testcase name="testGetSignature" file="C:\xampp\htdocs\ypopsi\tests\unit\models\ContractModelTest.php" line="787" class="ContractModelTest" classname="ContractModelTest" assertions="1" time="0.000067"/>
        <testcase name="testGetResignation" file="C:\xampp\htdocs\ypopsi\tests\unit\models\ContractModelTest.php" line="815" class="ContractModelTest" classname="ContractModelTest" assertions="1" time="0.000069"/>
        <testcase name="testGetRefused" file="C:\xampp\htdocs\ypopsi\tests\unit\models\ContractModelTest.php" line="843" class="ContractModelTest" classname="ContractModelTest" assertions="1" time="0.000066"/>
        <testcase name="testGetSalary" file="C:\xampp\htdocs\ypopsi\tests\unit\models\ContractModelTest.php" line="871" class="ContractModelTest" classname="ContractModelTest" assertions="1" time="0.000073"/>
        <testcase name="testGetHourlyRate" file="C:\xampp\htdocs\ypopsi\tests\unit\models\ContractModelTest.php" line="899" class="ContractModelTest" classname="ContractModelTest" assertions="1" time="0.000075"/>
        <testcase name="testGetNightWork" file="C:\xampp\htdocs\ypopsi\tests\unit\models\ContractModelTest.php" line="927" class="ContractModelTest" classname="ContractModelTest" assertions="1" time="0.000067"/>
        <testcase name="testGetWkWork" file="C:\xampp\htdocs\ypopsi\tests\unit\models\ContractModelTest.php" line="955" class="ContractModelTest" classname="ContractModelTest" assertions="1" time="0.000066"/>
        <testcase name="testGetCandidate" file="C:\xampp\htdocs\ypopsi\tests\unit\models\ContractModelTest.php" line="983" class="ContractModelTest" classname="ContractModelTest" assertions="1" time="0.000072"/>
        <testcase name="testGetJob" file="C:\xampp\htdocs\ypopsi\tests\unit\models\ContractModelTest.php" line="1011" class="ContractModelTest" classname="ContractModelTest" assertions="1" time="0.000071"/>
        <testcase name="testGetService" file="C:\xampp\htdocs\ypopsi\tests\unit\models\ContractModelTest.php" line="1039" class="ContractModelTest" classname="ContractModelTest" assertions="1" time="0.000071"/>
        <testcase name="testGetEstablishment" file="C:\xampp\htdocs\ypopsi\tests\unit\models\ContractModelTest.php" line="1067" class="ContractModelTest" classname="ContractModelTest" assertions="1" time="0.000074"/>
        <testcase name="testGetType" file="C:\xampp\htdocs\ypopsi\tests\unit\models\ContractModelTest.php" line="1095" class="ContractModelTest" classname="ContractModelTest" assertions="1" time="0.000072"/>
        <testcase name="testCreate" file="C:\xampp\htdocs\ypopsi\tests\unit\models\ContractModelTest.php" line="1124" class="ContractModelTest" classname="ContractModelTest" assertions="3" time="0.000061"/>
        <testcase name="testToArray" file="C:\xampp\htdocs\ypopsi\tests\unit\models\ContractModelTest.php" line="1151" class="ContractModelTest" classname="ContractModelTest" assertions="1" time="0.000152"/>
        <testcase name="testFromArray" file="C:\xampp\htdocs\ypopsi\tests\unit\models\ContractModelTest.php" line="1198" class="ContractModelTest" classname="ContractModelTest" assertions="3" time="0.000078"/>
      </testsuite>
      <testsuite name="EstablishmentModelTest" file="C:\xampp\htdocs\ypopsi\tests\unit\models\EstablishmentModelTest.php" tests="17" assertions="49" errors="0" failures="0" skipped="0" time="0.001353">
        <testcase name="testConstructor" file="C:\xampp\htdocs\ypopsi\tests\unit\models\EstablishmentModelTest.php" line="18" class="EstablishmentModelTest" classname="EstablishmentModelTest" assertions="8" time="0.000301"/>
        <testcase name="testConstructorWithoutId" file="C:\xampp\htdocs\ypopsi\tests\unit\models\EstablishmentModelTest.php" line="45" class="EstablishmentModelTest" classname="EstablishmentModelTest" assertions="8" time="0.000070"/>
        <testcase name="testConstructorWithoutDescription" file="C:\xampp\htdocs\ypopsi\tests\unit\models\EstablishmentModelTest.php" line="71" class="EstablishmentModelTest" classname="EstablishmentModelTest" assertions="8" time="0.000074"/>
        <testcase name="testConstructorWithoutPole" file="C:\xampp\htdocs\ypopsi\tests\unit\models\EstablishmentModelTest.php" line="97" class="EstablishmentModelTest" classname="EstablishmentModelTest" assertions="8" time="0.000063"/>
        <testcase name="testConstructorWithInvalidId" file="C:\xampp\htdocs\ypopsi\tests\unit\models\EstablishmentModelTest.php" line="124" class="EstablishmentModelTest" classname="EstablishmentModelTest" assertions="2" time="0.000189"/>
        <testcase name="testConstructorWithInvalidPostcode" file="C:\xampp\htdocs\ypopsi\tests\unit\models\EstablishmentModelTest.php" line="144" class="EstablishmentModelTest" classname="EstablishmentModelTest" assertions="2" time="0.000067"/>
        <testcase name="testConstructorWithInvalidPole" file="C:\xampp\htdocs\ypopsi\tests\unit\models\EstablishmentModelTest.php" line="165" class="EstablishmentModelTest" classname="EstablishmentModelTest" assertions="2" time="0.000058"/>
        <testcase name="testGetId" file="C:\xampp\htdocs\ypopsi\tests\unit\models\EstablishmentModelTest.php" line="185" class="EstablishmentModelTest" classname="EstablishmentModelTest" assertions="1" time="0.000053"/>
        <testcase name="testGetTitled" file="C:\xampp\htdocs\ypopsi\tests\unit\models\EstablishmentModelTest.php" line="202" class="EstablishmentModelTest" classname="EstablishmentModelTest" assertions="1" time="0.000046"/>
        <testcase name="testGetAddress" file="C:\xampp\htdocs\ypopsi\tests\unit\models\EstablishmentModelTest.php" line="219" class="EstablishmentModelTest" classname="EstablishmentModelTest" assertions="1" time="0.000048"/>
        <testcase name="testGetCity" file="C:\xampp\htdocs\ypopsi\tests\unit\models\EstablishmentModelTest.php" line="236" class="EstablishmentModelTest" classname="EstablishmentModelTest" assertions="1" time="0.000053"/>
        <testcase name="testGetPostcode" file="C:\xampp\htdocs\ypopsi\tests\unit\models\EstablishmentModelTest.php" line="253" class="EstablishmentModelTest" classname="EstablishmentModelTest" assertions="1" time="0.000049"/>
        <testcase name="testGetDescription" file="C:\xampp\htdocs\ypopsi\tests\unit\models\EstablishmentModelTest.php" line="270" class="EstablishmentModelTest" classname="EstablishmentModelTest" assertions="1" time="0.000055"/>
        <testcase name="testGetPole" file="C:\xampp\htdocs\ypopsi\tests\unit\models\EstablishmentModelTest.php" line="287" class="EstablishmentModelTest" classname="EstablishmentModelTest" assertions="1" time="0.000052"/>
        <testcase name="testFromArray" file="C:\xampp\htdocs\ypopsi\tests\unit\models\EstablishmentModelTest.php" line="307" class="EstablishmentModelTest" classname="EstablishmentModelTest" assertions="1" time="0.000048"/>
        <testcase name="testFromArrayWithEmptyData" file="C:\xampp\htdocs\ypopsi\tests\unit\models\EstablishmentModelTest.php" line="328" class="EstablishmentModelTest" classname="EstablishmentModelTest" assertions="2" time="0.000048"/>
        <testcase name="testToArray" file="C:\xampp\htdocs\ypopsi\tests\unit\models\EstablishmentModelTest.php" line="340" class="EstablishmentModelTest" classname="EstablishmentModelTest" assertions="1" time="0.000077"/>
      </testsuite>
      <testsuite name="FeatureModelTest" file="C:\xampp\htdocs\ypopsi\tests\unit\models\FeatureModelTest.php" tests="10" assertions="24" errors="0" failures="0" skipped="0" time="0.000874">
        <testcase name="testConstructor" file="C:\xampp\htdocs\ypopsi\tests\unit\models\FeatureModelTest.php" line="18" class="FeatureModelTest" classname="FeatureModelTest" assertions="5" time="0.000256"/>
        <testcase name="testConstructorWithoutId" file="C:\xampp\htdocs\ypopsi\tests\unit\models\FeatureModelTest.php" line="39" class="FeatureModelTest" classname="FeatureModelTest" assertions="5" time="0.000061"/>
        <testcase name="testConstructorWithInvalidId" file="C:\xampp\htdocs\ypopsi\tests\unit\models\FeatureModelTest.php" line="60" class="FeatureModelTest" classname="FeatureModelTest" assertions="2" time="0.000178"/>
        <testcase name="testGetId" file="C:\xampp\htdocs\ypopsi\tests\unit\models\FeatureModelTest.php" line="76" class="FeatureModelTest" classname="FeatureModelTest" assertions="1" time="0.000054"/>
        <testcase name="testGetTitled" file="C:\xampp\htdocs\ypopsi\tests\unit\models\FeatureModelTest.php" line="90" class="FeatureModelTest" classname="FeatureModelTest" assertions="1" time="0.000050"/>
        <testcase name="testGetDescription" file="C:\xampp\htdocs\ypopsi\tests\unit\models\FeatureModelTest.php" line="104" class="FeatureModelTest" classname="FeatureModelTest" assertions="1" time="0.000049"/>
        <testcase name="testGetEnable" file="C:\xampp\htdocs\ypopsi\tests\unit\models\FeatureModelTest.php" line="118" class="FeatureModelTest" classname="FeatureModelTest" assertions="1" time="0.000045"/>
        <testcase name="testFromArray" file="C:\xampp\htdocs\ypopsi\tests\unit\models\FeatureModelTest.php" line="135" class="FeatureModelTest" classname="FeatureModelTest" assertions="5" time="0.000062"/>
        <testcase name="testFromArrayWithEmptyData" file="C:\xampp\htdocs\ypopsi\tests\unit\models\FeatureModelTest.php" line="157" class="FeatureModelTest" classname="FeatureModelTest" assertions="2" time="0.000049"/>
        <testcase name="testToArray" file="C:\xampp\htdocs\ypopsi\tests\unit\models\FeatureModelTest.php" line="169" class="FeatureModelTest" classname="FeatureModelTest" assertions="1" time="0.000070"/>
      </testsuite>
      <testsuite name="GetQualificationModelTest" file="C:\xampp\htdocs\ypopsi\tests\unit\models\GetQualificationModelTest.php" tests="9" assertions="20" errors="0" failures="0" skipped="0" time="0.001454">
        <testcase name="testConstructor" file="C:\xampp\htdocs\ypopsi\tests\unit\models\GetQualificationModelTest.php" line="20" class="GetQualificationModelTest" classname="GetQualificationModelTest" assertions="4" time="0.000261"/>
        <testcase name="testConstructorWithoutId" file="C:\xampp\htdocs\ypopsi\tests\unit\models\GetQualificationModelTest.php" line="39" class="GetQualificationModelTest" classname="GetQualificationModelTest" assertions="4" time="0.000065"/>
        <testcase name="testConstructorWithInvalidId" file="C:\xampp\htdocs\ypopsi\tests\unit\models\GetQualificationModelTest.php" line="58" class="GetQualificationModelTest" classname="GetQualificationModelTest" assertions="2" time="0.000172"/>
        <testcase name="testGetCandidate" file="C:\xampp\htdocs\ypopsi\tests\unit\models\GetQualificationModelTest.php" line="74" class="GetQualificationModelTest" classname="GetQualificationModelTest" assertions="1" time="0.000060"/>
        <testcase name="testGetQualification" file="C:\xampp\htdocs\ypopsi\tests\unit\models\GetQualificationModelTest.php" line="87" class="GetQualificationModelTest" classname="GetQualificationModelTest" assertions="1" time="0.000055"/>
        <testcase name="testGetDate" file="C:\xampp\htdocs\ypopsi\tests\unit\models\GetQualificationModelTest.php" line="100" class="GetQualificationModelTest" classname="GetQualificationModelTest" assertions="1" time="0.000047"/>
        <testcase name="testFromArray" file="C:\xampp\htdocs\ypopsi\tests\unit\models\GetQualificationModelTest.php" line="116" class="GetQualificationModelTest" classname="GetQualificationModelTest" assertions="4" time="0.000081"/>
        <testcase name="testFromArrayWithEmptyData" file="C:\xampp\htdocs\ypopsi\tests\unit\models\GetQualificationModelTest.php" line="136" class="GetQualificationModelTest" classname="GetQualificationModelTest" assertions="2" time="0.000335"/>
        <testcase name="testToArray" file="C:\xampp\htdocs\ypopsi\tests\unit\models\GetQualificationModelTest.php" line="148" class="GetQualificationModelTest" classname="GetQualificationModelTest" assertions="1" time="0.000378"/>
      </testsuite>
      <testsuite name="HaveTheRightToModelTest" file="C:\xampp\htdocs\ypopsi\tests\unit\models\HaveTheRightToModelTest.php" tests="11" assertions="26" errors="0" failures="0" skipped="0" time="0.001653">
        <testcase name="testConstructor" file="C:\xampp\htdocs\ypopsi\tests\unit\models\HaveTheRightToModelTest.php" line="20" class="HaveTheRightToModelTest" classname="HaveTheRightToModelTest" assertions="4" time="0.000738"/>
        <testcase name="testConstructorWithoutCandidate" file="C:\xampp\htdocs\ypopsi\tests\unit\models\HaveTheRightToModelTest.php" line="39" class="HaveTheRightToModelTest" classname="HaveTheRightToModelTest" assertions="4" time="0.000096"/>
        <testcase name="testConstructorWithoutEmployee" file="C:\xampp\htdocs\ypopsi\tests\unit\models\HaveTheRightToModelTest.php" line="57" class="HaveTheRightToModelTest" classname="HaveTheRightToModelTest" assertions="4" time="0.000066"/>
        <testcase name="testConstructorWithInvalidCandidate" file="C:\xampp\htdocs\ypopsi\tests\unit\models\HaveTheRightToModelTest.php" line="76" class="HaveTheRightToModelTest" classname="HaveTheRightToModelTest" assertions="2" time="0.000325"/>
        <testcase name="testConstructorWithInvalidEmployee" file="C:\xampp\htdocs\ypopsi\tests\unit\models\HaveTheRightToModelTest.php" line="93" class="HaveTheRightToModelTest" classname="HaveTheRightToModelTest" assertions="2" time="0.000073"/>
        <testcase name="testGetCandidate" file="C:\xampp\htdocs\ypopsi\tests\unit\models\HaveTheRightToModelTest.php" line="109" class="HaveTheRightToModelTest" classname="HaveTheRightToModelTest" assertions="1" time="0.000059"/>
        <testcase name="testGetHelp" file="C:\xampp\htdocs\ypopsi\tests\unit\models\HaveTheRightToModelTest.php" line="122" class="HaveTheRightToModelTest" classname="HaveTheRightToModelTest" assertions="1" time="0.000053"/>
        <testcase name="testGetEmployee" file="C:\xampp\htdocs\ypopsi\tests\unit\models\HaveTheRightToModelTest.php" line="135" class="HaveTheRightToModelTest" classname="HaveTheRightToModelTest" assertions="1" time="0.000054"/>
        <testcase name="testFromArray" file="C:\xampp\htdocs\ypopsi\tests\unit\models\HaveTheRightToModelTest.php" line="151" class="HaveTheRightToModelTest" classname="HaveTheRightToModelTest" assertions="4" time="0.000066"/>
        <testcase name="testFromArrayWithEmptyData" file="C:\xampp\htdocs\ypopsi\tests\unit\models\HaveTheRightToModelTest.php" line="171" class="HaveTheRightToModelTest" classname="HaveTheRightToModelTest" assertions="2" time="0.000048"/>
        <testcase name="testToArray" file="C:\xampp\htdocs\ypopsi\tests\unit\models\HaveTheRightToModelTest.php" line="183" class="HaveTheRightToModelTest" classname="HaveTheRightToModelTest" assertions="1" time="0.000076"/>
      </testsuite>
      <testsuite name="HelpModelTest" file="C:\xampp\htdocs\ypopsi\tests\unit\models\HelpModelTest.php" tests="10" assertions="24" errors="0" failures="0" skipped="0" time="0.000918">
        <testcase name="testConstructor" file="C:\xampp\htdocs\ypopsi\tests\unit\models\HelpModelTest.php" line="20" class="HelpModelTest" classname="HelpModelTest" assertions="4" time="0.000279"/>
        <testcase name="testConstructorWithoutId" file="C:\xampp\htdocs\ypopsi\tests\unit\models\HelpModelTest.php" line="39" class="HelpModelTest" classname="HelpModelTest" assertions="4" time="0.000057"/>
        <testcase name="testConstructorWithoutDescription" file="C:\xampp\htdocs\ypopsi\tests\unit\models\HelpModelTest.php" line="57" class="HelpModelTest" classname="HelpModelTest" assertions="4" time="0.000059"/>
        <testcase name="testConstructorWithInvalidId" file="C:\xampp\htdocs\ypopsi\tests\unit\models\HelpModelTest.php" line="76" class="HelpModelTest" classname="HelpModelTest" assertions="2" time="0.000201"/>
        <testcase name="testGetId" file="C:\xampp\htdocs\ypopsi\tests\unit\models\HelpModelTest.php" line="92" class="HelpModelTest" classname="HelpModelTest" assertions="1" time="0.000056"/>
        <testcase name="testGetTitled" file="C:\xampp\htdocs\ypopsi\tests\unit\models\HelpModelTest.php" line="105" class="HelpModelTest" classname="HelpModelTest" assertions="1" time="0.000044"/>
        <testcase name="testGetDescription" file="C:\xampp\htdocs\ypopsi\tests\unit\models\HelpModelTest.php" line="118" class="HelpModelTest" classname="HelpModelTest" assertions="1" time="0.000046"/>
        <testcase name="testFromArrayWithValidData" file="C:\xampp\htdocs\ypopsi\tests\unit\models\HelpModelTest.php" line="134" class="HelpModelTest" classname="HelpModelTest" assertions="4" time="0.000059"/>
        <testcase name="testFromArrayWithEmptyData" file="C:\xampp\htdocs\ypopsi\tests\unit\models\HelpModelTest.php" line="154" class="HelpModelTest" classname="HelpModelTest" assertions="2" time="0.000048"/>
        <testcase name="testToArray" file="C:\xampp\htdocs\ypopsi\tests\unit\models\HelpModelTest.php" line="166" class="HelpModelTest" classname="HelpModelTest" assertions="1" time="0.000068"/>
      </testsuite>
      <testsuite name="JobModelTest" file="C:\xampp\htdocs\ypopsi\tests\unit\models\JobModelTest.php" tests="9" assertions="20" errors="0" failures="0" skipped="0" time="0.000878">
        <testcase name="testConstructor" file="C:\xampp\htdocs\ypopsi\tests\unit\models\JobModelTest.php" line="20" class="JobModelTest" classname="JobModelTest" assertions="4" time="0.000277"/>
        <testcase name="testConstructorWithoutId" file="C:\xampp\htdocs\ypopsi\tests\unit\models\JobModelTest.php" line="38" class="JobModelTest" classname="JobModelTest" assertions="4" time="0.000066"/>
        <testcase name="testConstructorWithInvalidId" file="C:\xampp\htdocs\ypopsi\tests\unit\models\JobModelTest.php" line="56" class="JobModelTest" classname="JobModelTest" assertions="2" time="0.000187"/>
        <testcase name="testGetId" file="C:\xampp\htdocs\ypopsi\tests\unit\models\JobModelTest.php" line="71" class="JobModelTest" classname="JobModelTest" assertions="1" time="0.000056"/>
        <testcase name="testGetTitled" file="C:\xampp\htdocs\ypopsi\tests\unit\models\JobModelTest.php" line="84" class="JobModelTest" classname="JobModelTest" assertions="1" time="0.000051"/>
        <testcase name="testGetTitledFeminin" file="C:\xampp\htdocs\ypopsi\tests\unit\models\JobModelTest.php" line="97" class="JobModelTest" classname="JobModelTest" assertions="1" time="0.000053"/>
        <testcase name="testFromArray" file="C:\xampp\htdocs\ypopsi\tests\unit\models\JobModelTest.php" line="113" class="JobModelTest" classname="JobModelTest" assertions="4" time="0.000064"/>
        <testcase name="testFromArrayWithEmptyData" file="C:\xampp\htdocs\ypopsi\tests\unit\models\JobModelTest.php" line="133" class="JobModelTest" classname="JobModelTest" assertions="2" time="0.000049"/>
        <testcase name="testToArray" file="C:\xampp\htdocs\ypopsi\tests\unit\models\JobModelTest.php" line="145" class="JobModelTest" classname="JobModelTest" assertions="1" time="0.000074"/>
      </testsuite>
      <testsuite name="MeetingModelTest" file="C:\xampp\htdocs\ypopsi\tests\unit\models\MeetingModelTest.php" tests="19" assertions="61" errors="0" failures="0" skipped="0" time="0.001716">
        <testcase name="testConstructor" file="C:\xampp\htdocs\ypopsi\tests\unit\models\MeetingModelTest.php" line="20" class="MeetingModelTest" classname="MeetingModelTest" assertions="7" time="0.000312"/>
        <testcase name="testConstructorWithoutId" file="C:\xampp\htdocs\ypopsi\tests\unit\models\MeetingModelTest.php" line="45" class="MeetingModelTest" classname="MeetingModelTest" assertions="7" time="0.000084"/>
        <testcase name="testConstructorWithoutDescription" file="C:\xampp\htdocs\ypopsi\tests\unit\models\MeetingModelTest.php" line="69" class="MeetingModelTest" classname="MeetingModelTest" assertions="7" time="0.000086"/>
        <testcase name="testConstructorWithInvalidId" file="C:\xampp\htdocs\ypopsi\tests\unit\models\MeetingModelTest.php" line="94" class="MeetingModelTest" classname="MeetingModelTest" assertions="2" time="0.000246"/>
        <testcase name="testConstructorWithInvalidDate" file="C:\xampp\htdocs\ypopsi\tests\unit\models\MeetingModelTest.php" line="113" class="MeetingModelTest" classname="MeetingModelTest" assertions="2" time="0.000067"/>
        <testcase name="testConstructorWithInvalidUser" file="C:\xampp\htdocs\ypopsi\tests\unit\models\MeetingModelTest.php" line="132" class="MeetingModelTest" classname="MeetingModelTest" assertions="2" time="0.000066"/>
        <testcase name="testConstructorWithInvalidCandidate" file="C:\xampp\htdocs\ypopsi\tests\unit\models\MeetingModelTest.php" line="152" class="MeetingModelTest" classname="MeetingModelTest" assertions="2" time="0.000064"/>
        <testcase name="testConstructorWithInvalidEstablishment" file="C:\xampp\htdocs\ypopsi\tests\unit\models\MeetingModelTest.php" line="172" class="MeetingModelTest" classname="MeetingModelTest" assertions="2" time="0.000099"/>
        <testcase name="testGetId" file="C:\xampp\htdocs\ypopsi\tests\unit\models\MeetingModelTest.php" line="191" class="MeetingModelTest" classname="MeetingModelTest" assertions="1" time="0.000058"/>
        <testcase name="testGetDate" file="C:\xampp\htdocs\ypopsi\tests\unit\models\MeetingModelTest.php" line="207" class="MeetingModelTest" classname="MeetingModelTest" assertions="1" time="0.000051"/>
        <testcase name="testGetDescription" file="C:\xampp\htdocs\ypopsi\tests\unit\models\MeetingModelTest.php" line="223" class="MeetingModelTest" classname="MeetingModelTest" assertions="1" time="0.000052"/>
        <testcase name="testGetUser" file="C:\xampp\htdocs\ypopsi\tests\unit\models\MeetingModelTest.php" line="239" class="MeetingModelTest" classname="MeetingModelTest" assertions="1" time="0.000055"/>
        <testcase name="testGetCandidate" file="C:\xampp\htdocs\ypopsi\tests\unit\models\MeetingModelTest.php" line="255" class="MeetingModelTest" classname="MeetingModelTest" assertions="1" time="0.000058"/>
        <testcase name="testGetEstablishment" file="C:\xampp\htdocs\ypopsi\tests\unit\models\MeetingModelTest.php" line="271" class="MeetingModelTest" classname="MeetingModelTest" assertions="1" time="0.000058"/>
        <testcase name="testCreate" file="C:\xampp\htdocs\ypopsi\tests\unit\models\MeetingModelTest.php" line="290" class="MeetingModelTest" classname="MeetingModelTest" assertions="7" time="0.000070"/>
        <testcase name="testCreateWithoutDescriptin" file="C:\xampp\htdocs\ypopsi\tests\unit\models\MeetingModelTest.php" line="313" class="MeetingModelTest" classname="MeetingModelTest" assertions="7" time="0.000074"/>
        <testcase name="testFromArray" file="C:\xampp\htdocs\ypopsi\tests\unit\models\MeetingModelTest.php" line="337" class="MeetingModelTest" classname="MeetingModelTest" assertions="7" time="0.000079"/>
        <testcase name="testFromArrayWithEmptyData" file="C:\xampp\htdocs\ypopsi\tests\unit\models\MeetingModelTest.php" line="363" class="MeetingModelTest" classname="MeetingModelTest" assertions="2" time="0.000048"/>
        <testcase name="testToArray" file="C:\xampp\htdocs\ypopsi\tests\unit\models\MeetingModelTest.php" line="375" class="MeetingModelTest" classname="MeetingModelTest" assertions="1" time="0.000091"/>
      </testsuite>
      <testsuite name="QualificationModelTest" file="C:\xampp\htdocs\ypopsi\tests\unit\models\QualificationModelTest.php" tests="11" assertions="29" errors="0" failures="0" skipped="0" time="0.001053">
        <testcase name="testConstructor" file="C:\xampp\htdocs\ypopsi\tests\unit\models\QualificationModelTest.php" line="20" class="QualificationModelTest" classname="QualificationModelTest" assertions="5" time="0.000279"/>
        <testcase name="testConstructorWithoutId" file="C:\xampp\htdocs\ypopsi\tests\unit\models\QualificationModelTest.php" line="41" class="QualificationModelTest" classname="QualificationModelTest" assertions="5" time="0.000072"/>
        <testcase name="testConstructorWithoutAbreviation" file="C:\xampp\htdocs\ypopsi\tests\unit\models\QualificationModelTest.php" line="61" class="QualificationModelTest" classname="QualificationModelTest" assertions="5" time="0.000070"/>
        <testcase name="testConstructorWithInvalidId" file="C:\xampp\htdocs\ypopsi\tests\unit\models\QualificationModelTest.php" line="82" class="QualificationModelTest" classname="QualificationModelTest" assertions="2" time="0.000189"/>
        <testcase name="testGetId" file="C:\xampp\htdocs\ypopsi\tests\unit\models\QualificationModelTest.php" line="99" class="QualificationModelTest" classname="QualificationModelTest" assertions="1" time="0.000062"/>
        <testcase name="testGetTitle" file="C:\xampp\htdocs\ypopsi\tests\unit\models\QualificationModelTest.php" line="113" class="QualificationModelTest" classname="QualificationModelTest" assertions="1" time="0.000050"/>
        <testcase name="testGetMedical" file="C:\xampp\htdocs\ypopsi\tests\unit\models\QualificationModelTest.php" line="127" class="QualificationModelTest" classname="QualificationModelTest" assertions="1" time="0.000057"/>
        <testcase name="testGetAbreviation" file="C:\xampp\htdocs\ypopsi\tests\unit\models\QualificationModelTest.php" line="141" class="QualificationModelTest" classname="QualificationModelTest" assertions="1" time="0.000054"/>
        <testcase name="testFromArray" file="C:\xampp\htdocs\ypopsi\tests\unit\models\QualificationModelTest.php" line="158" class="QualificationModelTest" classname="QualificationModelTest" assertions="5" time="0.000091"/>
        <testcase name="testFromArrayWithEmptyData" file="C:\xampp\htdocs\ypopsi\tests\unit\models\QualificationModelTest.php" line="180" class="QualificationModelTest" classname="QualificationModelTest" assertions="2" time="0.000050"/>
        <testcase name="testToArray" file="C:\xampp\htdocs\ypopsi\tests\unit\models\QualificationModelTest.php" line="190" class="QualificationModelTest" classname="QualificationModelTest" assertions="1" time="0.000079"/>
      </testsuite>
      <testsuite name="RoleModelTest" file="C:\xampp\htdocs\ypopsi\tests\unit\models\RoleModelTest.php" tests="7" assertions="13" errors="0" failures="0" skipped="0" time="0.000725">
        <testcase name="testConstructor" file="C:\xampp\htdocs\ypopsi\tests\unit\models\RoleModelTest.php" line="18" class="RoleModelTest" classname="RoleModelTest" assertions="3" time="0.000240"/>
        <testcase name="testConstructorWithInvalidId" file="C:\xampp\htdocs\ypopsi\tests\unit\models\RoleModelTest.php" line="33" class="RoleModelTest" classname="RoleModelTest" assertions="2" time="0.000176"/>
        <testcase name="testGetId" file="C:\xampp\htdocs\ypopsi\tests\unit\models\RoleModelTest.php" line="47" class="RoleModelTest" classname="RoleModelTest" assertions="1" time="0.000055"/>
        <testcase name="testGetTitled" file="C:\xampp\htdocs\ypopsi\tests\unit\models\RoleModelTest.php" line="59" class="RoleModelTest" classname="RoleModelTest" assertions="1" time="0.000083"/>
        <testcase name="testFromArray" file="C:\xampp\htdocs\ypopsi\tests\unit\models\RoleModelTest.php" line="72" class="RoleModelTest" classname="RoleModelTest" assertions="3" time="0.000059"/>
        <testcase name="testFromArrayWithEmptyData" file="C:\xampp\htdocs\ypopsi\tests\unit\models\RoleModelTest.php" line="88" class="RoleModelTest" classname="RoleModelTest" assertions="2" time="0.000048"/>
        <testcase name="testToArray" file="C:\xampp\htdocs\ypopsi\tests\unit\models\RoleModelTest.php" line="98" class="RoleModelTest" classname="RoleModelTest" assertions="1" time="0.000065"/>
      </testsuite>
      <testsuite name="ServiceModelTest" file="C:\xampp\htdocs\ypopsi\tests\unit\models\ServiceModelTest.php" tests="9" assertions="20" errors="0" failures="0" skipped="0" time="0.000800">
        <testcase name="testConstructor" file="C:\xampp\htdocs\ypopsi\tests\unit\models\ServiceModelTest.php" line="20" class="ServiceModelTest" classname="ServiceModelTest" assertions="4" time="0.000240"/>
        <testcase name="testConstructorWithNullParameters" file="C:\xampp\htdocs\ypopsi\tests\unit\models\ServiceModelTest.php" line="38" class="ServiceModelTest" classname="ServiceModelTest" assertions="4" time="0.000059"/>
        <testcase name="testConstructorWithInvalidId" file="C:\xampp\htdocs\ypopsi\tests\unit\models\ServiceModelTest.php" line="56" class="ServiceModelTest" classname="ServiceModelTest" assertions="2" time="0.000172"/>
        <testcase name="testGetId" file="C:\xampp\htdocs\ypopsi\tests\unit\models\ServiceModelTest.php" line="71" class="ServiceModelTest" classname="ServiceModelTest" assertions="1" time="0.000054"/>
        <testcase name="testGetTitled" file="C:\xampp\htdocs\ypopsi\tests\unit\models\ServiceModelTest.php" line="84" class="ServiceModelTest" classname="ServiceModelTest" assertions="1" time="0.000049"/>
        <testcase name="testGetDescription" file="C:\xampp\htdocs\ypopsi\tests\unit\models\ServiceModelTest.php" line="97" class="ServiceModelTest" classname="ServiceModelTest" assertions="1" time="0.000050"/>
        <testcase name="testFromArray" file="C:\xampp\htdocs\ypopsi\tests\unit\models\ServiceModelTest.php" line="113" class="ServiceModelTest" classname="ServiceModelTest" assertions="4" time="0.000060"/>
        <testcase name="testFromArrayWithEmptyData" file="C:\xampp\htdocs\ypopsi\tests\unit\models\ServiceModelTest.php" line="133" class="ServiceModelTest" classname="ServiceModelTest" assertions="2" time="0.000048"/>
        <testcase name="testToArray" file="C:\xampp\htdocs\ypopsi\tests\unit\models\ServiceModelTest.php" line="145" class="ServiceModelTest" classname="ServiceModelTest" assertions="1" time="0.000067"/>
      </testsuite>
      <testsuite name="SourceModelTest" file="C:\xampp\htdocs\ypopsi\tests\unit\models\SourceModelTest.php" tests="10" assertions="22" errors="0" failures="0" skipped="0" time="0.000880">
        <testcase name="testConstructor" file="C:\xampp\htdocs\ypopsi\tests\unit\models\SourceModelTest.php" line="20" class="SourceModelTest" classname="SourceModelTest" assertions="4" time="0.000246"/>
        <testcase name="testConstructorWithoutId" file="C:\xampp\htdocs\ypopsi\tests\unit\models\SourceModelTest.php" line="39" class="SourceModelTest" classname="SourceModelTest" assertions="4" time="0.000063"/>
        <testcase name="testConstructorWithInvalidId" file="C:\xampp\htdocs\ypopsi\tests\unit\models\SourceModelTest.php" line="58" class="SourceModelTest" classname="SourceModelTest" assertions="2" time="0.000178"/>
        <testcase name="testConstructorWithInvalidType" file="C:\xampp\htdocs\ypopsi\tests\unit\models\SourceModelTest.php" line="75" class="SourceModelTest" classname="SourceModelTest" assertions="2" time="0.000062"/>
        <testcase name="testGetId" file="C:\xampp\htdocs\ypopsi\tests\unit\models\SourceModelTest.php" line="93" class="SourceModelTest" classname="SourceModelTest" assertions="1" time="0.000053"/>
        <testcase name="testGetTitled" file="C:\xampp\htdocs\ypopsi\tests\unit\models\SourceModelTest.php" line="108" class="SourceModelTest" classname="SourceModelTest" assertions="1" time="0.000047"/>
        <testcase name="testGetType" file="C:\xampp\htdocs\ypopsi\tests\unit\models\SourceModelTest.php" line="123" class="SourceModelTest" classname="SourceModelTest" assertions="1" time="0.000051"/>
        <testcase name="testFromArray" file="C:\xampp\htdocs\ypopsi\tests\unit\models\SourceModelTest.php" line="139" class="SourceModelTest" classname="SourceModelTest" assertions="4" time="0.000063"/>
        <testcase name="testFromArrayWithEmptyData" file="C:\xampp\htdocs\ypopsi\tests\unit\models\SourceModelTest.php" line="159" class="SourceModelTest" classname="SourceModelTest" assertions="2" time="0.000048"/>
        <testcase name="testToArray" file="C:\xampp\htdocs\ypopsi\tests\unit\models\SourceModelTest.php" line="171" class="SourceModelTest" classname="SourceModelTest" assertions="1" time="0.000070"/>
      </testsuite>
      <testsuite name="TypeOfActionsModelTest" file="C:\xampp\htdocs\ypopsi\tests\unit\models\TypeOfActionsModelTest.php" tests="8" assertions="16" errors="0" failures="0" skipped="0" time="0.000788">
        <testcase name="testConstructor" file="C:\xampp\htdocs\ypopsi\tests\unit\models\TypeOfActionsModelTest.php" line="20" class="TypeOfActionsModelTest" classname="TypeOfActionsModelTest" assertions="3" time="0.000229"/>
        <testcase name="testCOnstructorWithoutId" file="C:\xampp\htdocs\ypopsi\tests\unit\models\TypeOfActionsModelTest.php" line="37" class="TypeOfActionsModelTest" classname="TypeOfActionsModelTest" assertions="3" time="0.000061"/>
        <testcase name="testConstructorWithInvalidId" file="C:\xampp\htdocs\ypopsi\tests\unit\models\TypeOfActionsModelTest.php" line="54" class="TypeOfActionsModelTest" classname="TypeOfActionsModelTest" assertions="2" time="0.000174"/>
        <testcase name="testGetId" file="C:\xampp\htdocs\ypopsi\tests\unit\models\TypeOfActionsModelTest.php" line="70" class="TypeOfActionsModelTest" classname="TypeOfActionsModelTest" assertions="1" time="0.000056"/>
        <testcase name="testGetTitled" file="C:\xampp\htdocs\ypopsi\tests\unit\models\TypeOfActionsModelTest.php" line="84" class="TypeOfActionsModelTest" classname="TypeOfActionsModelTest" assertions="1" time="0.000050"/>
        <testcase name="testFromArray" file="C:\xampp\htdocs\ypopsi\tests\unit\models\TypeOfActionsModelTest.php" line="99" class="TypeOfActionsModelTest" classname="TypeOfActionsModelTest" assertions="3" time="0.000066"/>
        <testcase name="testFromArrayWithEmptyData" file="C:\xampp\htdocs\ypopsi\tests\unit\models\TypeOfActionsModelTest.php" line="117" class="TypeOfActionsModelTest" classname="TypeOfActionsModelTest" assertions="2" time="0.000050"/>
        <testcase name="testToArray" file="C:\xampp\htdocs\ypopsi\tests\unit\models\TypeOfActionsModelTest.php" line="129" class="TypeOfActionsModelTest" classname="TypeOfActionsModelTest" assertions="1" time="0.000102"/>
      </testsuite>
      <testsuite name="TypeOfContractsModelTest" file="C:\xampp\htdocs\ypopsi\tests\unit\models\TypeOfContractsModelTest.php" tests="10" assertions="24" errors="0" failures="0" skipped="0" time="0.000992">
        <testcase name="testConstructor" file="C:\xampp\htdocs\ypopsi\tests\unit\models\TypeOfContractsModelTest.php" line="20" class="TypeOfContractsModelTest" classname="TypeOfContractsModelTest" assertions="4" time="0.000285"/>
        <testcase name="testConstructorWithoutId" file="C:\xampp\htdocs\ypopsi\tests\unit\models\TypeOfContractsModelTest.php" line="39" class="TypeOfContractsModelTest" classname="TypeOfContractsModelTest" assertions="4" time="0.000061"/>
        <testcase name="testConstructorWithoutDescription" file="C:\xampp\htdocs\ypopsi\tests\unit\models\TypeOfContractsModelTest.php" line="57" class="TypeOfContractsModelTest" classname="TypeOfContractsModelTest" assertions="4" time="0.000062"/>
        <testcase name="testConstructorWithInvalidId" file="C:\xampp\htdocs\ypopsi\tests\unit\models\TypeOfContractsModelTest.php" line="77" class="TypeOfContractsModelTest" classname="TypeOfContractsModelTest" assertions="2" time="0.000197"/>
        <testcase name="testGetId" file="C:\xampp\htdocs\ypopsi\tests\unit\models\TypeOfContractsModelTest.php" line="95" class="TypeOfContractsModelTest" classname="TypeOfContractsModelTest" assertions="1" time="0.000061"/>
        <testcase name="testGetTitled" file="C:\xampp\htdocs\ypopsi\tests\unit\models\TypeOfContractsModelTest.php" line="110" class="TypeOfContractsModelTest" classname="TypeOfContractsModelTest" assertions="1" time="0.000057"/>
        <testcase name="testGetDescription" file="C:\xampp\htdocs\ypopsi\tests\unit\models\TypeOfContractsModelTest.php" line="125" class="TypeOfContractsModelTest" classname="TypeOfContractsModelTest" assertions="1" time="0.000055"/>
        <testcase name="testFromArray" file="C:\xampp\htdocs\ypopsi\tests\unit\models\TypeOfContractsModelTest.php" line="141" class="TypeOfContractsModelTest" classname="TypeOfContractsModelTest" assertions="4" time="0.000079"/>
        <testcase name="testFromArrayWithEmptyData" file="C:\xampp\htdocs\ypopsi\tests\unit\models\TypeOfContractsModelTest.php" line="161" class="TypeOfContractsModelTest" classname="TypeOfContractsModelTest" assertions="2" time="0.000060"/>
        <testcase name="testToArray" file="C:\xampp\htdocs\ypopsi\tests\unit\models\TypeOfContractsModelTest.php" line="173" class="TypeOfContractsModelTest" classname="TypeOfContractsModelTest" assertions="1" time="0.000076"/>
      </testsuite>
      <testsuite name="UserModelTest" file="C:\xampp\htdocs\ypopsi\tests\unit\models\UserModelTest.php" tests="34" assertions="97" errors="0" failures="0" skipped="0" time="0.003099">
        <testcase name="testConstructor" file="C:\xampp\htdocs\ypopsi\tests\unit\models\UserModelTest.php" line="18" class="UserModelTest" classname="UserModelTest" assertions="12" time="0.000512"/>
        <testcase name="testConstructorWitoutId" file="C:\xampp\htdocs\ypopsi\tests\unit\models\UserModelTest.php" line="51" class="UserModelTest" classname="UserModelTest" assertions="12" time="0.000115"/>
        <testcase name="testConstructorWithInvalidId" file="C:\xampp\htdocs\ypopsi\tests\unit\models\UserModelTest.php" line="84" class="UserModelTest" classname="UserModelTest" assertions="2" time="0.000210"/>
        <testcase name="testConstructorWithInvalidIdentifier2" file="C:\xampp\htdocs\ypopsi\tests\unit\models\UserModelTest.php" line="107" class="UserModelTest" classname="UserModelTest" assertions="2" time="0.000076"/>
        <testcase name="testConstructorWithInvalidIdentifier3" file="C:\xampp\htdocs\ypopsi\tests\unit\models\UserModelTest.php" line="130" class="UserModelTest" classname="UserModelTest" assertions="2" time="0.000067"/>
        <testcase name="testConstructorWithInvalidIdentifier4" file="C:\xampp\htdocs\ypopsi\tests\unit\models\UserModelTest.php" line="153" class="UserModelTest" classname="UserModelTest" assertions="2" time="0.000068"/>
        <testcase name="testConstructorWithInvalidName1" file="C:\xampp\htdocs\ypopsi\tests\unit\models\UserModelTest.php" line="177" class="UserModelTest" classname="UserModelTest" assertions="2" time="0.000069"/>
        <testcase name="testConstructorWithInvalidName2" file="C:\xampp\htdocs\ypopsi\tests\unit\models\UserModelTest.php" line="200" class="UserModelTest" classname="UserModelTest" assertions="2" time="0.000066"/>
        <testcase name="testConstructorWithInvalidName3" file="C:\xampp\htdocs\ypopsi\tests\unit\models\UserModelTest.php" line="223" class="UserModelTest" classname="UserModelTest" assertions="2" time="0.000065"/>
        <testcase name="testConstructorWithInvalidName4" file="C:\xampp\htdocs\ypopsi\tests\unit\models\UserModelTest.php" line="246" class="UserModelTest" classname="UserModelTest" assertions="2" time="0.000065"/>
        <testcase name="testConstructorWithInvalidName5" file="C:\xampp\htdocs\ypopsi\tests\unit\models\UserModelTest.php" line="269" class="UserModelTest" classname="UserModelTest" assertions="2" time="0.000134"/>
        <testcase name="testConstructorWithInvalidFirstname1" file="C:\xampp\htdocs\ypopsi\tests\unit\models\UserModelTest.php" line="293" class="UserModelTest" classname="UserModelTest" assertions="2" time="0.000068"/>
        <testcase name="testConstructorWithInvalidFirstname2" file="C:\xampp\htdocs\ypopsi\tests\unit\models\UserModelTest.php" line="316" class="UserModelTest" classname="UserModelTest" assertions="2" time="0.000067"/>
        <testcase name="testConstructorWithInvalidFirstname3" file="C:\xampp\htdocs\ypopsi\tests\unit\models\UserModelTest.php" line="339" class="UserModelTest" classname="UserModelTest" assertions="2" time="0.000066"/>
        <testcase name="testConstructorWithInvalidFirstname4" file="C:\xampp\htdocs\ypopsi\tests\unit\models\UserModelTest.php" line="362" class="UserModelTest" classname="UserModelTest" assertions="2" time="0.000069"/>
        <testcase name="testConstructorWithInvalidFirstname5" file="C:\xampp\htdocs\ypopsi\tests\unit\models\UserModelTest.php" line="385" class="UserModelTest" classname="UserModelTest" assertions="2" time="0.000065"/>
        <testcase name="testConstructorWithInvalidEmail1" file="C:\xampp\htdocs\ypopsi\tests\unit\models\UserModelTest.php" line="409" class="UserModelTest" classname="UserModelTest" assertions="2" time="0.000068"/>
        <testcase name="testConstructorWithInvalidEmail2" file="C:\xampp\htdocs\ypopsi\tests\unit\models\UserModelTest.php" line="432" class="UserModelTest" classname="UserModelTest" assertions="2" time="0.000113"/>
        <testcase name="testConstructorWithInvalidEmail3" file="C:\xampp\htdocs\ypopsi\tests\unit\models\UserModelTest.php" line="455" class="UserModelTest" classname="UserModelTest" assertions="2" time="0.000066"/>
        <testcase name="testConstructorWithInvalidEmail4" file="C:\xampp\htdocs\ypopsi\tests\unit\models\UserModelTest.php" line="478" class="UserModelTest" classname="UserModelTest" assertions="2" time="0.000075"/>
        <testcase name="testConstructorWithInvalidEmail5" file="C:\xampp\htdocs\ypopsi\tests\unit\models\UserModelTest.php" line="501" class="UserModelTest" classname="UserModelTest" assertions="2" time="0.000066"/>
        <testcase name="testConstructorWithInvalidEmail6" file="C:\xampp\htdocs\ypopsi\tests\unit\models\UserModelTest.php" line="524" class="UserModelTest" classname="UserModelTest" assertions="2" time="0.000067"/>
        <testcase name="testConstructorWithInvalidEmail7" file="C:\xampp\htdocs\ypopsi\tests\unit\models\UserModelTest.php" line="547" class="UserModelTest" classname="UserModelTest" assertions="2" time="0.000067"/>
        <testcase name="testConstructorWithInvalidEmail8" file="C:\xampp\htdocs\ypopsi\tests\unit\models\UserModelTest.php" line="570" class="UserModelTest" classname="UserModelTest" assertions="2" time="0.000065"/>
        <testcase name="testConstructorWithInvalidEmail9" file="C:\xampp\htdocs\ypopsi\tests\unit\models\UserModelTest.php" line="593" class="UserModelTest" classname="UserModelTest" assertions="2" time="0.000067"/>
        <testcase name="testConstructorWithInvalidEmail10" file="C:\xampp\htdocs\ypopsi\tests\unit\models\UserModelTest.php" line="616" class="UserModelTest" classname="UserModelTest" assertions="2" time="0.000065"/>
        <testcase name="testConstructorWithInvalidEmail11" file="C:\xampp\htdocs\ypopsi\tests\unit\models\UserModelTest.php" line="639" class="UserModelTest" classname="UserModelTest" assertions="2" time="0.000065"/>
        <testcase name="testConstructorWithInvalidRole1" file="C:\xampp\htdocs\ypopsi\tests\unit\models\UserModelTest.php" line="663" class="UserModelTest" classname="UserModelTest" assertions="2" time="0.000067"/>
        <testcase name="testConstructorWithInvalidRole2" file="C:\xampp\htdocs\ypopsi\tests\unit\models\UserModelTest.php" line="686" class="UserModelTest" classname="UserModelTest" assertions="2" time="0.000067"/>
        <testcase name="testConstructorWithInvalidEstablishment1" file="C:\xampp\htdocs\ypopsi\tests\unit\models\UserModelTest.php" line="710" class="UserModelTest" classname="UserModelTest" assertions="2" time="0.000070"/>
        <testcase name="testConstructorWithInvalidEstablishment2" file="C:\xampp\htdocs\ypopsi\tests\unit\models\UserModelTest.php" line="733" class="UserModelTest" classname="UserModelTest" assertions="2" time="0.000069"/>
        <testcase name="testFromArrayWithValidData" file="C:\xampp\htdocs\ypopsi\tests\unit\models\UserModelTest.php" line="757" class="UserModelTest" classname="UserModelTest" assertions="12" time="0.000092"/>
        <testcase name="testFromArrayWithEmptyData" file="C:\xampp\htdocs\ypopsi\tests\unit\models\UserModelTest.php" line="791" class="UserModelTest" classname="UserModelTest" assertions="2" time="0.000047"/>
        <testcase name="testToArray" file="C:\xampp\htdocs\ypopsi\tests\unit\models\UserModelTest.php" line="801" class="UserModelTest" classname="UserModelTest" assertions="1" time="0.000122"/>
      </testsuite>
      <testsuite name="DataFormatManagerTest" file="C:\xampp\htdocs\ypopsi\tests\unit\tools\DataFormatManagerTest.php" tests="9" assertions="59" errors="0" failures="0" skipped="0" time="0.000686">
        <testcase name="testIsValidKey" file="C:\xampp\htdocs\ypopsi\tests\unit\tools\DataFormatManagerTest.php" line="17" class="DataFormatManagerTest" classname="DataFormatManagerTest" assertions="5" time="0.000079"/>
        <testcase name="testIsValidIdentifier" file="C:\xampp\htdocs\ypopsi\tests\unit\tools\DataFormatManagerTest.php" line="31" class="DataFormatManagerTest" classname="DataFormatManagerTest" assertions="5" time="0.000061"/>
        <testcase name="testIsValidName" file="C:\xampp\htdocs\ypopsi\tests\unit\tools\DataFormatManagerTest.php" line="50" class="DataFormatManagerTest" classname="DataFormatManagerTest" assertions="8" time="0.000068"/>
        <testcase name="testIsValidEmail" file="C:\xampp\htdocs\ypopsi\tests\unit\tools\DataFormatManagerTest.php" line="75" class="DataFormatManagerTest" classname="DataFormatManagerTest" assertions="17" time="0.000091"/>
        <testcase name="testIsValidPhoneNumber" file="C:\xampp\htdocs\ypopsi\tests\unit\tools\DataFormatManagerTest.php" line="118" class="DataFormatManagerTest" classname="DataFormatManagerTest" assertions="9" time="0.000079"/>
        <testcase name="testIsValidPostCode" file="C:\xampp\htdocs\ypopsi\tests\unit\tools\DataFormatManagerTest.php" line="145" class="DataFormatManagerTest" classname="DataFormatManagerTest" assertions="9" time="0.000071"/>
        <testcase name="testNameFormat" file="C:\xampp\htdocs\ypopsi\tests\unit\tools\DataFormatManagerTest.php" line="173" class="DataFormatManagerTest" classname="DataFormatManagerTest" assertions="2" time="0.000117"/>
        <testcase name="testMajusculeFormat" file="C:\xampp\htdocs\ypopsi\tests\unit\tools\DataFormatManagerTest.php" line="184" class="DataFormatManagerTest" classname="DataFormatManagerTest" assertions="2" time="0.000043"/>
        <testcase name="testPhoneNumberFormat" file="C:\xampp\htdocs\ypopsi\tests\unit\tools\DataFormatManagerTest.php" line="195" class="DataFormatManagerTest" classname="DataFormatManagerTest" assertions="2" time="0.000077"/>
      </testsuite>
      <testsuite name="PasswordManagerTest" file="C:\xampp\htdocs\ypopsi\tests\unit\tools\PasswordManagerTest.php" tests="2" assertions="21" errors="0" failures="0" skipped="0" time="0.000630">
        <testcase name="testIsValidPassword" file="C:\xampp\htdocs\ypopsi\tests\unit\tools\PasswordManagerTest.php" line="16" class="PasswordManagerTest" classname="PasswordManagerTest" assertions="15" time="0.000369"/>
        <testcase name="testRandomPassword" file="C:\xampp\htdocs\ypopsi\tests\unit\tools\PasswordManagerTest.php" line="40" class="PasswordManagerTest" classname="PasswordManagerTest" assertions="6" time="0.000261"/>
      </testsuite>
      <testsuite name="TimeManagerTest" file="C:\xampp\htdocs\ypopsi\tests\unit\tools\TimeManagerTest.php" tests="4" assertions="6" errors="0" failures="0" skipped="0" time="0.000441">
        <testcase name="testConstructorWithValidDate" file="C:\xampp\htdocs\ypopsi\tests\unit\tools\TimeManagerTest.php" line="13" class="TimeManagerTest" classname="TimeManagerTest" assertions="2" time="0.000068"/>
        <testcase name="testConstructorWithInvalidDate" file="C:\xampp\htdocs\ypopsi\tests\unit\tools\TimeManagerTest.php" line="24" class="TimeManagerTest" classname="TimeManagerTest" assertions="2" time="0.000260"/>
        <testcase name="testGetDate" file="C:\xampp\htdocs\ypopsi\tests\unit\tools\TimeManagerTest.php" line="53" class="TimeManagerTest" classname="TimeManagerTest" assertions="1" time="0.000052"/>
        <testcase name="testGetTimestamp" file="C:\xampp\htdocs\ypopsi\tests\unit\tools\TimeManagerTest.php" line="63" class="TimeManagerTest" classname="TimeManagerTest" assertions="1" time="0.000061"/>
      </testsuite>
    </testsuite>
  </testsuite>
</testsuites>
