<?xml version="1.0" encoding="UTF-8"?>
<testsuites>
  <testsuite name="C:\xampp\htdocs\ypopsi\phpunit.xml" tests="84" assertions="310" errors="0" failures="0" skipped="0" time="0.027712">
    <testsuite name="Application Test Suite" tests="84" assertions="310" errors="0" failures="0" skipped="0" time="0.027712">
      <testsuite name="ActionModelTest" file="C:\xampp\htdocs\ypopsi\tests\unit\models\ActionModelTest.php" tests="10" assertions="43" errors="0" failures="0" skipped="0" time="0.007782">
        <testcase name="testConstructor" file="C:\xampp\htdocs\ypopsi\tests\unit\models\ActionModelTest.php" line="16" class="ActionModelTest" classname="ActionModelTest" assertions="6" time="0.004229"/>
        <testcase name="testConstructorWithInvalidUserKey" file="C:\xampp\htdocs\ypopsi\tests\unit\models\ActionModelTest.php" line="36" class="ActionModelTest" classname="ActionModelTest" assertions="2" time="0.000692"/>
        <testcase name="testConstructorWithInvalidTypeKey" file="C:\xampp\htdocs\ypopsi\tests\unit\models\ActionModelTest.php" line="52" class="ActionModelTest" classname="ActionModelTest" assertions="2" time="0.000199"/>
        <testcase name="testConstructorWithoutId" file="C:\xampp\htdocs\ypopsi\tests\unit\models\ActionModelTest.php" line="68" class="ActionModelTest" classname="ActionModelTest" assertions="6" time="0.000129"/>
        <testcase name="testConstructorWithoutDescription" file="C:\xampp\htdocs\ypopsi\tests\unit\models\ActionModelTest.php" line="88" class="ActionModelTest" classname="ActionModelTest" assertions="6" time="0.000183"/>
        <testcase name="testConstructorWithoutDate" file="C:\xampp\htdocs\ypopsi\tests\unit\models\ActionModelTest.php" line="108" class="ActionModelTest" classname="ActionModelTest" assertions="6" time="0.000132"/>
        <testcase name="testCreate" file="C:\xampp\htdocs\ypopsi\tests\unit\models\ActionModelTest.php" line="129" class="ActionModelTest" classname="ActionModelTest" assertions="6" time="0.000350"/>
        <testcase name="testFromArray" file="C:\xampp\htdocs\ypopsi\tests\unit\models\ActionModelTest.php" line="148" class="ActionModelTest" classname="ActionModelTest" assertions="6" time="0.000137"/>
        <testcase name="testFromArrayWithEmptyData" file="C:\xampp\htdocs\ypopsi\tests\unit\models\ActionModelTest.php" line="170" class="ActionModelTest" classname="ActionModelTest" assertions="2" time="0.000089"/>
        <testcase name="testToArray" file="C:\xampp\htdocs\ypopsi\tests\unit\models\ActionModelTest.php" line="180" class="ActionModelTest" classname="ActionModelTest" assertions="1" time="0.001643"/>
      </testsuite>
      <testsuite name="GetQualificationModelTest" file="C:\xampp\htdocs\ypopsi\tests\unit\models\GetQualificationModelTest.php" tests="5" assertions="15" errors="0" failures="0" skipped="0" time="0.001982">
        <testcase name="testConstructor" file="C:\xampp\htdocs\ypopsi\tests\unit\models\GetQualificationModelTest.php" line="17" class="GetQualificationModelTest" classname="GetQualificationModelTest" assertions="4" time="0.000894"/>
        <testcase name="testConstructorWithoutId" file="C:\xampp\htdocs\ypopsi\tests\unit\models\GetQualificationModelTest.php" line="33" class="GetQualificationModelTest" classname="GetQualificationModelTest" assertions="4" time="0.000111"/>
        <testcase name="testFromArray" file="C:\xampp\htdocs\ypopsi\tests\unit\models\GetQualificationModelTest.php" line="50" class="GetQualificationModelTest" classname="GetQualificationModelTest" assertions="4" time="0.000404"/>
        <testcase name="testFromArrayWithEmptyData" file="C:\xampp\htdocs\ypopsi\tests\unit\models\GetQualificationModelTest.php" line="68" class="GetQualificationModelTest" classname="GetQualificationModelTest" assertions="2" time="0.000242"/>
        <testcase name="testToArray" file="C:\xampp\htdocs\ypopsi\tests\unit\models\GetQualificationModelTest.php" line="78" class="GetQualificationModelTest" classname="GetQualificationModelTest" assertions="1" time="0.000331"/>
      </testsuite>
      <testsuite name="HaveTheRightToModelTest" file="C:\xampp\htdocs\ypopsi\tests\unit\models\HaveTheRightToModelTest.php" tests="6" assertions="19" errors="0" failures="0" skipped="0" time="0.001289">
        <testcase name="testConstructor" file="C:\xampp\htdocs\ypopsi\tests\unit\models\HaveTheRightToModelTest.php" line="17" class="HaveTheRightToModelTest" classname="HaveTheRightToModelTest" assertions="4" time="0.000298"/>
        <testcase name="testConstructorWithourCandidate" file="C:\xampp\htdocs\ypopsi\tests\unit\models\HaveTheRightToModelTest.php" line="33" class="HaveTheRightToModelTest" classname="HaveTheRightToModelTest" assertions="4" time="0.000106"/>
        <testcase name="testConstructorWithout" file="C:\xampp\htdocs\ypopsi\tests\unit\models\HaveTheRightToModelTest.php" line="49" class="HaveTheRightToModelTest" classname="HaveTheRightToModelTest" assertions="4" time="0.000105"/>
        <testcase name="testFromArray" file="C:\xampp\htdocs\ypopsi\tests\unit\models\HaveTheRightToModelTest.php" line="66" class="HaveTheRightToModelTest" classname="HaveTheRightToModelTest" assertions="4" time="0.000159"/>
        <testcase name="testFromArrayWithEmptyData" file="C:\xampp\htdocs\ypopsi\tests\unit\models\HaveTheRightToModelTest.php" line="84" class="HaveTheRightToModelTest" classname="HaveTheRightToModelTest" assertions="2" time="0.000291"/>
        <testcase name="testToArray" file="C:\xampp\htdocs\ypopsi\tests\unit\models\HaveTheRightToModelTest.php" line="94" class="HaveTheRightToModelTest" classname="HaveTheRightToModelTest" assertions="1" time="0.000330"/>
      </testsuite>
      <testsuite name="HelpModelTest" file="C:\xampp\htdocs\ypopsi\tests\unit\models\HelpModelTest.php" tests="6" assertions="19" errors="0" failures="0" skipped="0" time="0.002319">
        <testcase name="testConstructor" file="C:\xampp\htdocs\ypopsi\tests\unit\models\HelpModelTest.php" line="17" class="HelpModelTest" classname="HelpModelTest" assertions="4" time="0.000687"/>
        <testcase name="testConstructorWithoutId" file="C:\xampp\htdocs\ypopsi\tests\unit\models\HelpModelTest.php" line="33" class="HelpModelTest" classname="HelpModelTest" assertions="4" time="0.000211"/>
        <testcase name="testConstructorWithoutDescription" file="C:\xampp\htdocs\ypopsi\tests\unit\models\HelpModelTest.php" line="49" class="HelpModelTest" classname="HelpModelTest" assertions="4" time="0.000356"/>
        <testcase name="testFromArrayWithValidData" file="C:\xampp\htdocs\ypopsi\tests\unit\models\HelpModelTest.php" line="66" class="HelpModelTest" classname="HelpModelTest" assertions="4" time="0.000262"/>
        <testcase name="testFromArrayWithEmptyData" file="C:\xampp\htdocs\ypopsi\tests\unit\models\HelpModelTest.php" line="84" class="HelpModelTest" classname="HelpModelTest" assertions="2" time="0.000530"/>
        <testcase name="testToArray" file="C:\xampp\htdocs\ypopsi\tests\unit\models\HelpModelTest.php" line="94" class="HelpModelTest" classname="HelpModelTest" assertions="1" time="0.000273"/>
      </testsuite>
      <testsuite name="QualificationModelTest" file="C:\xampp\htdocs\ypopsi\tests\unit\models\QualificationModelTest.php" tests="6" assertions="23" errors="0" failures="0" skipped="0" time="0.002529">
        <testcase name="testConstructor" file="C:\xampp\htdocs\ypopsi\tests\unit\models\QualificationModelTest.php" line="17" class="QualificationModelTest" classname="QualificationModelTest" assertions="5" time="0.000797"/>
        <testcase name="testConstructorWithoutId" file="C:\xampp\htdocs\ypopsi\tests\unit\models\QualificationModelTest.php" line="35" class="QualificationModelTest" classname="QualificationModelTest" assertions="5" time="0.000125"/>
        <testcase name="testConstructorWithoutAbreviation" file="C:\xampp\htdocs\ypopsi\tests\unit\models\QualificationModelTest.php" line="53" class="QualificationModelTest" classname="QualificationModelTest" assertions="5" time="0.000453"/>
        <testcase name="testFromArray" file="C:\xampp\htdocs\ypopsi\tests\unit\models\QualificationModelTest.php" line="72" class="QualificationModelTest" classname="QualificationModelTest" assertions="5" time="0.000342"/>
        <testcase name="testFromArrayWithEmptyData" file="C:\xampp\htdocs\ypopsi\tests\unit\models\QualificationModelTest.php" line="92" class="QualificationModelTest" classname="QualificationModelTest" assertions="2" time="0.000666"/>
        <testcase name="testToArray" file="C:\xampp\htdocs\ypopsi\tests\unit\models\QualificationModelTest.php" line="102" class="QualificationModelTest" classname="QualificationModelTest" assertions="1" time="0.000147"/>
      </testsuite>
      <testsuite name="TypesOfActionsModelTest" file="C:\xampp\htdocs\ypopsi\tests\unit\models\TypesOfActionsModelTest.php" tests="6" assertions="14" errors="0" failures="0" skipped="0" time="0.001367">
        <testcase name="testConstructor" file="C:\xampp\htdocs\ypopsi\tests\unit\models\TypesOfActionsModelTest.php" line="17" class="TypesOfActionsModelTest" classname="TypesOfActionsModelTest" assertions="3" time="0.000289"/>
        <testcase name="testCOnstructorWithoutId" file="C:\xampp\htdocs\ypopsi\tests\unit\models\TypesOfActionsModelTest.php" line="31" class="TypesOfActionsModelTest" classname="TypesOfActionsModelTest" assertions="3" time="0.000204"/>
        <testcase name="testConstructorWithInvalidId" file="C:\xampp\htdocs\ypopsi\tests\unit\models\TypesOfActionsModelTest.php" line="45" class="TypesOfActionsModelTest" classname="TypesOfActionsModelTest" assertions="2" time="0.000468"/>
        <testcase name="testFromArray" file="C:\xampp\htdocs\ypopsi\tests\unit\models\TypesOfActionsModelTest.php" line="59" class="TypesOfActionsModelTest" classname="TypesOfActionsModelTest" assertions="3" time="0.000106"/>
        <testcase name="testFromArrayWithEmptyData" file="C:\xampp\htdocs\ypopsi\tests\unit\models\TypesOfActionsModelTest.php" line="75" class="TypesOfActionsModelTest" classname="TypesOfActionsModelTest" assertions="2" time="0.000078"/>
        <testcase name="testToArray" file="C:\xampp\htdocs\ypopsi\tests\unit\models\TypesOfActionsModelTest.php" line="85" class="TypesOfActionsModelTest" classname="TypesOfActionsModelTest" assertions="1" time="0.000221"/>
      </testsuite>
      <testsuite name="UserModelTest" file="C:\xampp\htdocs\ypopsi\tests\unit\models\UserModelTest.php" tests="34" assertions="97" errors="0" failures="0" skipped="0" time="0.007281">
        <testcase name="testConstructor" file="C:\xampp\htdocs\ypopsi\tests\unit\models\UserModelTest.php" line="17" class="UserModelTest" classname="UserModelTest" assertions="12" time="0.001844"/>
        <testcase name="testConstructorWitoutId" file="C:\xampp\htdocs\ypopsi\tests\unit\models\UserModelTest.php" line="50" class="UserModelTest" classname="UserModelTest" assertions="12" time="0.000224"/>
        <testcase name="testConstructorWithInvalidId" file="C:\xampp\htdocs\ypopsi\tests\unit\models\UserModelTest.php" line="83" class="UserModelTest" classname="UserModelTest" assertions="2" time="0.000275"/>
        <testcase name="testConstructorWithInvalidIdentifier2" file="C:\xampp\htdocs\ypopsi\tests\unit\models\UserModelTest.php" line="106" class="UserModelTest" classname="UserModelTest" assertions="2" time="0.000174"/>
        <testcase name="testConstructorWithInvalidIdentifier3" file="C:\xampp\htdocs\ypopsi\tests\unit\models\UserModelTest.php" line="129" class="UserModelTest" classname="UserModelTest" assertions="2" time="0.000172"/>
        <testcase name="testConstructorWithInvalidIdentifier4" file="C:\xampp\htdocs\ypopsi\tests\unit\models\UserModelTest.php" line="152" class="UserModelTest" classname="UserModelTest" assertions="2" time="0.000180"/>
        <testcase name="testConstructorWithInvalidName1" file="C:\xampp\htdocs\ypopsi\tests\unit\models\UserModelTest.php" line="176" class="UserModelTest" classname="UserModelTest" assertions="2" time="0.000153"/>
        <testcase name="testConstructorWithInvalidName2" file="C:\xampp\htdocs\ypopsi\tests\unit\models\UserModelTest.php" line="199" class="UserModelTest" classname="UserModelTest" assertions="2" time="0.000178"/>
        <testcase name="testConstructorWithInvalidName3" file="C:\xampp\htdocs\ypopsi\tests\unit\models\UserModelTest.php" line="222" class="UserModelTest" classname="UserModelTest" assertions="2" time="0.000194"/>
        <testcase name="testConstructorWithInvalidName4" file="C:\xampp\htdocs\ypopsi\tests\unit\models\UserModelTest.php" line="245" class="UserModelTest" classname="UserModelTest" assertions="2" time="0.000130"/>
        <testcase name="testConstructorWithInvalidName5" file="C:\xampp\htdocs\ypopsi\tests\unit\models\UserModelTest.php" line="268" class="UserModelTest" classname="UserModelTest" assertions="2" time="0.000340"/>
        <testcase name="testConstructorWithInvalidFirstname1" file="C:\xampp\htdocs\ypopsi\tests\unit\models\UserModelTest.php" line="292" class="UserModelTest" classname="UserModelTest" assertions="2" time="0.000135"/>
        <testcase name="testConstructorWithInvalidFirstname2" file="C:\xampp\htdocs\ypopsi\tests\unit\models\UserModelTest.php" line="315" class="UserModelTest" classname="UserModelTest" assertions="2" time="0.000191"/>
        <testcase name="testConstructorWithInvalidFirstname3" file="C:\xampp\htdocs\ypopsi\tests\unit\models\UserModelTest.php" line="338" class="UserModelTest" classname="UserModelTest" assertions="2" time="0.000222"/>
        <testcase name="testConstructorWithInvalidFirstname4" file="C:\xampp\htdocs\ypopsi\tests\unit\models\UserModelTest.php" line="361" class="UserModelTest" classname="UserModelTest" assertions="2" time="0.000306"/>
        <testcase name="testConstructorWithInvalidFirstname5" file="C:\xampp\htdocs\ypopsi\tests\unit\models\UserModelTest.php" line="384" class="UserModelTest" classname="UserModelTest" assertions="2" time="0.000202"/>
        <testcase name="testConstructorWithInvalidEmail1" file="C:\xampp\htdocs\ypopsi\tests\unit\models\UserModelTest.php" line="408" class="UserModelTest" classname="UserModelTest" assertions="2" time="0.000137"/>
        <testcase name="testConstructorWithInvalidEmail2" file="C:\xampp\htdocs\ypopsi\tests\unit\models\UserModelTest.php" line="431" class="UserModelTest" classname="UserModelTest" assertions="2" time="0.000158"/>
        <testcase name="testConstructorWithInvalidEmail3" file="C:\xampp\htdocs\ypopsi\tests\unit\models\UserModelTest.php" line="454" class="UserModelTest" classname="UserModelTest" assertions="2" time="0.000135"/>
        <testcase name="testConstructorWithInvalidEmail4" file="C:\xampp\htdocs\ypopsi\tests\unit\models\UserModelTest.php" line="477" class="UserModelTest" classname="UserModelTest" assertions="2" time="0.000136"/>
        <testcase name="testConstructorWithInvalidEmail5" file="C:\xampp\htdocs\ypopsi\tests\unit\models\UserModelTest.php" line="500" class="UserModelTest" classname="UserModelTest" assertions="2" time="0.000173"/>
        <testcase name="testConstructorWithInvalidEmail6" file="C:\xampp\htdocs\ypopsi\tests\unit\models\UserModelTest.php" line="523" class="UserModelTest" classname="UserModelTest" assertions="2" time="0.000110"/>
        <testcase name="testConstructorWithInvalidEmail7" file="C:\xampp\htdocs\ypopsi\tests\unit\models\UserModelTest.php" line="546" class="UserModelTest" classname="UserModelTest" assertions="2" time="0.000148"/>
        <testcase name="testConstructorWithInvalidEmail8" file="C:\xampp\htdocs\ypopsi\tests\unit\models\UserModelTest.php" line="569" class="UserModelTest" classname="UserModelTest" assertions="2" time="0.000132"/>
        <testcase name="testConstructorWithInvalidEmail9" file="C:\xampp\htdocs\ypopsi\tests\unit\models\UserModelTest.php" line="592" class="UserModelTest" classname="UserModelTest" assertions="2" time="0.000132"/>
        <testcase name="testConstructorWithInvalidEmail10" file="C:\xampp\htdocs\ypopsi\tests\unit\models\UserModelTest.php" line="615" class="UserModelTest" classname="UserModelTest" assertions="2" time="0.000136"/>
        <testcase name="testConstructorWithInvalidEmail11" file="C:\xampp\htdocs\ypopsi\tests\unit\models\UserModelTest.php" line="638" class="UserModelTest" classname="UserModelTest" assertions="2" time="0.000119"/>
        <testcase name="testConstructorWithInvalidRole1" file="C:\xampp\htdocs\ypopsi\tests\unit\models\UserModelTest.php" line="662" class="UserModelTest" classname="UserModelTest" assertions="2" time="0.000082"/>
        <testcase name="testConstructorWithInvalidRole2" file="C:\xampp\htdocs\ypopsi\tests\unit\models\UserModelTest.php" line="685" class="UserModelTest" classname="UserModelTest" assertions="2" time="0.000077"/>
        <testcase name="testConstructorWithInvalidEstablishment1" file="C:\xampp\htdocs\ypopsi\tests\unit\models\UserModelTest.php" line="709" class="UserModelTest" classname="UserModelTest" assertions="2" time="0.000080"/>
        <testcase name="testConstructorWithInvalidEstablishment2" file="C:\xampp\htdocs\ypopsi\tests\unit\models\UserModelTest.php" line="732" class="UserModelTest" classname="UserModelTest" assertions="2" time="0.000130"/>
        <testcase name="testFromArrayWithValidData" file="C:\xampp\htdocs\ypopsi\tests\unit\models\UserModelTest.php" line="756" class="UserModelTest" classname="UserModelTest" assertions="12" time="0.000140"/>
        <testcase name="testFromArrayWithEmptyData" file="C:\xampp\htdocs\ypopsi\tests\unit\models\UserModelTest.php" line="790" class="UserModelTest" classname="UserModelTest" assertions="2" time="0.000069"/>
        <testcase name="testToArray" file="C:\xampp\htdocs\ypopsi\tests\unit\models\UserModelTest.php" line="800" class="UserModelTest" classname="UserModelTest" assertions="1" time="0.000267"/>
      </testsuite>
      <testsuite name="DataFormatManipTest" file="C:\xampp\htdocs\ypopsi\tests\unit\tools\DataFormatManipTest.php" tests="9" assertions="59" errors="0" failures="0" skipped="0" time="0.001794">
        <testcase name="testIsValidKey" file="C:\xampp\htdocs\ypopsi\tests\unit\tools\DataFormatManipTest.php" line="16" class="DataFormatManipTest" classname="DataFormatManipTest" assertions="5" time="0.000104"/>
        <testcase name="testIsValidIdentifier" file="C:\xampp\htdocs\ypopsi\tests\unit\tools\DataFormatManipTest.php" line="30" class="DataFormatManipTest" classname="DataFormatManipTest" assertions="5" time="0.000135"/>
        <testcase name="testIsValidName" file="C:\xampp\htdocs\ypopsi\tests\unit\tools\DataFormatManipTest.php" line="49" class="DataFormatManipTest" classname="DataFormatManipTest" assertions="8" time="0.000101"/>
        <testcase name="testIsValidEmail" file="C:\xampp\htdocs\ypopsi\tests\unit\tools\DataFormatManipTest.php" line="74" class="DataFormatManipTest" classname="DataFormatManipTest" assertions="17" time="0.000129"/>
        <testcase name="testIsValidPhoneNumber" file="C:\xampp\htdocs\ypopsi\tests\unit\tools\DataFormatManipTest.php" line="117" class="DataFormatManipTest" classname="DataFormatManipTest" assertions="9" time="0.000124"/>
        <testcase name="testIsValidPostCode" file="C:\xampp\htdocs\ypopsi\tests\unit\tools\DataFormatManipTest.php" line="144" class="DataFormatManipTest" classname="DataFormatManipTest" assertions="9" time="0.000104"/>
        <testcase name="testNameFormat" file="C:\xampp\htdocs\ypopsi\tests\unit\tools\DataFormatManipTest.php" line="172" class="DataFormatManipTest" classname="DataFormatManipTest" assertions="2" time="0.000100"/>
        <testcase name="testMajusculeFormat" file="C:\xampp\htdocs\ypopsi\tests\unit\tools\DataFormatManipTest.php" line="183" class="DataFormatManipTest" classname="DataFormatManipTest" assertions="2" time="0.000546"/>
        <testcase name="testPhoneNumberFormat" file="C:\xampp\htdocs\ypopsi\tests\unit\tools\DataFormatManipTest.php" line="194" class="DataFormatManipTest" classname="DataFormatManipTest" assertions="2" time="0.000450"/>
      </testsuite>
      <testsuite name="PasswordsManipTest" file="C:\xampp\htdocs\ypopsi\tests\unit\tools\PasswordsManipTest.php" tests="2" assertions="21" errors="0" failures="0" skipped="0" time="0.001369">
        <testcase name="testIsValidPassword" file="C:\xampp\htdocs\ypopsi\tests\unit\tools\PasswordsManipTest.php" line="15" class="PasswordsManipTest" classname="PasswordsManipTest" assertions="15" time="0.000975"/>
        <testcase name="testRandomPassword" file="C:\xampp\htdocs\ypopsi\tests\unit\tools\PasswordsManipTest.php" line="39" class="PasswordsManipTest" classname="PasswordsManipTest" assertions="6" time="0.000394"/>
      </testsuite>
    </testsuite>
  </testsuite>
</testsuites>
