<?xml version="1.0" encoding="UTF-8"?>
<testsuites>
  <testsuite name="ContractModelTest" file="C:\xampp\htdocs\ypopsi\tests\unit\models\ContractModelTest.php" tests="40" assertions="95" errors="0" failures="0" skipped="0" time="0.008221">
    <testcase name="testConstructor" file="C:\xampp\htdocs\ypopsi\tests\unit\models\ContractModelTest.php" line="20" class="ContractModelTest" classname="ContractModelTest" assertions="17" time="0.003076"/>
    <testcase name="testConstructorWithoutId" file="C:\xampp\htdocs\ypopsi\tests\unit\models\ContractModelTest.php" line="65" class="ContractModelTest" classname="ContractModelTest" assertions="17" time="0.000300"/>
    <testcase name="testConstructorWithoutEndDate" file="C:\xampp\htdocs\ypopsi\tests\unit\models\ContractModelTest.php" line="109" class="ContractModelTest" classname="ContractModelTest" assertions="2" time="0.000110"/>
    <testcase name="testConstructorWithoutPropositionDate" file="C:\xampp\htdocs\ypopsi\tests\unit\models\ContractModelTest.php" line="138" class="ContractModelTest" classname="ContractModelTest" assertions="2" time="0.000089"/>
    <testcase name="testConstructorWithoutSignatureDate" file="C:\xampp\htdocs\ypopsi\tests\unit\models\ContractModelTest.php" line="167" class="ContractModelTest" classname="ContractModelTest" assertions="2" time="0.000115"/>
    <testcase name="testConstructorWithoutResignationDate" file="C:\xampp\htdocs\ypopsi\tests\unit\models\ContractModelTest.php" line="196" class="ContractModelTest" classname="ContractModelTest" assertions="2" time="0.000084"/>
    <testcase name="testConstructorWithoutSalary" file="C:\xampp\htdocs\ypopsi\tests\unit\models\ContractModelTest.php" line="225" class="ContractModelTest" classname="ContractModelTest" assertions="2" time="0.000072"/>
    <testcase name="testConstructorWithoutHourlyRate" file="C:\xampp\htdocs\ypopsi\tests\unit\models\ContractModelTest.php" line="254" class="ContractModelTest" classname="ContractModelTest" assertions="2" time="0.000072"/>
    <testcase name="testConstructorWithInvalidId" file="C:\xampp\htdocs\ypopsi\tests\unit\models\ContractModelTest.php" line="284" class="ContractModelTest" classname="ContractModelTest" assertions="2" time="0.000605"/>
    <testcase name="testConstructorWithInvalidStartDate" file="C:\xampp\htdocs\ypopsi\tests\unit\models\ContractModelTest.php" line="314" class="ContractModelTest" classname="ContractModelTest" assertions="2" time="0.000088"/>
    <testcase name="testConstructorWithInvalidEndDate" file="C:\xampp\htdocs\ypopsi\tests\unit\models\ContractModelTest.php" line="344" class="ContractModelTest" classname="ContractModelTest" assertions="2" time="0.000076"/>
    <testcase name="testConstructorWithInvalidPropositionDate" file="C:\xampp\htdocs\ypopsi\tests\unit\models\ContractModelTest.php" line="374" class="ContractModelTest" classname="ContractModelTest" assertions="2" time="0.000076"/>
    <testcase name="testConstructorWithInvalidSignatureDate" file="C:\xampp\htdocs\ypopsi\tests\unit\models\ContractModelTest.php" line="404" class="ContractModelTest" classname="ContractModelTest" assertions="2" time="0.000078"/>
    <testcase name="testConstructorWithInvalidResignationDate" file="C:\xampp\htdocs\ypopsi\tests\unit\models\ContractModelTest.php" line="434" class="ContractModelTest" classname="ContractModelTest" assertions="2" time="0.000079"/>
    <testcase name="testConstructorWithInvalidSalary" file="C:\xampp\htdocs\ypopsi\tests\unit\models\ContractModelTest.php" line="464" class="ContractModelTest" classname="ContractModelTest" assertions="2" time="0.000077"/>
    <testcase name="testConstructorWithInvalidHourlyRate" file="C:\xampp\htdocs\ypopsi\tests\unit\models\ContractModelTest.php" line="494" class="ContractModelTest" classname="ContractModelTest" assertions="2" time="0.000076"/>
    <testcase name="testConstructorWithInvalidCandidate" file="C:\xampp\htdocs\ypopsi\tests\unit\models\ContractModelTest.php" line="524" class="ContractModelTest" classname="ContractModelTest" assertions="2" time="0.000079"/>
    <testcase name="testConstructorWithInvalidJob" file="C:\xampp\htdocs\ypopsi\tests\unit\models\ContractModelTest.php" line="554" class="ContractModelTest" classname="ContractModelTest" assertions="2" time="0.000079"/>
    <testcase name="testConstructorWithInvalidService" file="C:\xampp\htdocs\ypopsi\tests\unit\models\ContractModelTest.php" line="584" class="ContractModelTest" classname="ContractModelTest" assertions="2" time="0.000158"/>
    <testcase name="testConstructorWithInvalidEstablishment" file="C:\xampp\htdocs\ypopsi\tests\unit\models\ContractModelTest.php" line="614" class="ContractModelTest" classname="ContractModelTest" assertions="2" time="0.000317"/>
    <testcase name="testConstructorWithInvalidType" file="C:\xampp\htdocs\ypopsi\tests\unit\models\ContractModelTest.php" line="644" class="ContractModelTest" classname="ContractModelTest" assertions="2" time="0.000201"/>
    <testcase name="testGetId" file="C:\xampp\htdocs\ypopsi\tests\unit\models\ContractModelTest.php" line="675" class="ContractModelTest" classname="ContractModelTest" assertions="1" time="0.000101"/>
    <testcase name="testGetStartDate" file="C:\xampp\htdocs\ypopsi\tests\unit\models\ContractModelTest.php" line="703" class="ContractModelTest" classname="ContractModelTest" assertions="1" time="0.000073"/>
    <testcase name="testGetEndDate" file="C:\xampp\htdocs\ypopsi\tests\unit\models\ContractModelTest.php" line="731" class="ContractModelTest" classname="ContractModelTest" assertions="1" time="0.000066"/>
    <testcase name="testGetProposition" file="C:\xampp\htdocs\ypopsi\tests\unit\models\ContractModelTest.php" line="759" class="ContractModelTest" classname="ContractModelTest" assertions="1" time="0.000069"/>
    <testcase name="testGetSignature" file="C:\xampp\htdocs\ypopsi\tests\unit\models\ContractModelTest.php" line="787" class="ContractModelTest" classname="ContractModelTest" assertions="1" time="0.000068"/>
    <testcase name="testGetResignation" file="C:\xampp\htdocs\ypopsi\tests\unit\models\ContractModelTest.php" line="815" class="ContractModelTest" classname="ContractModelTest" assertions="1" time="0.000068"/>
    <testcase name="testGetRefused" file="C:\xampp\htdocs\ypopsi\tests\unit\models\ContractModelTest.php" line="843" class="ContractModelTest" classname="ContractModelTest" assertions="1" time="0.000067"/>
    <testcase name="testGetSalary" file="C:\xampp\htdocs\ypopsi\tests\unit\models\ContractModelTest.php" line="871" class="ContractModelTest" classname="ContractModelTest" assertions="1" time="0.000072"/>
    <testcase name="testGetHourlyRate" file="C:\xampp\htdocs\ypopsi\tests\unit\models\ContractModelTest.php" line="899" class="ContractModelTest" classname="ContractModelTest" assertions="1" time="0.000093"/>
    <testcase name="testGetNightWork" file="C:\xampp\htdocs\ypopsi\tests\unit\models\ContractModelTest.php" line="927" class="ContractModelTest" classname="ContractModelTest" assertions="1" time="0.000087"/>
    <testcase name="testGetWkWork" file="C:\xampp\htdocs\ypopsi\tests\unit\models\ContractModelTest.php" line="955" class="ContractModelTest" classname="ContractModelTest" assertions="1" time="0.000070"/>
    <testcase name="testGetCandidate" file="C:\xampp\htdocs\ypopsi\tests\unit\models\ContractModelTest.php" line="983" class="ContractModelTest" classname="ContractModelTest" assertions="1" time="0.000079"/>
    <testcase name="testGetJob" file="C:\xampp\htdocs\ypopsi\tests\unit\models\ContractModelTest.php" line="1011" class="ContractModelTest" classname="ContractModelTest" assertions="1" time="0.000089"/>
    <testcase name="testGetService" file="C:\xampp\htdocs\ypopsi\tests\unit\models\ContractModelTest.php" line="1039" class="ContractModelTest" classname="ContractModelTest" assertions="1" time="0.000070"/>
    <testcase name="testGetEstablishment" file="C:\xampp\htdocs\ypopsi\tests\unit\models\ContractModelTest.php" line="1067" class="ContractModelTest" classname="ContractModelTest" assertions="1" time="0.000077"/>
    <testcase name="testGetType" file="C:\xampp\htdocs\ypopsi\tests\unit\models\ContractModelTest.php" line="1095" class="ContractModelTest" classname="ContractModelTest" assertions="1" time="0.000072"/>
    <testcase name="testCreate" file="C:\xampp\htdocs\ypopsi\tests\unit\models\ContractModelTest.php" line="1124" class="ContractModelTest" classname="ContractModelTest" assertions="3" time="0.000060"/>
    <testcase name="testToArray" file="C:\xampp\htdocs\ypopsi\tests\unit\models\ContractModelTest.php" line="1151" class="ContractModelTest" classname="ContractModelTest" assertions="1" time="0.000929"/>
    <testcase name="testFromArray" file="C:\xampp\htdocs\ypopsi\tests\unit\models\ContractModelTest.php" line="1198" class="ContractModelTest" classname="ContractModelTest" assertions="3" time="0.000103"/>
  </testsuite>
</testsuites>
