<?xml version="1.0" encoding="UTF-8"?>
<testsuites>
  <testsuite name="UserModelTest" file="/Applications/XAMPP/xamppfiles/htdocs/Ypopsi/tests/unit/models/UserModelTest.php" tests="34" assertions="97" errors="0" failures="0" skipped="0" time="0.012114">
    <testcase name="testConstructor" file="/Applications/XAMPP/xamppfiles/htdocs/Ypopsi/tests/unit/models/UserModelTest.php" line="18" class="UserModelTest" classname="UserModelTest" assertions="12" time="0.004576"/>
    <testcase name="testConstructorWitoutId" file="/Applications/XAMPP/xamppfiles/htdocs/Ypopsi/tests/unit/models/UserModelTest.php" line="51" class="UserModelTest" classname="UserModelTest" assertions="12" time="0.000319"/>
    <testcase name="testConstructorWithInvalidId" file="/Applications/XAMPP/xamppfiles/htdocs/Ypopsi/tests/unit/models/UserModelTest.php" line="84" class="UserModelTest" classname="UserModelTest" assertions="2" time="0.001190"/>
    <testcase name="testConstructorWithInvalidIdentifier2" file="/Applications/XAMPP/xamppfiles/htdocs/Ypopsi/tests/unit/models/UserModelTest.php" line="107" class="UserModelTest" classname="UserModelTest" assertions="2" time="0.000277"/>
    <testcase name="testConstructorWithInvalidIdentifier3" file="/Applications/XAMPP/xamppfiles/htdocs/Ypopsi/tests/unit/models/UserModelTest.php" line="130" class="UserModelTest" classname="UserModelTest" assertions="2" time="0.000171"/>
    <testcase name="testConstructorWithInvalidIdentifier4" file="/Applications/XAMPP/xamppfiles/htdocs/Ypopsi/tests/unit/models/UserModelTest.php" line="153" class="UserModelTest" classname="UserModelTest" assertions="2" time="0.000164"/>
    <testcase name="testConstructorWithInvalidName1" file="/Applications/XAMPP/xamppfiles/htdocs/Ypopsi/tests/unit/models/UserModelTest.php" line="177" class="UserModelTest" classname="UserModelTest" assertions="2" time="0.000164"/>
    <testcase name="testConstructorWithInvalidName2" file="/Applications/XAMPP/xamppfiles/htdocs/Ypopsi/tests/unit/models/UserModelTest.php" line="200" class="UserModelTest" classname="UserModelTest" assertions="2" time="0.000161"/>
    <testcase name="testConstructorWithInvalidName3" file="/Applications/XAMPP/xamppfiles/htdocs/Ypopsi/tests/unit/models/UserModelTest.php" line="223" class="UserModelTest" classname="UserModelTest" assertions="2" time="0.000159"/>
    <testcase name="testConstructorWithInvalidName4" file="/Applications/XAMPP/xamppfiles/htdocs/Ypopsi/tests/unit/models/UserModelTest.php" line="246" class="UserModelTest" classname="UserModelTest" assertions="2" time="0.000157"/>
    <testcase name="testConstructorWithInvalidName5" file="/Applications/XAMPP/xamppfiles/htdocs/Ypopsi/tests/unit/models/UserModelTest.php" line="269" class="UserModelTest" classname="UserModelTest" assertions="2" time="0.000156"/>
    <testcase name="testConstructorWithInvalidFirstname1" file="/Applications/XAMPP/xamppfiles/htdocs/Ypopsi/tests/unit/models/UserModelTest.php" line="293" class="UserModelTest" classname="UserModelTest" assertions="2" time="0.000162"/>
    <testcase name="testConstructorWithInvalidFirstname2" file="/Applications/XAMPP/xamppfiles/htdocs/Ypopsi/tests/unit/models/UserModelTest.php" line="316" class="UserModelTest" classname="UserModelTest" assertions="2" time="0.000158"/>
    <testcase name="testConstructorWithInvalidFirstname3" file="/Applications/XAMPP/xamppfiles/htdocs/Ypopsi/tests/unit/models/UserModelTest.php" line="339" class="UserModelTest" classname="UserModelTest" assertions="2" time="0.000169"/>
    <testcase name="testConstructorWithInvalidFirstname4" file="/Applications/XAMPP/xamppfiles/htdocs/Ypopsi/tests/unit/models/UserModelTest.php" line="362" class="UserModelTest" classname="UserModelTest" assertions="2" time="0.000180"/>
    <testcase name="testConstructorWithInvalidFirstname5" file="/Applications/XAMPP/xamppfiles/htdocs/Ypopsi/tests/unit/models/UserModelTest.php" line="385" class="UserModelTest" classname="UserModelTest" assertions="2" time="0.000176"/>
    <testcase name="testConstructorWithInvalidEmail1" file="/Applications/XAMPP/xamppfiles/htdocs/Ypopsi/tests/unit/models/UserModelTest.php" line="409" class="UserModelTest" classname="UserModelTest" assertions="2" time="0.000165"/>
    <testcase name="testConstructorWithInvalidEmail2" file="/Applications/XAMPP/xamppfiles/htdocs/Ypopsi/tests/unit/models/UserModelTest.php" line="432" class="UserModelTest" classname="UserModelTest" assertions="2" time="0.000167"/>
    <testcase name="testConstructorWithInvalidEmail3" file="/Applications/XAMPP/xamppfiles/htdocs/Ypopsi/tests/unit/models/UserModelTest.php" line="455" class="UserModelTest" classname="UserModelTest" assertions="2" time="0.000167"/>
    <testcase name="testConstructorWithInvalidEmail4" file="/Applications/XAMPP/xamppfiles/htdocs/Ypopsi/tests/unit/models/UserModelTest.php" line="478" class="UserModelTest" classname="UserModelTest" assertions="2" time="0.000164"/>
    <testcase name="testConstructorWithInvalidEmail5" file="/Applications/XAMPP/xamppfiles/htdocs/Ypopsi/tests/unit/models/UserModelTest.php" line="501" class="UserModelTest" classname="UserModelTest" assertions="2" time="0.000164"/>
    <testcase name="testConstructorWithInvalidEmail6" file="/Applications/XAMPP/xamppfiles/htdocs/Ypopsi/tests/unit/models/UserModelTest.php" line="524" class="UserModelTest" classname="UserModelTest" assertions="2" time="0.000164"/>
    <testcase name="testConstructorWithInvalidEmail7" file="/Applications/XAMPP/xamppfiles/htdocs/Ypopsi/tests/unit/models/UserModelTest.php" line="547" class="UserModelTest" classname="UserModelTest" assertions="2" time="0.000165"/>
    <testcase name="testConstructorWithInvalidEmail8" file="/Applications/XAMPP/xamppfiles/htdocs/Ypopsi/tests/unit/models/UserModelTest.php" line="570" class="UserModelTest" classname="UserModelTest" assertions="2" time="0.000163"/>
    <testcase name="testConstructorWithInvalidEmail9" file="/Applications/XAMPP/xamppfiles/htdocs/Ypopsi/tests/unit/models/UserModelTest.php" line="593" class="UserModelTest" classname="UserModelTest" assertions="2" time="0.000164"/>
    <testcase name="testConstructorWithInvalidEmail10" file="/Applications/XAMPP/xamppfiles/htdocs/Ypopsi/tests/unit/models/UserModelTest.php" line="616" class="UserModelTest" classname="UserModelTest" assertions="2" time="0.000165"/>
    <testcase name="testConstructorWithInvalidEmail11" file="/Applications/XAMPP/xamppfiles/htdocs/Ypopsi/tests/unit/models/UserModelTest.php" line="639" class="UserModelTest" classname="UserModelTest" assertions="2" time="0.000164"/>
    <testcase name="testConstructorWithInvalidRole1" file="/Applications/XAMPP/xamppfiles/htdocs/Ypopsi/tests/unit/models/UserModelTest.php" line="663" class="UserModelTest" classname="UserModelTest" assertions="2" time="0.000164"/>
    <testcase name="testConstructorWithInvalidRole2" file="/Applications/XAMPP/xamppfiles/htdocs/Ypopsi/tests/unit/models/UserModelTest.php" line="686" class="UserModelTest" classname="UserModelTest" assertions="2" time="0.000163"/>
    <testcase name="testConstructorWithInvalidEstablishment1" file="/Applications/XAMPP/xamppfiles/htdocs/Ypopsi/tests/unit/models/UserModelTest.php" line="710" class="UserModelTest" classname="UserModelTest" assertions="2" time="0.000170"/>
    <testcase name="testConstructorWithInvalidEstablishment2" file="/Applications/XAMPP/xamppfiles/htdocs/Ypopsi/tests/unit/models/UserModelTest.php" line="733" class="UserModelTest" classname="UserModelTest" assertions="2" time="0.000167"/>
    <testcase name="testFromArrayWithValidData" file="/Applications/XAMPP/xamppfiles/htdocs/Ypopsi/tests/unit/models/UserModelTest.php" line="757" class="UserModelTest" classname="UserModelTest" assertions="12" time="0.000170"/>
    <testcase name="testFromArrayWithEmptyData" file="/Applications/XAMPP/xamppfiles/htdocs/Ypopsi/tests/unit/models/UserModelTest.php" line="791" class="UserModelTest" classname="UserModelTest" assertions="2" time="0.000250"/>
    <testcase name="testToArray" file="/Applications/XAMPP/xamppfiles/htdocs/Ypopsi/tests/unit/models/UserModelTest.php" line="801" class="UserModelTest" classname="UserModelTest" assertions="1" time="0.000880"/>
  </testsuite>
</testsuites>
