<?xml version="1.0" encoding="UTF-8"?>
<testsuites>
  <testsuite name="TimeManagerTest" file="C:\xampp\htdocs\ypopsi\tests\unit\tools\TimeManagerTest.php" tests="4" assertions="6" errors="0" failures="0" skipped="0" time="0.003468">
    <testcase name="testConstructorWithValidDate" file="C:\xampp\htdocs\ypopsi\tests\unit\tools\TimeManagerTest.php" line="13" class="TimeManagerTest" classname="TimeManagerTest" assertions="2" time="0.002366"/>
    <testcase name="testConstructorWithInvalidDate" file="C:\xampp\htdocs\ypopsi\tests\unit\tools\TimeManagerTest.php" line="24" class="TimeManagerTest" classname="TimeManagerTest" assertions="2" time="0.000766"/>
    <testcase name="testGetDate" file="C:\xampp\htdocs\ypopsi\tests\unit\tools\TimeManagerTest.php" line="53" class="TimeManagerTest" classname="TimeManagerTest" assertions="1" time="0.000239"/>
    <testcase name="testGetTimestamp" file="C:\xampp\htdocs\ypopsi\tests\unit\tools\TimeManagerTest.php" line="63" class="TimeManagerTest" classname="TimeManagerTest" assertions="1" time="0.000096"/>
  </testsuite>
</testsuites>
