<?xml version="1.0" encoding="UTF-8"?>
<testsuites>
  <testsuite name="C:\xampp\htdocs\ypopsi\phpunit.xml" tests="207" assertions="552" errors="4" failures="20" skipped="0" time="0.182011">
    <testsuite name="Application Test Suite" tests="207" assertions="552" errors="4" failures="20" skipped="0" time="0.182011">
      <testsuite name="ActionModelTest" file="C:\xampp\htdocs\ypopsi\tests\unit\models\ActionModelTest.php" tests="18" assertions="58" errors="0" failures="0" skipped="0" time="0.017385">
        <testcase name="testConstructor" file="C:\xampp\htdocs\ypopsi\tests\unit\models\ActionModelTest.php" line="20" class="ActionModelTest" classname="ActionModelTest" assertions="6" time="0.008045"/>
        <testcase name="testConstructorWithoutId" file="C:\xampp\htdocs\ypopsi\tests\unit\models\ActionModelTest.php" line="43" class="ActionModelTest" classname="ActionModelTest" assertions="6" time="0.000346"/>
        <testcase name="testConstructorWithoutDescription" file="C:\xampp\htdocs\ypopsi\tests\unit\models\ActionModelTest.php" line="65" class="ActionModelTest" classname="ActionModelTest" assertions="6" time="0.000121"/>
        <testcase name="testConstructorWithoutDate" file="C:\xampp\htdocs\ypopsi\tests\unit\models\ActionModelTest.php" line="87" class="ActionModelTest" classname="ActionModelTest" assertions="6" time="0.000119"/>
        <testcase name="testConstructorWithInvalidId" file="C:\xampp\htdocs\ypopsi\tests\unit\models\ActionModelTest.php" line="111" class="ActionModelTest" classname="ActionModelTest" assertions="2" time="0.005412"/>
        <testcase name="testConstructorWithInvalidDate" file="C:\xampp\htdocs\ypopsi\tests\unit\models\ActionModelTest.php" line="130" class="ActionModelTest" classname="ActionModelTest" assertions="2" time="0.000417"/>
        <testcase name="testConstructorWithInvalidUser" file="C:\xampp\htdocs\ypopsi\tests\unit\models\ActionModelTest.php" line="149" class="ActionModelTest" classname="ActionModelTest" assertions="2" time="0.000382"/>
        <testcase name="testConstructorWithInvalidType" file="C:\xampp\htdocs\ypopsi\tests\unit\models\ActionModelTest.php" line="168" class="ActionModelTest" classname="ActionModelTest" assertions="2" time="0.000401"/>
        <testcase name="testGetId" file="C:\xampp\htdocs\ypopsi\tests\unit\models\ActionModelTest.php" line="186" class="ActionModelTest" classname="ActionModelTest" assertions="1" time="0.000342"/>
        <testcase name="testGetDescription" file="C:\xampp\htdocs\ypopsi\tests\unit\models\ActionModelTest.php" line="201" class="ActionModelTest" classname="ActionModelTest" assertions="1" time="0.000324"/>
        <testcase name="testGetDate" file="C:\xampp\htdocs\ypopsi\tests\unit\models\ActionModelTest.php" line="216" class="ActionModelTest" classname="ActionModelTest" assertions="1" time="0.000338"/>
        <testcase name="testGetUser" file="C:\xampp\htdocs\ypopsi\tests\unit\models\ActionModelTest.php" line="231" class="ActionModelTest" classname="ActionModelTest" assertions="1" time="0.000101"/>
        <testcase name="testGetType" file="C:\xampp\htdocs\ypopsi\tests\unit\models\ActionModelTest.php" line="246" class="ActionModelTest" classname="ActionModelTest" assertions="1" time="0.000097"/>
        <testcase name="testCreate" file="C:\xampp\htdocs\ypopsi\tests\unit\models\ActionModelTest.php" line="264" class="ActionModelTest" classname="ActionModelTest" assertions="6" time="0.000121"/>
        <testcase name="testCreateWithoutDescritpion" file="C:\xampp\htdocs\ypopsi\tests\unit\models\ActionModelTest.php" line="284" class="ActionModelTest" classname="ActionModelTest" assertions="6" time="0.000103"/>
        <testcase name="testFromArray" file="C:\xampp\htdocs\ypopsi\tests\unit\models\ActionModelTest.php" line="305" class="ActionModelTest" classname="ActionModelTest" assertions="6" time="0.000127"/>
        <testcase name="testFromArrayWithEmptyData" file="C:\xampp\htdocs\ypopsi\tests\unit\models\ActionModelTest.php" line="329" class="ActionModelTest" classname="ActionModelTest" assertions="2" time="0.000082"/>
        <testcase name="testToArray" file="C:\xampp\htdocs\ypopsi\tests\unit\models\ActionModelTest.php" line="341" class="ActionModelTest" classname="ActionModelTest" assertions="1" time="0.000507"/>
      </testsuite>
      <testsuite name="EstablishmentModelTest" file="C:\xampp\htdocs\ypopsi\tests\unit\models\EstablishmentModelTest.php" tests="17" assertions="49" errors="0" failures="0" skipped="0" time="0.011201">
        <testcase name="testConstructor" file="C:\xampp\htdocs\ypopsi\tests\unit\models\EstablishmentModelTest.php" line="18" class="EstablishmentModelTest" classname="EstablishmentModelTest" assertions="8" time="0.005640"/>
        <testcase name="testConstructorWithoutId" file="C:\xampp\htdocs\ypopsi\tests\unit\models\EstablishmentModelTest.php" line="45" class="EstablishmentModelTest" classname="EstablishmentModelTest" assertions="8" time="0.000327"/>
        <testcase name="testConstructorWithoutDescription" file="C:\xampp\htdocs\ypopsi\tests\unit\models\EstablishmentModelTest.php" line="71" class="EstablishmentModelTest" classname="EstablishmentModelTest" assertions="8" time="0.000204"/>
        <testcase name="testConstructorWithoutPole" file="C:\xampp\htdocs\ypopsi\tests\unit\models\EstablishmentModelTest.php" line="97" class="EstablishmentModelTest" classname="EstablishmentModelTest" assertions="8" time="0.000106"/>
        <testcase name="testConstructorWithInvalidId" file="C:\xampp\htdocs\ypopsi\tests\unit\models\EstablishmentModelTest.php" line="124" class="EstablishmentModelTest" classname="EstablishmentModelTest" assertions="2" time="0.003603"/>
        <testcase name="testConstructorWithInvalidPostcode" file="C:\xampp\htdocs\ypopsi\tests\unit\models\EstablishmentModelTest.php" line="144" class="EstablishmentModelTest" classname="EstablishmentModelTest" assertions="2" time="0.000105"/>
        <testcase name="testConstructorWithInvalidPole" file="C:\xampp\htdocs\ypopsi\tests\unit\models\EstablishmentModelTest.php" line="165" class="EstablishmentModelTest" classname="EstablishmentModelTest" assertions="2" time="0.000096"/>
        <testcase name="testGetId" file="C:\xampp\htdocs\ypopsi\tests\unit\models\EstablishmentModelTest.php" line="185" class="EstablishmentModelTest" classname="EstablishmentModelTest" assertions="1" time="0.000119"/>
        <testcase name="testGetTitled" file="C:\xampp\htdocs\ypopsi\tests\unit\models\EstablishmentModelTest.php" line="202" class="EstablishmentModelTest" classname="EstablishmentModelTest" assertions="1" time="0.000083"/>
        <testcase name="testGetAddress" file="C:\xampp\htdocs\ypopsi\tests\unit\models\EstablishmentModelTest.php" line="219" class="EstablishmentModelTest" classname="EstablishmentModelTest" assertions="1" time="0.000083"/>
        <testcase name="testGetCity" file="C:\xampp\htdocs\ypopsi\tests\unit\models\EstablishmentModelTest.php" line="236" class="EstablishmentModelTest" classname="EstablishmentModelTest" assertions="1" time="0.000082"/>
        <testcase name="testGetPostcode" file="C:\xampp\htdocs\ypopsi\tests\unit\models\EstablishmentModelTest.php" line="253" class="EstablishmentModelTest" classname="EstablishmentModelTest" assertions="1" time="0.000088"/>
        <testcase name="testGetDescription" file="C:\xampp\htdocs\ypopsi\tests\unit\models\EstablishmentModelTest.php" line="270" class="EstablishmentModelTest" classname="EstablishmentModelTest" assertions="1" time="0.000090"/>
        <testcase name="testGetPole" file="C:\xampp\htdocs\ypopsi\tests\unit\models\EstablishmentModelTest.php" line="287" class="EstablishmentModelTest" classname="EstablishmentModelTest" assertions="1" time="0.000089"/>
        <testcase name="testFromArray" file="C:\xampp\htdocs\ypopsi\tests\unit\models\EstablishmentModelTest.php" line="307" class="EstablishmentModelTest" classname="EstablishmentModelTest" assertions="1" time="0.000085"/>
        <testcase name="testFromArrayWithEmptyData" file="C:\xampp\htdocs\ypopsi\tests\unit\models\EstablishmentModelTest.php" line="328" class="EstablishmentModelTest" classname="EstablishmentModelTest" assertions="2" time="0.000091"/>
        <testcase name="testToArray" file="C:\xampp\htdocs\ypopsi\tests\unit\models\EstablishmentModelTest.php" line="340" class="EstablishmentModelTest" classname="EstablishmentModelTest" assertions="1" time="0.000311"/>
      </testsuite>
      <testsuite name="FeatureModelTest" file="C:\xampp\htdocs\ypopsi\tests\unit\models\FeatureModelTest.php" tests="10" assertions="24" errors="0" failures="0" skipped="0" time="0.019027">
        <testcase name="testConstructor" file="C:\xampp\htdocs\ypopsi\tests\unit\models\FeatureModelTest.php" line="18" class="FeatureModelTest" classname="FeatureModelTest" assertions="5" time="0.010776"/>
        <testcase name="testConstructorWithoutId" file="C:\xampp\htdocs\ypopsi\tests\unit\models\FeatureModelTest.php" line="39" class="FeatureModelTest" classname="FeatureModelTest" assertions="5" time="0.000170"/>
        <testcase name="testConstructorWithInvalidId" file="C:\xampp\htdocs\ypopsi\tests\unit\models\FeatureModelTest.php" line="60" class="FeatureModelTest" classname="FeatureModelTest" assertions="2" time="0.006517"/>
        <testcase name="testGetId" file="C:\xampp\htdocs\ypopsi\tests\unit\models\FeatureModelTest.php" line="76" class="FeatureModelTest" classname="FeatureModelTest" assertions="1" time="0.000216"/>
        <testcase name="testGetTitled" file="C:\xampp\htdocs\ypopsi\tests\unit\models\FeatureModelTest.php" line="90" class="FeatureModelTest" classname="FeatureModelTest" assertions="1" time="0.000203"/>
        <testcase name="testGetDescription" file="C:\xampp\htdocs\ypopsi\tests\unit\models\FeatureModelTest.php" line="104" class="FeatureModelTest" classname="FeatureModelTest" assertions="1" time="0.000204"/>
        <testcase name="testGetEnable" file="C:\xampp\htdocs\ypopsi\tests\unit\models\FeatureModelTest.php" line="118" class="FeatureModelTest" classname="FeatureModelTest" assertions="1" time="0.000195"/>
        <testcase name="testFromArray" file="C:\xampp\htdocs\ypopsi\tests\unit\models\FeatureModelTest.php" line="135" class="FeatureModelTest" classname="FeatureModelTest" assertions="5" time="0.000231"/>
        <testcase name="testFromArrayWithEmptyData" file="C:\xampp\htdocs\ypopsi\tests\unit\models\FeatureModelTest.php" line="157" class="FeatureModelTest" classname="FeatureModelTest" assertions="2" time="0.000181"/>
        <testcase name="testToArray" file="C:\xampp\htdocs\ypopsi\tests\unit\models\FeatureModelTest.php" line="169" class="FeatureModelTest" classname="FeatureModelTest" assertions="1" time="0.000335"/>
      </testsuite>
      <testsuite name="GetQualificationModelTest" file="C:\xampp\htdocs\ypopsi\tests\unit\models\GetQualificationModelTest.php" tests="9" assertions="20" errors="0" failures="0" skipped="0" time="0.016299">
        <testcase name="testConstructor" file="C:\xampp\htdocs\ypopsi\tests\unit\models\GetQualificationModelTest.php" line="20" class="GetQualificationModelTest" classname="GetQualificationModelTest" assertions="4" time="0.007428"/>
        <testcase name="testConstructorWithoutId" file="C:\xampp\htdocs\ypopsi\tests\unit\models\GetQualificationModelTest.php" line="39" class="GetQualificationModelTest" classname="GetQualificationModelTest" assertions="4" time="0.000372"/>
        <testcase name="testConstructorWithInvalidId" file="C:\xampp\htdocs\ypopsi\tests\unit\models\GetQualificationModelTest.php" line="58" class="GetQualificationModelTest" classname="GetQualificationModelTest" assertions="2" time="0.006939"/>
        <testcase name="testGetCandidate" file="C:\xampp\htdocs\ypopsi\tests\unit\models\GetQualificationModelTest.php" line="74" class="GetQualificationModelTest" classname="GetQualificationModelTest" assertions="1" time="0.000315"/>
        <testcase name="testGetQualification" file="C:\xampp\htdocs\ypopsi\tests\unit\models\GetQualificationModelTest.php" line="87" class="GetQualificationModelTest" classname="GetQualificationModelTest" assertions="1" time="0.000238"/>
        <testcase name="testGetDate" file="C:\xampp\htdocs\ypopsi\tests\unit\models\GetQualificationModelTest.php" line="100" class="GetQualificationModelTest" classname="GetQualificationModelTest" assertions="1" time="0.000215"/>
        <testcase name="testFromArray" file="C:\xampp\htdocs\ypopsi\tests\unit\models\GetQualificationModelTest.php" line="116" class="GetQualificationModelTest" classname="GetQualificationModelTest" assertions="4" time="0.000286"/>
        <testcase name="testFromArrayWithEmptyData" file="C:\xampp\htdocs\ypopsi\tests\unit\models\GetQualificationModelTest.php" line="136" class="GetQualificationModelTest" classname="GetQualificationModelTest" assertions="2" time="0.000216"/>
        <testcase name="testToArray" file="C:\xampp\htdocs\ypopsi\tests\unit\models\GetQualificationModelTest.php" line="148" class="GetQualificationModelTest" classname="GetQualificationModelTest" assertions="1" time="0.000290"/>
      </testsuite>
      <testsuite name="HaveTheRightToModelTest" file="C:\xampp\htdocs\ypopsi\tests\unit\models\HaveTheRightToModelTest.php" tests="11" assertions="26" errors="0" failures="0" skipped="0" time="0.019344">
        <testcase name="testConstructor" file="C:\xampp\htdocs\ypopsi\tests\unit\models\HaveTheRightToModelTest.php" line="20" class="HaveTheRightToModelTest" classname="HaveTheRightToModelTest" assertions="4" time="0.008639"/>
        <testcase name="testConstructorWithoutCandidate" file="C:\xampp\htdocs\ypopsi\tests\unit\models\HaveTheRightToModelTest.php" line="39" class="HaveTheRightToModelTest" classname="HaveTheRightToModelTest" assertions="4" time="0.000394"/>
        <testcase name="testConstructorWithoutEmployee" file="C:\xampp\htdocs\ypopsi\tests\unit\models\HaveTheRightToModelTest.php" line="57" class="HaveTheRightToModelTest" classname="HaveTheRightToModelTest" assertions="4" time="0.000378"/>
        <testcase name="testConstructorWithInvalidCandidate" file="C:\xampp\htdocs\ypopsi\tests\unit\models\HaveTheRightToModelTest.php" line="76" class="HaveTheRightToModelTest" classname="HaveTheRightToModelTest" assertions="2" time="0.007709"/>
        <testcase name="testConstructorWithInvalidEmployee" file="C:\xampp\htdocs\ypopsi\tests\unit\models\HaveTheRightToModelTest.php" line="93" class="HaveTheRightToModelTest" classname="HaveTheRightToModelTest" assertions="2" time="0.000400"/>
        <testcase name="testGetCandidate" file="C:\xampp\htdocs\ypopsi\tests\unit\models\HaveTheRightToModelTest.php" line="109" class="HaveTheRightToModelTest" classname="HaveTheRightToModelTest" assertions="1" time="0.000354"/>
        <testcase name="testGetHelp" file="C:\xampp\htdocs\ypopsi\tests\unit\models\HaveTheRightToModelTest.php" line="122" class="HaveTheRightToModelTest" classname="HaveTheRightToModelTest" assertions="1" time="0.000440"/>
        <testcase name="testGetEmployee" file="C:\xampp\htdocs\ypopsi\tests\unit\models\HaveTheRightToModelTest.php" line="135" class="HaveTheRightToModelTest" classname="HaveTheRightToModelTest" assertions="1" time="0.000245"/>
        <testcase name="testFromArray" file="C:\xampp\htdocs\ypopsi\tests\unit\models\HaveTheRightToModelTest.php" line="151" class="HaveTheRightToModelTest" classname="HaveTheRightToModelTest" assertions="4" time="0.000277"/>
        <testcase name="testFromArrayWithEmptyData" file="C:\xampp\htdocs\ypopsi\tests\unit\models\HaveTheRightToModelTest.php" line="171" class="HaveTheRightToModelTest" classname="HaveTheRightToModelTest" assertions="2" time="0.000219"/>
        <testcase name="testToArray" file="C:\xampp\htdocs\ypopsi\tests\unit\models\HaveTheRightToModelTest.php" line="183" class="HaveTheRightToModelTest" classname="HaveTheRightToModelTest" assertions="1" time="0.000287"/>
      </testsuite>
      <testsuite name="HelpModelTest" file="C:\xampp\htdocs\ypopsi\tests\unit\models\HelpModelTest.php" tests="10" assertions="24" errors="0" failures="0" skipped="0" time="0.016424">
        <testcase name="testConstructor" file="C:\xampp\htdocs\ypopsi\tests\unit\models\HelpModelTest.php" line="20" class="HelpModelTest" classname="HelpModelTest" assertions="4" time="0.006993"/>
        <testcase name="testConstructorWithoutId" file="C:\xampp\htdocs\ypopsi\tests\unit\models\HelpModelTest.php" line="39" class="HelpModelTest" classname="HelpModelTest" assertions="4" time="0.000336"/>
        <testcase name="testConstructorWithoutDescription" file="C:\xampp\htdocs\ypopsi\tests\unit\models\HelpModelTest.php" line="57" class="HelpModelTest" classname="HelpModelTest" assertions="4" time="0.000356"/>
        <testcase name="testConstructorWithInvalidId" file="C:\xampp\htdocs\ypopsi\tests\unit\models\HelpModelTest.php" line="76" class="HelpModelTest" classname="HelpModelTest" assertions="2" time="0.006818"/>
        <testcase name="testGetId" file="C:\xampp\htdocs\ypopsi\tests\unit\models\HelpModelTest.php" line="92" class="HelpModelTest" classname="HelpModelTest" assertions="1" time="0.000347"/>
        <testcase name="testGetTitled" file="C:\xampp\htdocs\ypopsi\tests\unit\models\HelpModelTest.php" line="105" class="HelpModelTest" classname="HelpModelTest" assertions="1" time="0.000283"/>
        <testcase name="testGetDescription" file="C:\xampp\htdocs\ypopsi\tests\unit\models\HelpModelTest.php" line="118" class="HelpModelTest" classname="HelpModelTest" assertions="1" time="0.000279"/>
        <testcase name="testFromArrayWithValidData" file="C:\xampp\htdocs\ypopsi\tests\unit\models\HelpModelTest.php" line="134" class="HelpModelTest" classname="HelpModelTest" assertions="4" time="0.000345"/>
        <testcase name="testFromArrayWithEmptyData" file="C:\xampp\htdocs\ypopsi\tests\unit\models\HelpModelTest.php" line="154" class="HelpModelTest" classname="HelpModelTest" assertions="2" time="0.000291"/>
        <testcase name="testToArray" file="C:\xampp\htdocs\ypopsi\tests\unit\models\HelpModelTest.php" line="166" class="HelpModelTest" classname="HelpModelTest" assertions="1" time="0.000376"/>
      </testsuite>
      <testsuite name="JobModelTest" file="C:\xampp\htdocs\ypopsi\tests\unit\models\JobModelTest.php" tests="9" assertions="20" errors="0" failures="0" skipped="0" time="0.009135">
        <testcase name="testConstructor" file="C:\xampp\htdocs\ypopsi\tests\unit\models\JobModelTest.php" line="20" class="JobModelTest" classname="JobModelTest" assertions="4" time="0.000469"/>
        <testcase name="testConstructorWithoutId" file="C:\xampp\htdocs\ypopsi\tests\unit\models\JobModelTest.php" line="38" class="JobModelTest" classname="JobModelTest" assertions="4" time="0.000373"/>
        <testcase name="testConstructorWithInvalidId" file="C:\xampp\htdocs\ypopsi\tests\unit\models\JobModelTest.php" line="56" class="JobModelTest" classname="JobModelTest" assertions="2" time="0.006434"/>
        <testcase name="testGetId" file="C:\xampp\htdocs\ypopsi\tests\unit\models\JobModelTest.php" line="71" class="JobModelTest" classname="JobModelTest" assertions="1" time="0.000407"/>
        <testcase name="testGetTitled" file="C:\xampp\htdocs\ypopsi\tests\unit\models\JobModelTest.php" line="84" class="JobModelTest" classname="JobModelTest" assertions="1" time="0.000352"/>
        <testcase name="testGetTitledFeminin" file="C:\xampp\htdocs\ypopsi\tests\unit\models\JobModelTest.php" line="97" class="JobModelTest" classname="JobModelTest" assertions="1" time="0.000158"/>
        <testcase name="testFromArray" file="C:\xampp\htdocs\ypopsi\tests\unit\models\JobModelTest.php" line="113" class="JobModelTest" classname="JobModelTest" assertions="4" time="0.000392"/>
        <testcase name="testFromArrayWithEmptyData" file="C:\xampp\htdocs\ypopsi\tests\unit\models\JobModelTest.php" line="133" class="JobModelTest" classname="JobModelTest" assertions="2" time="0.000309"/>
        <testcase name="testToArray" file="C:\xampp\htdocs\ypopsi\tests\unit\models\JobModelTest.php" line="145" class="JobModelTest" classname="JobModelTest" assertions="1" time="0.000242"/>
      </testsuite>
      <testsuite name="MeetingModelTest" file="C:\xampp\htdocs\ypopsi\tests\unit\models\MeetingModelTest.php" tests="19" assertions="61" errors="0" failures="0" skipped="0" time="0.008376">
        <testcase name="testConstructor" file="C:\xampp\htdocs\ypopsi\tests\unit\models\MeetingModelTest.php" line="20" class="MeetingModelTest" classname="MeetingModelTest" assertions="7" time="0.000454"/>
        <testcase name="testConstructorWithoutId" file="C:\xampp\htdocs\ypopsi\tests\unit\models\MeetingModelTest.php" line="45" class="MeetingModelTest" classname="MeetingModelTest" assertions="7" time="0.000139"/>
        <testcase name="testConstructorWithoutDescription" file="C:\xampp\htdocs\ypopsi\tests\unit\models\MeetingModelTest.php" line="69" class="MeetingModelTest" classname="MeetingModelTest" assertions="7" time="0.000126"/>
        <testcase name="testConstructorWithInvalidId" file="C:\xampp\htdocs\ypopsi\tests\unit\models\MeetingModelTest.php" line="94" class="MeetingModelTest" classname="MeetingModelTest" assertions="2" time="0.005001"/>
        <testcase name="testConstructorWithInvalidDate" file="C:\xampp\htdocs\ypopsi\tests\unit\models\MeetingModelTest.php" line="113" class="MeetingModelTest" classname="MeetingModelTest" assertions="2" time="0.000439"/>
        <testcase name="testConstructorWithInvalidUser" file="C:\xampp\htdocs\ypopsi\tests\unit\models\MeetingModelTest.php" line="132" class="MeetingModelTest" classname="MeetingModelTest" assertions="2" time="0.000406"/>
        <testcase name="testConstructorWithInvalidCandidate" file="C:\xampp\htdocs\ypopsi\tests\unit\models\MeetingModelTest.php" line="152" class="MeetingModelTest" classname="MeetingModelTest" assertions="2" time="0.000389"/>
        <testcase name="testConstructorWithInvalidEstablishment" file="C:\xampp\htdocs\ypopsi\tests\unit\models\MeetingModelTest.php" line="172" class="MeetingModelTest" classname="MeetingModelTest" assertions="2" time="0.000134"/>
        <testcase name="testGetId" file="C:\xampp\htdocs\ypopsi\tests\unit\models\MeetingModelTest.php" line="191" class="MeetingModelTest" classname="MeetingModelTest" assertions="1" time="0.000112"/>
        <testcase name="testGetDate" file="C:\xampp\htdocs\ypopsi\tests\unit\models\MeetingModelTest.php" line="207" class="MeetingModelTest" classname="MeetingModelTest" assertions="1" time="0.000091"/>
        <testcase name="testGetDescription" file="C:\xampp\htdocs\ypopsi\tests\unit\models\MeetingModelTest.php" line="223" class="MeetingModelTest" classname="MeetingModelTest" assertions="1" time="0.000099"/>
        <testcase name="testGetUser" file="C:\xampp\htdocs\ypopsi\tests\unit\models\MeetingModelTest.php" line="239" class="MeetingModelTest" classname="MeetingModelTest" assertions="1" time="0.000097"/>
        <testcase name="testGetCandidate" file="C:\xampp\htdocs\ypopsi\tests\unit\models\MeetingModelTest.php" line="255" class="MeetingModelTest" classname="MeetingModelTest" assertions="1" time="0.000100"/>
        <testcase name="testGetEstablishment" file="C:\xampp\htdocs\ypopsi\tests\unit\models\MeetingModelTest.php" line="271" class="MeetingModelTest" classname="MeetingModelTest" assertions="1" time="0.000146"/>
        <testcase name="testCreate" file="C:\xampp\htdocs\ypopsi\tests\unit\models\MeetingModelTest.php" line="290" class="MeetingModelTest" classname="MeetingModelTest" assertions="7" time="0.000206"/>
        <testcase name="testCreateWithoutDescriptin" file="C:\xampp\htdocs\ypopsi\tests\unit\models\MeetingModelTest.php" line="313" class="MeetingModelTest" classname="MeetingModelTest" assertions="7" time="0.000095"/>
        <testcase name="testFromArray" file="C:\xampp\htdocs\ypopsi\tests\unit\models\MeetingModelTest.php" line="337" class="MeetingModelTest" classname="MeetingModelTest" assertions="7" time="0.000131"/>
        <testcase name="testFromArrayWithEmptyData" file="C:\xampp\htdocs\ypopsi\tests\unit\models\MeetingModelTest.php" line="363" class="MeetingModelTest" classname="MeetingModelTest" assertions="2" time="0.000103"/>
        <testcase name="testToArray" file="C:\xampp\htdocs\ypopsi\tests\unit\models\MeetingModelTest.php" line="375" class="MeetingModelTest" classname="MeetingModelTest" assertions="1" time="0.000109"/>
      </testsuite>
      <testsuite name="QualificationModelTest" file="C:\xampp\htdocs\ypopsi\tests\unit\models\QualificationModelTest.php" tests="11" assertions="29" errors="0" failures="0" skipped="0" time="0.001453">
        <testcase name="testConstructor" file="C:\xampp\htdocs\ypopsi\tests\unit\models\QualificationModelTest.php" line="20" class="QualificationModelTest" classname="QualificationModelTest" assertions="5" time="0.000379"/>
        <testcase name="testConstructorWithoutId" file="C:\xampp\htdocs\ypopsi\tests\unit\models\QualificationModelTest.php" line="41" class="QualificationModelTest" classname="QualificationModelTest" assertions="5" time="0.000080"/>
        <testcase name="testConstructorWithoutAbreviation" file="C:\xampp\htdocs\ypopsi\tests\unit\models\QualificationModelTest.php" line="61" class="QualificationModelTest" classname="QualificationModelTest" assertions="5" time="0.000074"/>
        <testcase name="testConstructorWithInvalidId" file="C:\xampp\htdocs\ypopsi\tests\unit\models\QualificationModelTest.php" line="82" class="QualificationModelTest" classname="QualificationModelTest" assertions="2" time="0.000344"/>
        <testcase name="testGetId" file="C:\xampp\htdocs\ypopsi\tests\unit\models\QualificationModelTest.php" line="99" class="QualificationModelTest" classname="QualificationModelTest" assertions="1" time="0.000064"/>
        <testcase name="testGetTitle" file="C:\xampp\htdocs\ypopsi\tests\unit\models\QualificationModelTest.php" line="113" class="QualificationModelTest" classname="QualificationModelTest" assertions="1" time="0.000118"/>
        <testcase name="testGetMedical" file="C:\xampp\htdocs\ypopsi\tests\unit\models\QualificationModelTest.php" line="127" class="QualificationModelTest" classname="QualificationModelTest" assertions="1" time="0.000079"/>
        <testcase name="testGetAbreviation" file="C:\xampp\htdocs\ypopsi\tests\unit\models\QualificationModelTest.php" line="141" class="QualificationModelTest" classname="QualificationModelTest" assertions="1" time="0.000059"/>
        <testcase name="testFromArray" file="C:\xampp\htdocs\ypopsi\tests\unit\models\QualificationModelTest.php" line="158" class="QualificationModelTest" classname="QualificationModelTest" assertions="5" time="0.000079"/>
        <testcase name="testFromArrayWithEmptyData" file="C:\xampp\htdocs\ypopsi\tests\unit\models\QualificationModelTest.php" line="180" class="QualificationModelTest" classname="QualificationModelTest" assertions="2" time="0.000052"/>
        <testcase name="testToArray" file="C:\xampp\htdocs\ypopsi\tests\unit\models\QualificationModelTest.php" line="190" class="QualificationModelTest" classname="QualificationModelTest" assertions="1" time="0.000125"/>
      </testsuite>
      <testsuite name="RoleModelTest" file="C:\xampp\htdocs\ypopsi\tests\unit\models\RoleModelTest.php" tests="7" assertions="13" errors="0" failures="0" skipped="0" time="0.000853">
        <testcase name="testConstructor" file="C:\xampp\htdocs\ypopsi\tests\unit\models\RoleModelTest.php" line="18" class="RoleModelTest" classname="RoleModelTest" assertions="3" time="0.000264"/>
        <testcase name="testConstructorWithInvalidId" file="C:\xampp\htdocs\ypopsi\tests\unit\models\RoleModelTest.php" line="33" class="RoleModelTest" classname="RoleModelTest" assertions="2" time="0.000194"/>
        <testcase name="testGetId" file="C:\xampp\htdocs\ypopsi\tests\unit\models\RoleModelTest.php" line="47" class="RoleModelTest" classname="RoleModelTest" assertions="1" time="0.000070"/>
        <testcase name="testGetTitled" file="C:\xampp\htdocs\ypopsi\tests\unit\models\RoleModelTest.php" line="59" class="RoleModelTest" classname="RoleModelTest" assertions="1" time="0.000056"/>
        <testcase name="testFromArray" file="C:\xampp\htdocs\ypopsi\tests\unit\models\RoleModelTest.php" line="72" class="RoleModelTest" classname="RoleModelTest" assertions="3" time="0.000086"/>
        <testcase name="testFromArrayWithEmptyData" file="C:\xampp\htdocs\ypopsi\tests\unit\models\RoleModelTest.php" line="88" class="RoleModelTest" classname="RoleModelTest" assertions="2" time="0.000093"/>
        <testcase name="testToArray" file="C:\xampp\htdocs\ypopsi\tests\unit\models\RoleModelTest.php" line="98" class="RoleModelTest" classname="RoleModelTest" assertions="1" time="0.000090"/>
      </testsuite>
      <testsuite name="ServiceModelTest" file="C:\xampp\htdocs\ypopsi\tests\unit\models\ServiceModelTest.php" tests="9" assertions="20" errors="0" failures="0" skipped="0" time="0.001429">
        <testcase name="testConstructor" file="C:\xampp\htdocs\ypopsi\tests\unit\models\ServiceModelTest.php" line="20" class="ServiceModelTest" classname="ServiceModelTest" assertions="4" time="0.000264"/>
        <testcase name="testConstructorWithNullParameters" file="C:\xampp\htdocs\ypopsi\tests\unit\models\ServiceModelTest.php" line="38" class="ServiceModelTest" classname="ServiceModelTest" assertions="4" time="0.000101"/>
        <testcase name="testConstructorWithInvalidId" file="C:\xampp\htdocs\ypopsi\tests\unit\models\ServiceModelTest.php" line="56" class="ServiceModelTest" classname="ServiceModelTest" assertions="2" time="0.000223"/>
        <testcase name="testGetId" file="C:\xampp\htdocs\ypopsi\tests\unit\models\ServiceModelTest.php" line="71" class="ServiceModelTest" classname="ServiceModelTest" assertions="1" time="0.000071"/>
        <testcase name="testGetTitled" file="C:\xampp\htdocs\ypopsi\tests\unit\models\ServiceModelTest.php" line="84" class="ServiceModelTest" classname="ServiceModelTest" assertions="1" time="0.000070"/>
        <testcase name="testGetDescription" file="C:\xampp\htdocs\ypopsi\tests\unit\models\ServiceModelTest.php" line="97" class="ServiceModelTest" classname="ServiceModelTest" assertions="1" time="0.000240"/>
        <testcase name="testFromArray" file="C:\xampp\htdocs\ypopsi\tests\unit\models\ServiceModelTest.php" line="113" class="ServiceModelTest" classname="ServiceModelTest" assertions="4" time="0.000086"/>
        <testcase name="testFromArrayWithEmptyData" file="C:\xampp\htdocs\ypopsi\tests\unit\models\ServiceModelTest.php" line="133" class="ServiceModelTest" classname="ServiceModelTest" assertions="2" time="0.000294"/>
        <testcase name="testToArray" file="C:\xampp\htdocs\ypopsi\tests\unit\models\ServiceModelTest.php" line="145" class="ServiceModelTest" classname="ServiceModelTest" assertions="1" time="0.000080"/>
      </testsuite>
      <testsuite name="SourceModelTest" file="C:\xampp\htdocs\ypopsi\tests\unit\models\SourceModelTest.php" tests="10" assertions="22" errors="0" failures="0" skipped="0" time="0.001160">
        <testcase name="testConstructor" file="C:\xampp\htdocs\ypopsi\tests\unit\models\SourceModelTest.php" line="20" class="SourceModelTest" classname="SourceModelTest" assertions="4" time="0.000322"/>
        <testcase name="testConstructorWithoutId" file="C:\xampp\htdocs\ypopsi\tests\unit\models\SourceModelTest.php" line="39" class="SourceModelTest" classname="SourceModelTest" assertions="4" time="0.000068"/>
        <testcase name="testConstructorWithInvalidId" file="C:\xampp\htdocs\ypopsi\tests\unit\models\SourceModelTest.php" line="58" class="SourceModelTest" classname="SourceModelTest" assertions="2" time="0.000221"/>
        <testcase name="testConstructorWithInvalidType" file="C:\xampp\htdocs\ypopsi\tests\unit\models\SourceModelTest.php" line="75" class="SourceModelTest" classname="SourceModelTest" assertions="2" time="0.000140"/>
        <testcase name="testGetId" file="C:\xampp\htdocs\ypopsi\tests\unit\models\SourceModelTest.php" line="93" class="SourceModelTest" classname="SourceModelTest" assertions="1" time="0.000063"/>
        <testcase name="testGetTitled" file="C:\xampp\htdocs\ypopsi\tests\unit\models\SourceModelTest.php" line="108" class="SourceModelTest" classname="SourceModelTest" assertions="1" time="0.000050"/>
        <testcase name="testGetType" file="C:\xampp\htdocs\ypopsi\tests\unit\models\SourceModelTest.php" line="123" class="SourceModelTest" classname="SourceModelTest" assertions="1" time="0.000071"/>
        <testcase name="testFromArray" file="C:\xampp\htdocs\ypopsi\tests\unit\models\SourceModelTest.php" line="139" class="SourceModelTest" classname="SourceModelTest" assertions="4" time="0.000068"/>
        <testcase name="testFromArrayWithEmptyData" file="C:\xampp\htdocs\ypopsi\tests\unit\models\SourceModelTest.php" line="159" class="SourceModelTest" classname="SourceModelTest" assertions="2" time="0.000054"/>
        <testcase name="testToArray" file="C:\xampp\htdocs\ypopsi\tests\unit\models\SourceModelTest.php" line="171" class="SourceModelTest" classname="SourceModelTest" assertions="1" time="0.000104"/>
      </testsuite>
      <testsuite name="TypeOfActionsModelTest" file="C:\xampp\htdocs\ypopsi\tests\unit\models\TypeOfActionsModelTest.php" tests="8" assertions="16" errors="0" failures="0" skipped="0" time="0.000929">
        <testcase name="testConstructor" file="C:\xampp\htdocs\ypopsi\tests\unit\models\TypeOfActionsModelTest.php" line="20" class="TypeOfActionsModelTest" classname="TypeOfActionsModelTest" assertions="3" time="0.000260"/>
        <testcase name="testCOnstructorWithoutId" file="C:\xampp\htdocs\ypopsi\tests\unit\models\TypeOfActionsModelTest.php" line="37" class="TypeOfActionsModelTest" classname="TypeOfActionsModelTest" assertions="3" time="0.000070"/>
        <testcase name="testConstructorWithInvalidId" file="C:\xampp\htdocs\ypopsi\tests\unit\models\TypeOfActionsModelTest.php" line="54" class="TypeOfActionsModelTest" classname="TypeOfActionsModelTest" assertions="2" time="0.000195"/>
        <testcase name="testGetId" file="C:\xampp\htdocs\ypopsi\tests\unit\models\TypeOfActionsModelTest.php" line="70" class="TypeOfActionsModelTest" classname="TypeOfActionsModelTest" assertions="1" time="0.000062"/>
        <testcase name="testGetTitled" file="C:\xampp\htdocs\ypopsi\tests\unit\models\TypeOfActionsModelTest.php" line="84" class="TypeOfActionsModelTest" classname="TypeOfActionsModelTest" assertions="1" time="0.000127"/>
        <testcase name="testFromArray" file="C:\xampp\htdocs\ypopsi\tests\unit\models\TypeOfActionsModelTest.php" line="99" class="TypeOfActionsModelTest" classname="TypeOfActionsModelTest" assertions="3" time="0.000070"/>
        <testcase name="testFromArrayWithEmptyData" file="C:\xampp\htdocs\ypopsi\tests\unit\models\TypeOfActionsModelTest.php" line="117" class="TypeOfActionsModelTest" classname="TypeOfActionsModelTest" assertions="2" time="0.000053"/>
        <testcase name="testToArray" file="C:\xampp\htdocs\ypopsi\tests\unit\models\TypeOfActionsModelTest.php" line="129" class="TypeOfActionsModelTest" classname="TypeOfActionsModelTest" assertions="1" time="0.000092"/>
      </testsuite>
      <testsuite name="TypeOfContractsModelTest" file="C:\xampp\htdocs\ypopsi\tests\unit\models\TypeOfContractsModelTest.php" tests="10" assertions="24" errors="0" failures="0" skipped="0" time="0.001337">
        <testcase name="testConstructor" file="C:\xampp\htdocs\ypopsi\tests\unit\models\TypeOfContractsModelTest.php" line="20" class="TypeOfContractsModelTest" classname="TypeOfContractsModelTest" assertions="4" time="0.000285"/>
        <testcase name="testConstructorWithoutId" file="C:\xampp\htdocs\ypopsi\tests\unit\models\TypeOfContractsModelTest.php" line="39" class="TypeOfContractsModelTest" classname="TypeOfContractsModelTest" assertions="4" time="0.000140"/>
        <testcase name="testConstructorWithoutDescription" file="C:\xampp\htdocs\ypopsi\tests\unit\models\TypeOfContractsModelTest.php" line="57" class="TypeOfContractsModelTest" classname="TypeOfContractsModelTest" assertions="4" time="0.000100"/>
        <testcase name="testConstructorWithInvalidId" file="C:\xampp\htdocs\ypopsi\tests\unit\models\TypeOfContractsModelTest.php" line="77" class="TypeOfContractsModelTest" classname="TypeOfContractsModelTest" assertions="2" time="0.000211"/>
        <testcase name="testGetId" file="C:\xampp\htdocs\ypopsi\tests\unit\models\TypeOfContractsModelTest.php" line="95" class="TypeOfContractsModelTest" classname="TypeOfContractsModelTest" assertions="1" time="0.000071"/>
        <testcase name="testGetTitled" file="C:\xampp\htdocs\ypopsi\tests\unit\models\TypeOfContractsModelTest.php" line="110" class="TypeOfContractsModelTest" classname="TypeOfContractsModelTest" assertions="1" time="0.000050"/>
        <testcase name="testGetDescription" file="C:\xampp\htdocs\ypopsi\tests\unit\models\TypeOfContractsModelTest.php" line="125" class="TypeOfContractsModelTest" classname="TypeOfContractsModelTest" assertions="1" time="0.000050"/>
        <testcase name="testFromArray" file="C:\xampp\htdocs\ypopsi\tests\unit\models\TypeOfContractsModelTest.php" line="141" class="TypeOfContractsModelTest" classname="TypeOfContractsModelTest" assertions="4" time="0.000056"/>
        <testcase name="testFromArrayWithEmptyData" file="C:\xampp\htdocs\ypopsi\tests\unit\models\TypeOfContractsModelTest.php" line="161" class="TypeOfContractsModelTest" classname="TypeOfContractsModelTest" assertions="2" time="0.000285"/>
        <testcase name="testToArray" file="C:\xampp\htdocs\ypopsi\tests\unit\models\TypeOfContractsModelTest.php" line="173" class="TypeOfContractsModelTest" classname="TypeOfContractsModelTest" assertions="1" time="0.000089"/>
      </testsuite>
      <testsuite name="UserModelTest" file="C:\xampp\htdocs\ypopsi\tests\unit\models\UserModelTest.php" tests="34" assertions="60" errors="4" failures="20" skipped="0" time="0.040551">
        <testcase name="testConstructor" file="C:\xampp\htdocs\ypopsi\tests\unit\models\UserModelTest.php" line="18" class="UserModelTest" classname="UserModelTest" assertions="0" time="0.021124">
          <error type="App\Exceptions\UserExceptions">UserModelTest::testConstructor&#13;
App\Exceptions\UserExceptions: Le nom :  est invalide.
&#13;
C:\xampp\htdocs\ypopsi\src\models\User.php:54
C:\xampp\htdocs\ypopsi\tests\unit\models\UserModelTest.php:19
C:\xampp\htdocs\ypopsi\vendor\phpunit\phpunit\phpunit:104</error>
        </testcase>
        <testcase name="testConstructorWitoutId" file="C:\xampp\htdocs\ypopsi\tests\unit\models\UserModelTest.php" line="51" class="UserModelTest" classname="UserModelTest" assertions="0" time="0.000432">
          <error type="App\Exceptions\UserExceptions">UserModelTest::testConstructorWitoutId&#13;
App\Exceptions\UserExceptions: Le nom :  est invalide.
&#13;
C:\xampp\htdocs\ypopsi\src\models\User.php:54
C:\xampp\htdocs\ypopsi\tests\unit\models\UserModelTest.php:52
C:\xampp\htdocs\ypopsi\vendor\phpunit\phpunit\phpunit:104</error>
        </testcase>
        <testcase name="testConstructorWithInvalidId" file="C:\xampp\htdocs\ypopsi\tests\unit\models\UserModelTest.php" line="84" class="UserModelTest" classname="UserModelTest" assertions="2" time="0.000132"/>
        <testcase name="testConstructorWithInvalidIdentifier2" file="C:\xampp\htdocs\ypopsi\tests\unit\models\UserModelTest.php" line="107" class="UserModelTest" classname="UserModelTest" assertions="2" time="0.000082"/>
        <testcase name="testConstructorWithInvalidIdentifier3" file="C:\xampp\htdocs\ypopsi\tests\unit\models\UserModelTest.php" line="130" class="UserModelTest" classname="UserModelTest" assertions="2" time="0.000072"/>
        <testcase name="testConstructorWithInvalidIdentifier4" file="C:\xampp\htdocs\ypopsi\tests\unit\models\UserModelTest.php" line="153" class="UserModelTest" classname="UserModelTest" assertions="2" time="0.000069"/>
        <testcase name="testConstructorWithInvalidName1" file="C:\xampp\htdocs\ypopsi\tests\unit\models\UserModelTest.php" line="177" class="UserModelTest" classname="UserModelTest" assertions="2" time="0.000067"/>
        <testcase name="testConstructorWithInvalidName2" file="C:\xampp\htdocs\ypopsi\tests\unit\models\UserModelTest.php" line="200" class="UserModelTest" classname="UserModelTest" assertions="2" time="0.000066"/>
        <testcase name="testConstructorWithInvalidName3" file="C:\xampp\htdocs\ypopsi\tests\unit\models\UserModelTest.php" line="223" class="UserModelTest" classname="UserModelTest" assertions="2" time="0.000063"/>
        <testcase name="testConstructorWithInvalidName4" file="C:\xampp\htdocs\ypopsi\tests\unit\models\UserModelTest.php" line="246" class="UserModelTest" classname="UserModelTest" assertions="2" time="0.000064"/>
        <testcase name="testConstructorWithInvalidName5" file="C:\xampp\htdocs\ypopsi\tests\unit\models\UserModelTest.php" line="269" class="UserModelTest" classname="UserModelTest" assertions="2" time="0.000063"/>
        <testcase name="testConstructorWithInvalidFirstname1" file="C:\xampp\htdocs\ypopsi\tests\unit\models\UserModelTest.php" line="293" class="UserModelTest" classname="UserModelTest" assertions="2" time="0.011793">
          <failure type="PHPUnit\Framework\ExpectationFailedException">UserModelTest::testConstructorWithInvalidFirstname1&#13;
Failed asserting that exception message 'Le nom :  est invalide.' contains 'Le prénom :  est invalide.'.
&#13;
C:\xampp\htdocs\ypopsi\vendor\phpunit\phpunit\phpunit:104</failure>
        </testcase>
        <testcase name="testConstructorWithInvalidFirstname2" file="C:\xampp\htdocs\ypopsi\tests\unit\models\UserModelTest.php" line="316" class="UserModelTest" classname="UserModelTest" assertions="2" time="0.000403">
          <failure type="PHPUnit\Framework\ExpectationFailedException">UserModelTest::testConstructorWithInvalidFirstname2&#13;
Failed asserting that exception message 'Le nom :  est invalide.' contains 'Le prénom : D@mien est invalide.'.
&#13;
C:\xampp\htdocs\ypopsi\vendor\phpunit\phpunit\phpunit:104</failure>
        </testcase>
        <testcase name="testConstructorWithInvalidFirstname3" file="C:\xampp\htdocs\ypopsi\tests\unit\models\UserModelTest.php" line="339" class="UserModelTest" classname="UserModelTest" assertions="2" time="0.000304">
          <failure type="PHPUnit\Framework\ExpectationFailedException">UserModelTest::testConstructorWithInvalidFirstname3&#13;
Failed asserting that exception message 'Le nom :  est invalide.' contains 'Le prénom : Edoir3 est invalide.'.
&#13;
C:\xampp\htdocs\ypopsi\vendor\phpunit\phpunit\phpunit:104</failure>
        </testcase>
        <testcase name="testConstructorWithInvalidFirstname4" file="C:\xampp\htdocs\ypopsi\tests\unit\models\UserModelTest.php" line="362" class="UserModelTest" classname="UserModelTest" assertions="2" time="0.000289">
          <failure type="PHPUnit\Framework\ExpectationFailedException">UserModelTest::testConstructorWithInvalidFirstname4&#13;
Failed asserting that exception message 'Le nom :  est invalide.' contains 'Le prénom : Jean_francois est invalide.'.
&#13;
C:\xampp\htdocs\ypopsi\vendor\phpunit\phpunit\phpunit:104</failure>
        </testcase>
        <testcase name="testConstructorWithInvalidFirstname5" file="C:\xampp\htdocs\ypopsi\tests\unit\models\UserModelTest.php" line="385" class="UserModelTest" classname="UserModelTest" assertions="2" time="0.000293">
          <failure type="PHPUnit\Framework\ExpectationFailedException">UserModelTest::testConstructorWithInvalidFirstname5&#13;
Failed asserting that exception message 'Le nom :  est invalide.' contains 'Le prénom : Arthur! est invalide.'.
&#13;
C:\xampp\htdocs\ypopsi\vendor\phpunit\phpunit\phpunit:104</failure>
        </testcase>
        <testcase name="testConstructorWithInvalidEmail1" file="C:\xampp\htdocs\ypopsi\tests\unit\models\UserModelTest.php" line="409" class="UserModelTest" classname="UserModelTest" assertions="2" time="0.000747">
          <failure type="PHPUnit\Framework\ExpectationFailedException">UserModelTest::testConstructorWithInvalidEmail1&#13;
Failed asserting that exception message 'Le nom :  est invalide.' contains 'L'email :  est invalide.'.
&#13;
C:\xampp\htdocs\ypopsi\vendor\phpunit\phpunit\phpunit:104</failure>
        </testcase>
        <testcase name="testConstructorWithInvalidEmail2" file="C:\xampp\htdocs\ypopsi\tests\unit\models\UserModelTest.php" line="432" class="UserModelTest" classname="UserModelTest" assertions="2" time="0.000311">
          <failure type="PHPUnit\Framework\ExpectationFailedException">UserModelTest::testConstructorWithInvalidEmail2&#13;
Failed asserting that exception message 'Le nom :  est invalide.' contains 'L'email : jean.dupond@ est invalide.'.
&#13;
C:\xampp\htdocs\ypopsi\vendor\phpunit\phpunit\phpunit:104</failure>
        </testcase>
        <testcase name="testConstructorWithInvalidEmail3" file="C:\xampp\htdocs\ypopsi\tests\unit\models\UserModelTest.php" line="455" class="UserModelTest" classname="UserModelTest" assertions="2" time="0.000275">
          <failure type="PHPUnit\Framework\ExpectationFailedException">UserModelTest::testConstructorWithInvalidEmail3&#13;
Failed asserting that exception message 'Le nom :  est invalide.' contains 'L'email : jean.dupond@example est invalide.'.
&#13;
C:\xampp\htdocs\ypopsi\vendor\phpunit\phpunit\phpunit:104</failure>
        </testcase>
        <testcase name="testConstructorWithInvalidEmail4" file="C:\xampp\htdocs\ypopsi\tests\unit\models\UserModelTest.php" line="478" class="UserModelTest" classname="UserModelTest" assertions="2" time="0.000286">
          <failure type="PHPUnit\Framework\ExpectationFailedException">UserModelTest::testConstructorWithInvalidEmail4&#13;
Failed asserting that exception message 'Le nom :  est invalide.' contains 'L'email : jean.dupond@.com est invalide.'.
&#13;
C:\xampp\htdocs\ypopsi\vendor\phpunit\phpunit\phpunit:104</failure>
        </testcase>
        <testcase name="testConstructorWithInvalidEmail5" file="C:\xampp\htdocs\ypopsi\tests\unit\models\UserModelTest.php" line="501" class="UserModelTest" classname="UserModelTest" assertions="2" time="0.000264">
          <failure type="PHPUnit\Framework\ExpectationFailedException">UserModelTest::testConstructorWithInvalidEmail5&#13;
Failed asserting that exception message 'Le nom :  est invalide.' contains 'L'email : jean.dupond@.com est invalide.'.
&#13;
C:\xampp\htdocs\ypopsi\vendor\phpunit\phpunit\phpunit:104</failure>
        </testcase>
        <testcase name="testConstructorWithInvalidEmail6" file="C:\xampp\htdocs\ypopsi\tests\unit\models\UserModelTest.php" line="524" class="UserModelTest" classname="UserModelTest" assertions="2" time="0.000265">
          <failure type="PHPUnit\Framework\ExpectationFailedException">UserModelTest::testConstructorWithInvalidEmail6&#13;
Failed asserting that exception message 'Le nom :  est invalide.' contains 'L'email : jean.dupond@example_com est invalide.'.
&#13;
C:\xampp\htdocs\ypopsi\vendor\phpunit\phpunit\phpunit:104</failure>
        </testcase>
        <testcase name="testConstructorWithInvalidEmail7" file="C:\xampp\htdocs\ypopsi\tests\unit\models\UserModelTest.php" line="547" class="UserModelTest" classname="UserModelTest" assertions="2" time="0.000262">
          <failure type="PHPUnit\Framework\ExpectationFailedException">UserModelTest::testConstructorWithInvalidEmail7&#13;
Failed asserting that exception message 'Le nom :  est invalide.' contains 'L'email : jean.dupond@example,com est invalide.'.
&#13;
C:\xampp\htdocs\ypopsi\vendor\phpunit\phpunit\phpunit:104</failure>
        </testcase>
        <testcase name="testConstructorWithInvalidEmail8" file="C:\xampp\htdocs\ypopsi\tests\unit\models\UserModelTest.php" line="570" class="UserModelTest" classname="UserModelTest" assertions="2" time="0.000262">
          <failure type="PHPUnit\Framework\ExpectationFailedException">UserModelTest::testConstructorWithInvalidEmail8&#13;
Failed asserting that exception message 'Le nom :  est invalide.' contains 'L'email : jean.dupond@example com est invalide.'.
&#13;
C:\xampp\htdocs\ypopsi\vendor\phpunit\phpunit\phpunit:104</failure>
        </testcase>
        <testcase name="testConstructorWithInvalidEmail9" file="C:\xampp\htdocs\ypopsi\tests\unit\models\UserModelTest.php" line="593" class="UserModelTest" classname="UserModelTest" assertions="2" time="0.000267">
          <failure type="PHPUnit\Framework\ExpectationFailedException">UserModelTest::testConstructorWithInvalidEmail9&#13;
Failed asserting that exception message 'Le nom :  est invalide.' contains 'L'email : jean.dupond@example.com. est invalide.'.
&#13;
C:\xampp\htdocs\ypopsi\vendor\phpunit\phpunit\phpunit:104</failure>
        </testcase>
        <testcase name="testConstructorWithInvalidEmail10" file="C:\xampp\htdocs\ypopsi\tests\unit\models\UserModelTest.php" line="616" class="UserModelTest" classname="UserModelTest" assertions="2" time="0.000280">
          <failure type="PHPUnit\Framework\ExpectationFailedException">UserModelTest::testConstructorWithInvalidEmail10&#13;
Failed asserting that exception message 'Le nom :  est invalide.' contains 'L'email : jean.dupond@example.com/path est invalide.'.
&#13;
C:\xampp\htdocs\ypopsi\vendor\phpunit\phpunit\phpunit:104</failure>
        </testcase>
        <testcase name="testConstructorWithInvalidEmail11" file="C:\xampp\htdocs\ypopsi\tests\unit\models\UserModelTest.php" line="639" class="UserModelTest" classname="UserModelTest" assertions="2" time="0.000261">
          <failure type="PHPUnit\Framework\ExpectationFailedException">UserModelTest::testConstructorWithInvalidEmail11&#13;
Failed asserting that exception message 'Le nom :  est invalide.' contains 'L'email : jean.dupond@example.com:8080 est invalide.'.
&#13;
C:\xampp\htdocs\ypopsi\vendor\phpunit\phpunit\phpunit:104</failure>
        </testcase>
        <testcase name="testConstructorWithInvalidRole1" file="C:\xampp\htdocs\ypopsi\tests\unit\models\UserModelTest.php" line="663" class="UserModelTest" classname="UserModelTest" assertions="2" time="0.000268">
          <failure type="PHPUnit\Framework\ExpectationFailedException">UserModelTest::testConstructorWithInvalidRole1&#13;
Failed asserting that exception message 'Le nom :  est invalide.' contains 'La clé du rôle : 0 est invalide.'.
&#13;
C:\xampp\htdocs\ypopsi\vendor\phpunit\phpunit\phpunit:104</failure>
        </testcase>
        <testcase name="testConstructorWithInvalidRole2" file="C:\xampp\htdocs\ypopsi\tests\unit\models\UserModelTest.php" line="686" class="UserModelTest" classname="UserModelTest" assertions="2" time="0.000264">
          <failure type="PHPUnit\Framework\ExpectationFailedException">UserModelTest::testConstructorWithInvalidRole2&#13;
Failed asserting that exception message 'Le nom :  est invalide.' contains 'La clé du rôle : -1 est invalide.'.
&#13;
C:\xampp\htdocs\ypopsi\vendor\phpunit\phpunit\phpunit:104</failure>
        </testcase>
        <testcase name="testConstructorWithInvalidEstablishment1" file="C:\xampp\htdocs\ypopsi\tests\unit\models\UserModelTest.php" line="710" class="UserModelTest" classname="UserModelTest" assertions="2" time="0.000266">
          <failure type="PHPUnit\Framework\ExpectationFailedException">UserModelTest::testConstructorWithInvalidEstablishment1&#13;
Failed asserting that exception message 'Le nom :  est invalide.' contains 'La clé de l'établissement : 0 est invalide.'.
&#13;
C:\xampp\htdocs\ypopsi\vendor\phpunit\phpunit\phpunit:104</failure>
        </testcase>
        <testcase name="testConstructorWithInvalidEstablishment2" file="C:\xampp\htdocs\ypopsi\tests\unit\models\UserModelTest.php" line="733" class="UserModelTest" classname="UserModelTest" assertions="2" time="0.000265">
          <failure type="PHPUnit\Framework\ExpectationFailedException">UserModelTest::testConstructorWithInvalidEstablishment2&#13;
Failed asserting that exception message 'Le nom :  est invalide.' contains 'La clé de l'établissement : -1 est invalide.'.
&#13;
C:\xampp\htdocs\ypopsi\vendor\phpunit\phpunit\phpunit:104</failure>
        </testcase>
        <testcase name="testFromArrayWithValidData" file="C:\xampp\htdocs\ypopsi\tests\unit\models\UserModelTest.php" line="757" class="UserModelTest" classname="UserModelTest" assertions="0" time="0.000330">
          <error type="App\Exceptions\UserExceptions">UserModelTest::testFromArrayWithValidData&#13;
App\Exceptions\UserExceptions: Le nom :  est invalide.
&#13;
C:\xampp\htdocs\ypopsi\src\models\User.php:54
C:\xampp\htdocs\ypopsi\src\models\User.php:258
C:\xampp\htdocs\ypopsi\tests\unit\models\UserModelTest.php:772
C:\xampp\htdocs\ypopsi\vendor\phpunit\phpunit\phpunit:104</error>
        </testcase>
        <testcase name="testFromArrayWithEmptyData" file="C:\xampp\htdocs\ypopsi\tests\unit\models\UserModelTest.php" line="791" class="UserModelTest" classname="UserModelTest" assertions="2" time="0.000070"/>
        <testcase name="testToArray" file="C:\xampp\htdocs\ypopsi\tests\unit\models\UserModelTest.php" line="801" class="UserModelTest" classname="UserModelTest" assertions="0" time="0.000290">
          <error type="App\Exceptions\UserExceptions">UserModelTest::testToArray&#13;
App\Exceptions\UserExceptions: Le nom :  est invalide.
&#13;
C:\xampp\htdocs\ypopsi\src\models\User.php:54
C:\xampp\htdocs\ypopsi\tests\unit\models\UserModelTest.php:802
C:\xampp\htdocs\ypopsi\vendor\phpunit\phpunit\phpunit:104</error>
        </testcase>
      </testsuite>
      <testsuite name="DataFormatManagerTest" file="C:\xampp\htdocs\ypopsi\tests\unit\tools\DataFormatManagerTest.php" tests="9" assertions="59" errors="0" failures="0" skipped="0" time="0.007233">
        <testcase name="testIsValidKey" file="C:\xampp\htdocs\ypopsi\tests\unit\tools\DataFormatManagerTest.php" line="17" class="DataFormatManagerTest" classname="DataFormatManagerTest" assertions="5" time="0.006188"/>
        <testcase name="testIsValidIdentifier" file="C:\xampp\htdocs\ypopsi\tests\unit\tools\DataFormatManagerTest.php" line="31" class="DataFormatManagerTest" classname="DataFormatManagerTest" assertions="5" time="0.000089"/>
        <testcase name="testIsValidName" file="C:\xampp\htdocs\ypopsi\tests\unit\tools\DataFormatManagerTest.php" line="50" class="DataFormatManagerTest" classname="DataFormatManagerTest" assertions="8" time="0.000069"/>
        <testcase name="testIsValidEmail" file="C:\xampp\htdocs\ypopsi\tests\unit\tools\DataFormatManagerTest.php" line="75" class="DataFormatManagerTest" classname="DataFormatManagerTest" assertions="17" time="0.000522"/>
        <testcase name="testIsValidPhoneNumber" file="C:\xampp\htdocs\ypopsi\tests\unit\tools\DataFormatManagerTest.php" line="118" class="DataFormatManagerTest" classname="DataFormatManagerTest" assertions="9" time="0.000108"/>
        <testcase name="testIsValidPostCode" file="C:\xampp\htdocs\ypopsi\tests\unit\tools\DataFormatManagerTest.php" line="145" class="DataFormatManagerTest" classname="DataFormatManagerTest" assertions="9" time="0.000064"/>
        <testcase name="testNameFormat" file="C:\xampp\htdocs\ypopsi\tests\unit\tools\DataFormatManagerTest.php" line="173" class="DataFormatManagerTest" classname="DataFormatManagerTest" assertions="2" time="0.000066"/>
        <testcase name="testMajusculeFormat" file="C:\xampp\htdocs\ypopsi\tests\unit\tools\DataFormatManagerTest.php" line="184" class="DataFormatManagerTest" classname="DataFormatManagerTest" assertions="2" time="0.000049"/>
        <testcase name="testPhoneNumberFormat" file="C:\xampp\htdocs\ypopsi\tests\unit\tools\DataFormatManagerTest.php" line="195" class="DataFormatManagerTest" classname="DataFormatManagerTest" assertions="2" time="0.000078"/>
      </testsuite>
      <testsuite name="PasswordManagerTest" file="C:\xampp\htdocs\ypopsi\tests\unit\tools\PasswordManagerTest.php" tests="2" assertions="21" errors="0" failures="0" skipped="0" time="0.007084">
        <testcase name="testIsValidPassword" file="C:\xampp\htdocs\ypopsi\tests\unit\tools\PasswordManagerTest.php" line="16" class="PasswordManagerTest" classname="PasswordManagerTest" assertions="15" time="0.003310"/>
        <testcase name="testRandomPassword" file="C:\xampp\htdocs\ypopsi\tests\unit\tools\PasswordManagerTest.php" line="40" class="PasswordManagerTest" classname="PasswordManagerTest" assertions="6" time="0.003775"/>
      </testsuite>
      <testsuite name="TimeManagerTest" file="C:\xampp\htdocs\ypopsi\tests\unit\tools\TimeManagerTest.php" tests="4" assertions="6" errors="0" failures="0" skipped="0" time="0.002789">
        <testcase name="testConstructorWithValidDate" file="C:\xampp\htdocs\ypopsi\tests\unit\tools\TimeManagerTest.php" line="13" class="TimeManagerTest" classname="TimeManagerTest" assertions="2" time="0.000093"/>
        <testcase name="testConstructorWithInvalidDate" file="C:\xampp\htdocs\ypopsi\tests\unit\tools\TimeManagerTest.php" line="24" class="TimeManagerTest" classname="TimeManagerTest" assertions="2" time="0.002506"/>
        <testcase name="testGetDate" file="C:\xampp\htdocs\ypopsi\tests\unit\tools\TimeManagerTest.php" line="53" class="TimeManagerTest" classname="TimeManagerTest" assertions="1" time="0.000100"/>
        <testcase name="testGetTimestamp" file="C:\xampp\htdocs\ypopsi\tests\unit\tools\TimeManagerTest.php" line="63" class="TimeManagerTest" classname="TimeManagerTest" assertions="1" time="0.000091"/>
      </testsuite>
    </testsuite>
  </testsuite>
</testsuites>
